[0m[1maws_iam_policy.ec2-ssm-policy: Creating...[0m[0m
[0m[1maws_iam_role.iam_role_adwriter: Creating...[0m[0m
[0m[1maws_directory_service_directory.my_simplead: Creating...[0m[0m
[0m[1maws_iam_role.ec2-ssm-role: Creating...[0m[0m
[0m[1maws_iam_role.iam_role_adwriter: Creation complete after 0s [id=IAM_ROLE_ADWRITER][0m[0m
[0m[1maws_iam_role_policy.policy_allow_all_ssm: Creating...[0m[0m
[0m[1maws_iam_instance_profile.instance_profile_adwriter: Creating...[0m[0m
[0m[1maws_iam_role.ec2-ssm-role: Creation complete after 0s [id=samba-domain-role][0m[0m
[0m[1maws_iam_instance_profile.ec2-ssm-role-profile: Creating...[0m[0m
[0m[1maws_iam_policy.ec2-ssm-policy: Creation complete after 0s [id=arn:aws:iam::022705868532:policy/samba-domain-policy][0m[0m
[0m[1maws_iam_role_policy_attachment.ec2-ssm-role-policy: Creating...[0m[0m
[0m[1maws_iam_role_policy.policy_allow_all_ssm: Creation complete after 1s [id=IAM_ROLE_ADWRITER:IAM_POLICY_ALLOW_ALL_SSM][0m[0m
[0m[1maws_iam_role_policy_attachment.ec2-ssm-role-policy: Creation complete after 1s [id=samba-domain-role-20200228202344473200000001][0m[0m
[0m[1maws_iam_instance_profile.instance_profile_adwriter: Creation complete after 1s [id=INSTANCE_PROFILE_ADWRITER][0m[0m
[0m[1maws_iam_instance_profile.ec2-ssm-role-profile: Creation complete after 1s [id=samba-domain-role-profile][0m[0m
[0m[1maws_directory_service_directory.my_simplead: Still creating... [10s elapsed][0m[0m
[0m[1maws_directory_service_directory.my_simplead: Still creating... [20s elapsed][0m[0m
[0m[1maws_directory_service_directory.my_simplead: Still creating... [30s elapsed][0m[0m
[0m[1maws_directory_service_directory.my_simplead: Still creating... [40s elapsed][0m[0m
[0m[1maws_directory_service_directory.my_simplead: Still creating... [50s elapsed][0m[0m
[0m[1maws_directory_service_directory.my_simplead: Still creating... [1m0s elapsed][0m[0m
[0m[1maws_directory_service_directory.my_simplead: Still creating... [1m10s elapsed][0m[0m
[0m[1maws_directory_service_directory.my_simplead: Still creating... [1m20s elapsed][0m[0m
[0m[1maws_directory_service_directory.my_simplead: Still creating... [1m30s elapsed][0m[0m
[0m[1maws_directory_service_directory.my_simplead: Still creating... [1m40s elapsed][0m[0m
[0m[1maws_directory_service_directory.my_simplead: Still creating... [1m50s elapsed][0m[0m
[0m[1maws_directory_service_directory.my_simplead: Still creating... [2m0s elapsed][0m[0m
[0m[1maws_directory_service_directory.my_simplead: Still creating... [2m10s elapsed][0m[0m
[0m[1maws_directory_service_directory.my_simplead: Still creating... [2m20s elapsed][0m[0m
[0m[1maws_directory_service_directory.my_simplead: Still creating... [2m30s elapsed][0m[0m
[0m[1maws_directory_service_directory.my_simplead: Still creating... [2m40s elapsed][0m[0m
[0m[1maws_directory_service_directory.my_simplead: Still creating... [2m50s elapsed][0m[0m
[0m[1maws_directory_service_directory.my_simplead: Still creating... [3m0s elapsed][0m[0m
[0m[1maws_directory_service_directory.my_simplead: Still creating... [3m10s elapsed][0m[0m
[0m[1maws_directory_service_directory.my_simplead: Still creating... [3m20s elapsed][0m[0m
[0m[1maws_directory_service_directory.my_simplead: Still creating... [3m30s elapsed][0m[0m
[0m[1maws_directory_service_directory.my_simplead: Still creating... [3m40s elapsed][0m[0m
[0m[1maws_directory_service_directory.my_simplead: Still creating... [3m50s elapsed][0m[0m
[0m[1maws_directory_service_directory.my_simplead: Still creating... [4m0s elapsed][0m[0m
[0m[1maws_directory_service_directory.my_simplead: Still creating... [4m10s elapsed][0m[0m
[0m[1maws_directory_service_directory.my_simplead: Creation complete after 4m17s [id=d-906771c7cc][0m[0m
[0m[1mdata.template_file.win-server: Refreshing state...[0m
[0m[1maws_ssm_document.myapp_dir_default_doc: Creating...[0m[0m
[0m[1maws_instance.vm_adwriter: Creating...[0m[0m
[0m[1maws_ssm_document.myapp_dir_default_doc: Creation complete after 6s [id=symphonymain-ssm-document][0m[0m
[0m[1maws_instance.vm_adwriter: Still creating... [10s elapsed][0m[0m
[0m[1maws_instance.vm_adwriter: Still creating... [20s elapsed][0m[0m
[0m[1maws_instance.vm_adwriter: Creation complete after 24s [id=i-0a27b853e6c2a97a9][0m[0m
[0m[1maws_ssm_association.myapp_adwriter: Creating...[0m[0m
[0m[1maws_ssm_association.myapp_adwriter: Creation complete after 0s [id=487c1fe4-8794-425f-a307-b59bdda23645][0m[0m
[0m[1m[32m
Apply complete! Resources: 11 added, 0 changed, 0 destroyed.[0m
