[0m[1mdata.aws_alb.maintenance_alb: Refreshing state...[0m
[0m[1mdata.aws_lb.my_nlb: Refreshing state...[0m
[0m[1mdata.aws_route53_zone.my_hosted_zone: Refreshing state...[0m
[0m[1maws_route53_health_check.albhealthcheck: Creating...[0m[0m
[0m[1maws_route53_health_check.maintenancepagehealthcheck: Creating...[0m[0m
[0m[1maws_route53_health_check.maintenancepagehealthcheck: Creation complete after 0s [id=d01cf6ed-1a30-47d3-a2c2-cd4944f3778e][0m[0m
[0m[1maws_route53_health_check.albhealthcheck: Creation complete after 0s [id=3974d938-f7be-44a4-8070-d9ee57ef9159][0m[0m
[0m[1maws_route53_record.main-standby: Creating...[0m[0m
[0m[1maws_route53_record.f5_main[0]: Creating...[0m[0m
[0m[1maws_route53_record.f5-main-standby: Creating...[0m[0m
[0m[1maws_route53_record.main[0]: Creating...[0m[0m
[0m[1maws_route53_record.main-standby: Still creating... [10s elapsed][0m[0m
[0m[1maws_route53_record.f5-main-standby: Still creating... [10s elapsed][0m[0m
[0m[1maws_route53_record.f5_main[0]: Still creating... [10s elapsed][0m[0m
[0m[1maws_route53_record.main[0]: Still creating... [10s elapsed][0m[0m
[0m[1maws_route53_record.main-standby: Still creating... [20s elapsed][0m[0m
[0m[1maws_route53_record.f5-main-standby: Still creating... [20s elapsed][0m[0m
[0m[1maws_route53_record.f5_main[0]: Still creating... [20s elapsed][0m[0m
[0m[1maws_route53_record.main[0]: Still creating... [20s elapsed][0m[0m
[0m[1maws_route53_record.main-standby: Still creating... [30s elapsed][0m[0m
[0m[1maws_route53_record.f5_main[0]: Still creating... [30s elapsed][0m[0m
[0m[1maws_route53_record.f5-main-standby: Still creating... [30s elapsed][0m[0m
[0m[1maws_route53_record.main[0]: Still creating... [30s elapsed][0m[0m
[0m[1maws_route53_record.main[0]: Creation complete after 31s [id=Z1H753EIYLU71_bcbsks_A_bcbsks-Primary][0m[0m
[0m[1maws_route53_record.f5-main-standby: Creation complete after 32s [id=Z1H753EIYLU71_f5-bcbsks_A_f5-bcbsks-Secondary][0m[0m
[0m[1maws_route53_record.main-standby: Creation complete after 32s [id=Z1H753EIYLU71_bcbsks_A_bcbsks-Secondary][0m[0m
[0m[1maws_route53_record.f5_main[0]: Creation complete after 32s [id=Z1H753EIYLU71_f5-bcbsks_A_f5-bcbsks-Primary][0m[0m
[0m[1m[32m
Apply complete! Resources: 6 added, 0 changed, 0 destroyed.[0m
