[0m[1maws_elasticache_subnet_group.symkanecprd: Creating...[0m[0m
[0m[1maws_security_group.symkanecprd: Creating...[0m[0m
[0m[1maws_elasticache_subnet_group.symkanecprd: Creation complete after 1s [id=symkanecprd-subnet-group][0m[0m
[0m[1maws_security_group.symkanecprd: Creation complete after 2s [id=sg-04aba1dbdee0db2bf][0m[0m
[0m[1maws_elasticache_replication_group.symkanecprd: Creating...[0m[0m
[0m[1maws_elasticache_replication_group.symkanecprd: Still creating... [10s elapsed][0m[0m
[0m[1maws_elasticache_replication_group.symkanecprd: Still creating... [20s elapsed][0m[0m
[0m[1maws_elasticache_replication_group.symkanecprd: Still creating... [30s elapsed][0m[0m
[0m[1maws_elasticache_replication_group.symkanecprd: Still creating... [40s elapsed][0m[0m
[0m[1maws_elasticache_replication_group.symkanecprd: Still creating... [50s elapsed][0m[0m
[0m[1maws_elasticache_replication_group.symkanecprd: Still creating... [1m0s elapsed][0m[0m
[0m[1maws_elasticache_replication_group.symkanecprd: Still creating... [1m10s elapsed][0m[0m
[0m[1maws_elasticache_replication_group.symkanecprd: Still creating... [1m20s elapsed][0m[0m
[0m[1maws_elasticache_replication_group.symkanecprd: Still creating... [1m30s elapsed][0m[0m
[0m[1maws_elasticache_replication_group.symkanecprd: Still creating... [1m40s elapsed][0m[0m
[0m[1maws_elasticache_replication_group.symkanecprd: Still creating... [1m50s elapsed][0m[0m
[0m[1maws_elasticache_replication_group.symkanecprd: Still creating... [2m0s elapsed][0m[0m
[0m[1maws_elasticache_replication_group.symkanecprd: Still creating... [2m10s elapsed][0m[0m
[0m[1maws_elasticache_replication_group.symkanecprd: Still creating... [2m20s elapsed][0m[0m
[0m[1maws_elasticache_replication_group.symkanecprd: Still creating... [2m30s elapsed][0m[0m
[0m[1maws_elasticache_replication_group.symkanecprd: Still creating... [2m40s elapsed][0m[0m
[0m[1maws_elasticache_replication_group.symkanecprd: Still creating... [2m50s elapsed][0m[0m
[0m[1maws_elasticache_replication_group.symkanecprd: Still creating... [3m0s elapsed][0m[0m
[0m[1maws_elasticache_replication_group.symkanecprd: Still creating... [3m10s elapsed][0m[0m
[0m[1maws_elasticache_replication_group.symkanecprd: Still creating... [3m20s elapsed][0m[0m
[0m[1maws_elasticache_replication_group.symkanecprd: Still creating... [3m30s elapsed][0m[0m
[0m[1maws_elasticache_replication_group.symkanecprd: Still creating... [3m40s elapsed][0m[0m
[0m[1maws_elasticache_replication_group.symkanecprd: Still creating... [3m50s elapsed][0m[0m
[0m[1maws_elasticache_replication_group.symkanecprd: Still creating... [4m0s elapsed][0m[0m
[0m[1maws_elasticache_replication_group.symkanecprd: Still creating... [4m10s elapsed][0m[0m
[0m[1maws_elasticache_replication_group.symkanecprd: Still creating... [4m20s elapsed][0m[0m
[0m[1maws_elasticache_replication_group.symkanecprd: Still creating... [4m30s elapsed][0m[0m
[0m[1maws_elasticache_replication_group.symkanecprd: Still creating... [4m40s elapsed][0m[0m
[0m[1maws_elasticache_replication_group.symkanecprd: Still creating... [4m50s elapsed][0m[0m
[0m[1maws_elasticache_replication_group.symkanecprd: Still creating... [5m0s elapsed][0m[0m
[0m[1maws_elasticache_replication_group.symkanecprd: Still creating... [5m10s elapsed][0m[0m
[0m[1maws_elasticache_replication_group.symkanecprd: Still creating... [5m20s elapsed][0m[0m
[0m[1maws_elasticache_replication_group.symkanecprd: Still creating... [5m30s elapsed][0m[0m
[0m[1maws_elasticache_replication_group.symkanecprd: Still creating... [5m40s elapsed][0m[0m
[0m[1maws_elasticache_replication_group.symkanecprd: Still creating... [5m50s elapsed][0m[0m
[0m[1maws_elasticache_replication_group.symkanecprd: Still creating... [6m0s elapsed][0m[0m
[0m[1maws_elasticache_replication_group.symkanecprd: Still creating... [6m10s elapsed][0m[0m
[0m[1maws_elasticache_replication_group.symkanecprd: Still creating... [6m20s elapsed][0m[0m
[0m[1maws_elasticache_replication_group.symkanecprd: Still creating... [6m30s elapsed][0m[0m
[0m[1maws_elasticache_replication_group.symkanecprd: Still creating... [6m40s elapsed][0m[0m
[0m[1maws_elasticache_replication_group.symkanecprd: Still creating... [6m50s elapsed][0m[0m
[0m[1maws_elasticache_replication_group.symkanecprd: Still creating... [7m0s elapsed][0m[0m
[0m[1maws_elasticache_replication_group.symkanecprd: Still creating... [7m10s elapsed][0m[0m
[0m[1maws_elasticache_replication_group.symkanecprd: Still creating... [7m20s elapsed][0m[0m
[0m[1maws_elasticache_replication_group.symkanecprd: Still creating... [7m30s elapsed][0m[0m
[0m[1maws_elasticache_replication_group.symkanecprd: Still creating... [7m40s elapsed][0m[0m
[0m[1maws_elasticache_replication_group.symkanecprd: Still creating... [7m50s elapsed][0m[0m
[0m[1maws_elasticache_replication_group.symkanecprd: Still creating... [8m0s elapsed][0m[0m
[0m[1maws_elasticache_replication_group.symkanecprd: Still creating... [8m10s elapsed][0m[0m
[0m[1maws_elasticache_replication_group.symkanecprd: Still creating... [8m20s elapsed][0m[0m
[0m[1maws_elasticache_replication_group.symkanecprd: Still creating... [8m30s elapsed][0m[0m
[0m[1maws_elasticache_replication_group.symkanecprd: Still creating... [8m40s elapsed][0m[0m
[0m[1maws_elasticache_replication_group.symkanecprd: Still creating... [8m50s elapsed][0m[0m
[0m[1maws_elasticache_replication_group.symkanecprd: Creation complete after 8m53s [id=symkanecprd-replication-group][0m[0m
[0m[1maws_elasticache_cluster.symkanecprd[0]: Creating...[0m[0m
[0m[1maws_elasticache_cluster.symkanecprd[0]: Still creating... [10s elapsed][0m[0m
[0m[1maws_elasticache_cluster.symkanecprd[0]: Still creating... [20s elapsed][0m[0m
[0m[1maws_elasticache_cluster.symkanecprd[0]: Still creating... [30s elapsed][0m[0m
[0m[1maws_elasticache_cluster.symkanecprd[0]: Still creating... [40s elapsed][0m[0m
[0m[1maws_elasticache_cluster.symkanecprd[0]: Still creating... [50s elapsed][0m[0m
[0m[1maws_elasticache_cluster.symkanecprd[0]: Still creating... [1m0s elapsed][0m[0m
[0m[1maws_elasticache_cluster.symkanecprd[0]: Still creating... [1m10s elapsed][0m[0m
[0m[1maws_elasticache_cluster.symkanecprd[0]: Still creating... [1m20s elapsed][0m[0m
[0m[1maws_elasticache_cluster.symkanecprd[0]: Still creating... [1m30s elapsed][0m[0m
[0m[1maws_elasticache_cluster.symkanecprd[0]: Still creating... [1m40s elapsed][0m[0m
[0m[1maws_elasticache_cluster.symkanecprd[0]: Still creating... [1m50s elapsed][0m[0m
[0m[1maws_elasticache_cluster.symkanecprd[0]: Still creating... [2m0s elapsed][0m[0m
[0m[1maws_elasticache_cluster.symkanecprd[0]: Still creating... [2m10s elapsed][0m[0m
[0m[1maws_elasticache_cluster.symkanecprd[0]: Still creating... [2m20s elapsed][0m[0m
[0m[1maws_elasticache_cluster.symkanecprd[0]: Still creating... [2m30s elapsed][0m[0m
[0m[1maws_elasticache_cluster.symkanecprd[0]: Still creating... [2m40s elapsed][0m[0m
[0m[1maws_elasticache_cluster.symkanecprd[0]: Still creating... [2m50s elapsed][0m[0m
[0m[1maws_elasticache_cluster.symkanecprd[0]: Still creating... [3m0s elapsed][0m[0m
[0m[1maws_elasticache_cluster.symkanecprd[0]: Still creating... [3m10s elapsed][0m[0m
[0m[1maws_elasticache_cluster.symkanecprd[0]: Still creating... [3m20s elapsed][0m[0m
[0m[1maws_elasticache_cluster.symkanecprd[0]: Still creating... [3m30s elapsed][0m[0m
[0m[1maws_elasticache_cluster.symkanecprd[0]: Still creating... [3m40s elapsed][0m[0m
[0m[1maws_elasticache_cluster.symkanecprd[0]: Still creating... [3m50s elapsed][0m[0m
[0m[1maws_elasticache_cluster.symkanecprd[0]: Still creating... [4m0s elapsed][0m[0m
[0m[1maws_elasticache_cluster.symkanecprd[0]: Still creating... [4m10s elapsed][0m[0m
[0m[1maws_elasticache_cluster.symkanecprd[0]: Still creating... [4m20s elapsed][0m[0m
[0m[1maws_elasticache_cluster.symkanecprd[0]: Still creating... [4m30s elapsed][0m[0m
[0m[1maws_elasticache_cluster.symkanecprd[0]: Still creating... [4m40s elapsed][0m[0m
[0m[1maws_elasticache_cluster.symkanecprd[0]: Still creating... [4m50s elapsed][0m[0m
[0m[1maws_elasticache_cluster.symkanecprd[0]: Creation complete after 4m56s [id=symkanecprd-0][0m[0m
[0m[1m[32m
Apply complete! Resources: 4 added, 0 changed, 0 destroyed.[0m
