[0m[1mdata.aws_iam_policy_document.site_policy: Refreshing state...[0m
[0m[1mdata.aws_vpc.vpc_id: Refreshing state...[0m
[0m[1mdata.aws_acm_certificate.clientdomain: Refreshing state...[0m
[0m[1mdata.aws_ami.amazon-linux-2: Refreshing state...[0m
[0m[1mdata.aws_subnet_ids.subnet_ids: Refreshing state...[0m
[0m[1maws_security_group.security_group: Creating...[0m[0m
[0m[1maws_s3_bucket.contentbucket: Creating...[0m[0m
[0m[1maws_security_group.security_group: Creation complete after 2s [id=sg-047f95aa1f13d6728][0m[0m
[0m[1maws_alb.aws_security_alb: Creating...[0m[0m
[0m[1maws_s3_bucket.contentbucket: Creation complete after 3s [id=symphony-kansas-maintenancepage][0m[0m
[0m[1mdata.template_file.userdata: Refreshing state...[0m
[0m[1maws_s3_bucket_object.uploadfiles["images/screwdriverblack.png"]: Creating...[0m[0m
[0m[1maws_s3_bucket_object.uploadfiles["maintenance.html"]: Creating...[0m[0m
[0m[1maws_s3_bucket_object.uploadfiles["css/default.css"]: Creating...[0m[0m
[0m[1maws_s3_bucket_object.uploadfiles["images/logo.png"]: Creating...[0m[0m
[0m[1maws_launch_configuration.launchlinux: Creating...[0m[0m
[0m[1maws_s3_bucket_object.uploadfiles["images/login-img.jpg"]: Creating...[0m[0m
[0m[1maws_s3_bucket_object.uploadfiles["images/screwdriverblack128.png"]: Creating...[0m[0m
[0m[1maws_s3_bucket_object.uploadfiles["images/screwdriverblack128.png"]: Creation complete after 1s [id=images/screwdriverblack128.png][0m[0m
[0m[1maws_s3_bucket_object.uploadfiles["maintenance.html"]: Creation complete after 1s [id=maintenance.html][0m[0m
[0m[1maws_s3_bucket_object.uploadfiles["images/logo.png"]: Creation complete after 1s [id=images/logo.png][0m[0m
[0m[1maws_s3_bucket_object.uploadfiles["css/default.css"]: Creation complete after 1s [id=css/default.css][0m[0m
[0m[1maws_s3_bucket_object.uploadfiles["images/login-img.jpg"]: Creation complete after 1s [id=images/login-img.jpg][0m[0m
[0m[1maws_s3_bucket_object.uploadfiles["images/screwdriverblack.png"]: Creation complete after 1s [id=images/screwdriverblack.png][0m[0m
[0m[1maws_launch_configuration.launchlinux: Creation complete after 1s [id=Symphony_MaintenancePage_Linux_LC][0m[0m
[0m[1maws_alb.aws_security_alb: Still creating... [10s elapsed][0m[0m
[0m[1maws_alb.aws_security_alb: Still creating... [20s elapsed][0m[0m
[0m[1maws_alb.aws_security_alb: Still creating... [30s elapsed][0m[0m
[0m[1maws_alb.aws_security_alb: Still creating... [40s elapsed][0m[0m
[0m[1maws_alb.aws_security_alb: Still creating... [50s elapsed][0m[0m
[0m[1maws_alb.aws_security_alb: Still creating... [1m0s elapsed][0m[0m
[0m[1maws_alb.aws_security_alb: Still creating... [1m10s elapsed][0m[0m
[0m[1maws_alb.aws_security_alb: Still creating... [1m20s elapsed][0m[0m
[0m[1maws_alb.aws_security_alb: Still creating... [1m30s elapsed][0m[0m
[0m[1maws_alb.aws_security_alb: Still creating... [1m40s elapsed][0m[0m
[0m[1maws_alb.aws_security_alb: Still creating... [1m50s elapsed][0m[0m
[0m[1maws_alb.aws_security_alb: Still creating... [2m0s elapsed][0m[0m
[0m[1maws_alb.aws_security_alb: Still creating... [2m10s elapsed][0m[0m
[0m[1maws_alb.aws_security_alb: Still creating... [2m20s elapsed][0m[0m
[0m[1maws_alb.aws_security_alb: Still creating... [2m30s elapsed][0m[0m
[0m[1maws_alb.aws_security_alb: Still creating... [2m40s elapsed][0m[0m
[0m[1maws_alb.aws_security_alb: Still creating... [2m50s elapsed][0m[0m
[0m[1maws_alb.aws_security_alb: Still creating... [3m0s elapsed][0m[0m
[0m[1maws_alb.aws_security_alb: Still creating... [3m10s elapsed][0m[0m
[0m[1maws_alb.aws_security_alb: Still creating... [3m20s elapsed][0m[0m
[0m[1maws_alb.aws_security_alb: Creation complete after 3m22s [id=arn:aws:elasticloadbalancing:us-east-1:945116902499:loadbalancer/app/Symphony-MaintenancePage-ALB/ac7d401197251ffc][0m[0m
[0m[1maws_alb_listener.httptohttps: Creating...[0m[0m
[0m[1maws_alb_target_group.security-group: Creating...[0m[0m
[0m[1maws_alb_listener.httptohttps: Creation complete after 0s [id=arn:aws:elasticloadbalancing:us-east-1:945116902499:listener/app/Symphony-MaintenancePage-ALB/ac7d401197251ffc/c0443061c9586982][0m[0m
[0m[1maws_alb_target_group.security-group: Creation complete after 1s [id=arn:aws:elasticloadbalancing:us-east-1:945116902499:targetgroup/Symphony-MaintenancePage-TG/ae2478299d934a36][0m[0m
[0m[1maws_alb_listener.front_end: Creating...[0m[0m
[0m[1maws_autoscaling_group.linuxservers: Creating...[0m[0m
[0m[1maws_alb_listener.front_end: Creation complete after 1s [id=arn:aws:elasticloadbalancing:us-east-1:945116902499:listener/app/Symphony-MaintenancePage-ALB/ac7d401197251ffc/967a81334a01fcbd][0m[0m
[0m[1maws_autoscaling_group.linuxservers: Still creating... [10s elapsed][0m[0m
[0m[1maws_autoscaling_group.linuxservers: Still creating... [20s elapsed][0m[0m
[0m[1maws_autoscaling_group.linuxservers: Still creating... [30s elapsed][0m[0m
[0m[1maws_autoscaling_group.linuxservers: Still creating... [40s elapsed][0m[0m
[0m[1maws_autoscaling_group.linuxservers: Creation complete after 48s [id=Symphony_MaintenancePage_Linux_ASG][0m[0m
[0m[1maws_autoscaling_attachment.asg_attachment_alb: Creating...[0m[0m
[0m[1maws_autoscaling_policy.linuxautopolicy: Creating...[0m[0m
[0m[1maws_autoscaling_attachment.asg_attachment_alb: Creation complete after 0s [id=Symphony_MaintenancePage_Linux_ASG-20200415051350802400000001][0m[0m
[0m[1maws_autoscaling_policy.linuxautopolicy: Creation complete after 0s [id=Symphony_MaintenancePage_Linux_ASGP][0m[0m
[0m[1m[32m
Apply complete! Resources: 16 added, 0 changed, 0 destroyed.[0m
[0m[1m[32m
Outputs:

alb_dns_name = aws_alb.aws_security_alb.dns_name[0m
