[0m[1maws_sns_topic.usage_notifications: Creating...[0m[0m
[0m[1maws_sns_topic.usage_notifications: Creation complete after 0s [id=arn:aws:sns:us-east-1:945116902499:usage-notifications-symphony][0m[0m
[0m[1mnull_resource.sns_subscribe[1]: Creating...[0m[0m
[0m[1mnull_resource.sns_subscribe[0]: Creating...[0m[0m
[0m[1mnull_resource.sns_subscribe[1]: Provisioning with 'local-exec'...[0m[0m
[0m[1mnull_resource.sns_subscribe[0]: Provisioning with 'local-exec'...[0m[0m
[0m[1mnull_resource.sns_subscribe[2]: Creating...[0m[0m
[0m[1mnull_resource.sns_subscribe[3]: Creating...[0m[0m
[0m[1mnull_resource.sns_subscribe[2]: Provisioning with 'local-exec'...[0m[0m
[0m[0mnull_resource.sns_subscribe[2] (local-exec): Executing: ["/bin/sh" "-c" "aws sns subscribe --topic-arn arn:aws:sns:us-east-1:945116902499:usage-notifications-symphony --protocol email --notification-endpoint Michael.Barron@advantasure.com"]
[0m[0mnull_resource.sns_subscribe[0] (local-exec): Executing: ["/bin/sh" "-c" "aws sns subscribe --topic-arn arn:aws:sns:us-east-1:945116902499:usage-notifications-symphony --protocol email --notification-endpoint EHIAWSSUPPORT@hcl.com"]
[0m[0mnull_resource.sns_subscribe[1] (local-exec): Executing: ["/bin/sh" "-c" "aws sns subscribe --topic-arn arn:aws:sns:us-east-1:945116902499:usage-notifications-symphony --protocol email --notification-endpoint michael.lindskov@emergentholdingsinc.com"]
[0m[1mnull_resource.sns_subscribe[3]: Provisioning with 'local-exec'...[0m[0m
[0m[0mnull_resource.sns_subscribe[3] (local-exec): Executing: ["/bin/sh" "-c" "aws sns subscribe --topic-arn arn:aws:sns:us-east-1:945116902499:usage-notifications-symphony --protocol email --notification-endpoint symphony-error-notify-prod@advantasure.com"]
[0m[0mnull_resource.sns_subscribe[2] (local-exec): {
[0m[0mnull_resource.sns_subscribe[2] (local-exec):     "SubscriptionArn": "pending confirmation"
[0m[0mnull_resource.sns_subscribe[2] (local-exec): }
[0m[0mnull_resource.sns_subscribe[3] (local-exec): {
[0m[0mnull_resource.sns_subscribe[3] (local-exec):     "SubscriptionArn": "pending confirmation"
[0m[0mnull_resource.sns_subscribe[3] (local-exec): }
[0m[0mnull_resource.sns_subscribe[0] (local-exec): {
[0m[0mnull_resource.sns_subscribe[0] (local-exec):     "SubscriptionArn": "pending confirmation"
[0m[0mnull_resource.sns_subscribe[0] (local-exec): }
[0m[1mnull_resource.sns_subscribe[2]: Creation complete after 1s [id=8552188962847857123][0m[0m
[0m[1mnull_resource.sns_subscribe[3]: Creation complete after 1s [id=3633572556707775233][0m[0m
[0m[0mnull_resource.sns_subscribe[1] (local-exec): {
[0m[0mnull_resource.sns_subscribe[1] (local-exec):     "SubscriptionArn": "pending confirmation"
[0m[0mnull_resource.sns_subscribe[1] (local-exec): }
[0m[1mnull_resource.sns_subscribe[0]: Creation complete after 1s [id=8711379565024471034][0m[0m
[0m[1mnull_resource.sns_subscribe[1]: Creation complete after 1s [id=5356855311888193387][0m[0m
[0m[1m[32m
Apply complete! Resources: 5 added, 0 changed, 0 destroyed.[0m
