[0m[1maws_security_group.symkanesprd: Creating...[0m[0m
[0m[1maws_security_group.symkanesprd: Creation complete after 1s [id=sg-0899dd50abf2d922d][0m[0m
[0m[1maws_elasticsearch_domain.symkanesprd: Creating...[0m[0m
[0m[1maws_elasticsearch_domain.symkanesprd: Still creating... [10s elapsed][0m[0m
[0m[1maws_elasticsearch_domain.symkanesprd: Still creating... [20s elapsed][0m[0m
[0m[1maws_elasticsearch_domain.symkanesprd: Still creating... [30s elapsed][0m[0m
[0m[1maws_elasticsearch_domain.symkanesprd: Still creating... [40s elapsed][0m[0m
[0m[1maws_elasticsearch_domain.symkanesprd: Still creating... [50s elapsed][0m[0m
[0m[1maws_elasticsearch_domain.symkanesprd: Still creating... [1m0s elapsed][0m[0m
[0m[1maws_elasticsearch_domain.symkanesprd: Still creating... [1m10s elapsed][0m[0m
[0m[1maws_elasticsearch_domain.symkanesprd: Still creating... [1m20s elapsed][0m[0m
[0m[1maws_elasticsearch_domain.symkanesprd: Still creating... [1m30s elapsed][0m[0m
[0m[1maws_elasticsearch_domain.symkanesprd: Still creating... [1m40s elapsed][0m[0m
[0m[1maws_elasticsearch_domain.symkanesprd: Still creating... [1m50s elapsed][0m[0m
[0m[1maws_elasticsearch_domain.symkanesprd: Still creating... [2m0s elapsed][0m[0m
[0m[1maws_elasticsearch_domain.symkanesprd: Still creating... [2m10s elapsed][0m[0m
[0m[1maws_elasticsearch_domain.symkanesprd: Still creating... [2m20s elapsed][0m[0m
[0m[1maws_elasticsearch_domain.symkanesprd: Still creating... [2m30s elapsed][0m[0m
[0m[1maws_elasticsearch_domain.symkanesprd: Still creating... [2m40s elapsed][0m[0m
[0m[1maws_elasticsearch_domain.symkanesprd: Still creating... [2m50s elapsed][0m[0m
[0m[1maws_elasticsearch_domain.symkanesprd: Still creating... [3m0s elapsed][0m[0m
[0m[1maws_elasticsearch_domain.symkanesprd: Still creating... [3m10s elapsed][0m[0m
[0m[1maws_elasticsearch_domain.symkanesprd: Still creating... [3m20s elapsed][0m[0m
[0m[1maws_elasticsearch_domain.symkanesprd: Still creating... [3m30s elapsed][0m[0m
[0m[1maws_elasticsearch_domain.symkanesprd: Still creating... [3m40s elapsed][0m[0m
[0m[1maws_elasticsearch_domain.symkanesprd: Still creating... [3m50s elapsed][0m[0m
[0m[1maws_elasticsearch_domain.symkanesprd: Still creating... [4m0s elapsed][0m[0m
[0m[1maws_elasticsearch_domain.symkanesprd: Still creating... [4m10s elapsed][0m[0m
[0m[1maws_elasticsearch_domain.symkanesprd: Still creating... [4m20s elapsed][0m[0m
[0m[1maws_elasticsearch_domain.symkanesprd: Still creating... [4m30s elapsed][0m[0m
[0m[1maws_elasticsearch_domain.symkanesprd: Still creating... [4m40s elapsed][0m[0m
[0m[1maws_elasticsearch_domain.symkanesprd: Still creating... [4m50s elapsed][0m[0m
[0m[1maws_elasticsearch_domain.symkanesprd: Still creating... [5m0s elapsed][0m[0m
[0m[1maws_elasticsearch_domain.symkanesprd: Still creating... [5m10s elapsed][0m[0m
[0m[1maws_elasticsearch_domain.symkanesprd: Still creating... [5m20s elapsed][0m[0m
[0m[1maws_elasticsearch_domain.symkanesprd: Still creating... [5m30s elapsed][0m[0m
[0m[1maws_elasticsearch_domain.symkanesprd: Still creating... [5m40s elapsed][0m[0m
[0m[1maws_elasticsearch_domain.symkanesprd: Still creating... [5m50s elapsed][0m[0m
[0m[1maws_elasticsearch_domain.symkanesprd: Still creating... [6m0s elapsed][0m[0m
[0m[1maws_elasticsearch_domain.symkanesprd: Still creating... [6m10s elapsed][0m[0m
[0m[1maws_elasticsearch_domain.symkanesprd: Still creating... [6m20s elapsed][0m[0m
[0m[1maws_elasticsearch_domain.symkanesprd: Still creating... [6m30s elapsed][0m[0m
[0m[1maws_elasticsearch_domain.symkanesprd: Still creating... [6m40s elapsed][0m[0m
[0m[1maws_elasticsearch_domain.symkanesprd: Still creating... [6m50s elapsed][0m[0m
[0m[1maws_elasticsearch_domain.symkanesprd: Still creating... [7m0s elapsed][0m[0m
[0m[1maws_elasticsearch_domain.symkanesprd: Still creating... [7m10s elapsed][0m[0m
[0m[1maws_elasticsearch_domain.symkanesprd: Still creating... [7m20s elapsed][0m[0m
[0m[1maws_elasticsearch_domain.symkanesprd: Still creating... [7m30s elapsed][0m[0m
[0m[1maws_elasticsearch_domain.symkanesprd: Still creating... [7m40s elapsed][0m[0m
[0m[1maws_elasticsearch_domain.symkanesprd: Still creating... [7m50s elapsed][0m[0m
[0m[1maws_elasticsearch_domain.symkanesprd: Still creating... [8m0s elapsed][0m[0m
[0m[1maws_elasticsearch_domain.symkanesprd: Still creating... [8m10s elapsed][0m[0m
[0m[1maws_elasticsearch_domain.symkanesprd: Still creating... [8m20s elapsed][0m[0m
[0m[1maws_elasticsearch_domain.symkanesprd: Still creating... [8m30s elapsed][0m[0m
[0m[1maws_elasticsearch_domain.symkanesprd: Still creating... [8m40s elapsed][0m[0m
[0m[1maws_elasticsearch_domain.symkanesprd: Still creating... [8m50s elapsed][0m[0m
[0m[1maws_elasticsearch_domain.symkanesprd: Still creating... [9m0s elapsed][0m[0m
[0m[1maws_elasticsearch_domain.symkanesprd: Still creating... [9m10s elapsed][0m[0m
[0m[1maws_elasticsearch_domain.symkanesprd: Still creating... [9m20s elapsed][0m[0m
[0m[1maws_elasticsearch_domain.symkanesprd: Still creating... [9m30s elapsed][0m[0m
[0m[1maws_elasticsearch_domain.symkanesprd: Still creating... [9m40s elapsed][0m[0m
[0m[1maws_elasticsearch_domain.symkanesprd: Still creating... [9m50s elapsed][0m[0m
[0m[1maws_elasticsearch_domain.symkanesprd: Still creating... [10m0s elapsed][0m[0m
[0m[1maws_elasticsearch_domain.symkanesprd: Still creating... [10m10s elapsed][0m[0m
[0m[1maws_elasticsearch_domain.symkanesprd: Still creating... [10m20s elapsed][0m[0m
[0m[1maws_elasticsearch_domain.symkanesprd: Still creating... [10m30s elapsed][0m[0m
[0m[1maws_elasticsearch_domain.symkanesprd: Still creating... [10m40s elapsed][0m[0m
[0m[1maws_elasticsearch_domain.symkanesprd: Still creating... [10m50s elapsed][0m[0m
[0m[1maws_elasticsearch_domain.symkanesprd: Still creating... [11m0s elapsed][0m[0m
[0m[1maws_elasticsearch_domain.symkanesprd: Still creating... [11m10s elapsed][0m[0m
[0m[1maws_elasticsearch_domain.symkanesprd: Still creating... [11m20s elapsed][0m[0m
[0m[1maws_elasticsearch_domain.symkanesprd: Still creating... [11m30s elapsed][0m[0m
[0m[1maws_elasticsearch_domain.symkanesprd: Still creating... [11m40s elapsed][0m[0m
[0m[1maws_elasticsearch_domain.symkanesprd: Still creating... [11m50s elapsed][0m[0m
[0m[1maws_elasticsearch_domain.symkanesprd: Still creating... [12m0s elapsed][0m[0m
[0m[1maws_elasticsearch_domain.symkanesprd: Still creating... [12m10s elapsed][0m[0m
[0m[1maws_elasticsearch_domain.symkanesprd: Still creating... [12m20s elapsed][0m[0m
[0m[1maws_elasticsearch_domain.symkanesprd: Still creating... [12m30s elapsed][0m[0m
[0m[1maws_elasticsearch_domain.symkanesprd: Still creating... [12m40s elapsed][0m[0m
[0m[1maws_elasticsearch_domain.symkanesprd: Still creating... [12m50s elapsed][0m[0m
[0m[1maws_elasticsearch_domain.symkanesprd: Still creating... [13m0s elapsed][0m[0m
[0m[1maws_elasticsearch_domain.symkanesprd: Still creating... [13m10s elapsed][0m[0m
[0m[1maws_elasticsearch_domain.symkanesprd: Still creating... [13m20s elapsed][0m[0m
[0m[1maws_elasticsearch_domain.symkanesprd: Still creating... [13m30s elapsed][0m[0m
[0m[1maws_elasticsearch_domain.symkanesprd: Still creating... [13m40s elapsed][0m[0m
[0m[1maws_elasticsearch_domain.symkanesprd: Still creating... [13m50s elapsed][0m[0m
[0m[1maws_elasticsearch_domain.symkanesprd: Still creating... [14m0s elapsed][0m[0m
[0m[1maws_elasticsearch_domain.symkanesprd: Still creating... [14m10s elapsed][0m[0m
[0m[1maws_elasticsearch_domain.symkanesprd: Still creating... [14m20s elapsed][0m[0m
[0m[1maws_elasticsearch_domain.symkanesprd: Still creating... [14m30s elapsed][0m[0m
[0m[1maws_elasticsearch_domain.symkanesprd: Still creating... [14m40s elapsed][0m[0m
[0m[1maws_elasticsearch_domain.symkanesprd: Still creating... [14m50s elapsed][0m[0m
[0m[1maws_elasticsearch_domain.symkanesprd: Still creating... [15m0s elapsed][0m[0m
[0m[1maws_elasticsearch_domain.symkanesprd: Still creating... [15m10s elapsed][0m[0m
[0m[1maws_elasticsearch_domain.symkanesprd: Creation complete after 15m13s [id=arn:aws:es:us-east-1:945116902499:domain/symkanesprd][0m[0m
[0m[1m[32m
Apply complete! Resources: 2 added, 0 changed, 0 destroyed.[0m
