[0m[1mdata.template_file.ecs-tasks[3]: Refreshing state...[0m
[0m[1mdata.template_file.ecs-tasks[4]: Refreshing state...[0m
[0m[1mdata.template_file.ecs-tasks[0]: Refreshing state...[0m
[0m[1mdata.template_file.ecs-tasks[1]: Refreshing state...[0m
[0m[1mdata.template_file.ecs-tasks[2]: Refreshing state...[0m
[0m[1maws_sns_topic.usage_notifications: Refreshing state... [id=arn:aws:sns:us-east-1:945116902499:usage-notifications][0m
[0m[1maws_iam_role_policy_attachment.ecs-service-attach: Refreshing state... [id=ecs-service-role-20200406060406865300000001][0m
[0m[1mdata.aws_vpc.vpc_id: Refreshing state...[0m
[0m[1maws_ecs_task_definition.ecs_service[0]: Refreshing state... [id=Sym-Kan-PRD-Srv-auditevents][0m
[0m[1maws_ecs_task_definition.ecs_service[1]: Refreshing state... [id=Sym-Kan-PRD-Srv-cklscrawler][0m
[0m[1maws_ecs_task_definition.ecs_service[3]: Refreshing state... [id=Sym-Kan-PRD-Srv-esindexer][0m
[0m[1maws_ecs_task_definition.ecs_service[4]: Refreshing state... [id=Sym-Kan-PRD-Srv-jobs][0m
[0m[1maws_cloudwatch_log_group.ecs_service: Refreshing state... [id=/Sym-Kan-PRD-Srv/Sym-Kan-PRD-Srv_logs][0m
[0m[1maws_ecs_task_definition.ecs_service[2]: Refreshing state... [id=Sym-Kan-PRD-Srv-dataaudit][0m
[0m[1maws_ecs_cluster.ecs_cluster: Refreshing state... [id=arn:aws:ecs:us-east-1:945116902499:cluster/Sym-Kan-PRD-Srv][0m
[0m[1maws_iam_instance_profile.ecs-ec2-role: Refreshing state... [id=Sym-Kan-PRD-Srv-iam-instance-profile][0m
[0m[1mnull_resource.sns_subscribe[3]: Refreshing state... [id=2157902141750973842][0m
[0m[1maws_cloudwatch_metric_alarm.cpu_utilization[0]: Refreshing state... [id=Kansas-CPUmetrix][0m
[0m[1mnull_resource.sns_subscribe[0]: Refreshing state... [id=5345527585709009010][0m
[0m[1mnull_resource.sns_subscribe[1]: Refreshing state... [id=1836512699020273788][0m
[0m[1mnull_resource.sns_subscribe[2]: Refreshing state... [id=2473173672625877515][0m
[0m[1mdata.template_file.ecs-cluster: Refreshing state...[0m
[0m[1mdata.template_file.ecs-cluster-2: Refreshing state...[0m
[0m[1mdata.aws_subnet_ids.subnet_ids: Refreshing state...[0m
[0m[1maws_security_group.security_group: Refreshing state... [id=sg-0b84f6ec21b3fc834][0m
[0m[1maws_launch_configuration.ecs-cluster-lc-2[0]: Refreshing state... [id=Sym-Kan-PRD-Srv-lc-Windows20200406060422274300000003][0m
[0m[1maws_alb.aws_ecs_alb: Refreshing state... [id=arn:aws:elasticloadbalancing:us-east-1:945116902499:loadbalancer/app/Sym-Kan-PRD-Srv-ELB/6be2ac72b701a7f8][0m
[0m[1maws_launch_configuration.ecs-cluster-lc: Refreshing state... [id=Sym-Kan-PRD-Srv-lc-Linux20200406060422270800000002][0m
[0m[1maws_autoscaling_group.ecs-cluster: Refreshing state... [id=Sym-Kan-PRD-Srv_ASG_Linux][0m
[0m[1maws_autoscaling_group.ecs-cluster-2[0]: Refreshing state... [id=Sym-Kan-PRD-Srv_ASG_Windows][0m
[0m[1maws_lb_listener.httptohttps: Refreshing state... [id=arn:aws:elasticloadbalancing:us-east-1:945116902499:listener/app/Sym-Kan-PRD-Srv-ELB/6be2ac72b701a7f8/a5178e677cb2e7fa][0m
[0m[1maws_alb_target_group.ecs-group[3]: Refreshing state... [id=arn:aws:elasticloadbalancing:us-east-1:945116902499:targetgroup/Sym-Kan-PRD-Srv-esindexer/a0f1bea4ac5b8a92][0m
[0m[1maws_alb_target_group.ecs-group[2]: Refreshing state... [id=arn:aws:elasticloadbalancing:us-east-1:945116902499:targetgroup/Sym-Kan-PRD-Srv-dataaudit/4a8e1b655dc9fe16][0m
[0m[1maws_alb_target_group.ecs-group[0]: Refreshing state... [id=arn:aws:elasticloadbalancing:us-east-1:945116902499:targetgroup/Sym-Kan-PRD-Srv-auditevents/8cf6e861890bd807][0m
[0m[1maws_alb_target_group.ecs-group[4]: Refreshing state... [id=arn:aws:elasticloadbalancing:us-east-1:945116902499:targetgroup/Sym-Kan-PRD-Srv-jobs/4bc1447a035f33f2][0m
[0m[1maws_alb_target_group.ecs-group[1]: Refreshing state... [id=arn:aws:elasticloadbalancing:us-east-1:945116902499:targetgroup/Sym-Kan-PRD-Srv-cklscrawler/2c934fa82f8b8d2b][0m
[0m[1maws_autoscaling_notification.ecs_notification-2[0]: Refreshing state... [id=arn:aws:sns:us-east-1:945116902499:usage-notifications][0m
[0m[1maws_autoscaling_policy.ecs-cluster-2[0]: Refreshing state... [id=Sym-Kan-PRD-Srv_autoscaling_Windows][0m
[0m[1maws_alb_listener.front_end: Refreshing state... [id=arn:aws:elasticloadbalancing:us-east-1:945116902499:listener/app/Sym-Kan-PRD-Srv-ELB/6be2ac72b701a7f8/cf3d6b2f8ba447ae][0m
[0m[1maws_alb_listener_rule.listener_rule[1]: Refreshing state... [id=arn:aws:elasticloadbalancing:us-east-1:945116902499:listener-rule/app/Sym-Kan-PRD-Srv-ELB/6be2ac72b701a7f8/cf3d6b2f8ba447ae/0408070c39b12cad][0m
[0m[1maws_alb_listener_rule.listener_rule[0]: Refreshing state... [id=arn:aws:elasticloadbalancing:us-east-1:945116902499:listener-rule/app/Sym-Kan-PRD-Srv-ELB/6be2ac72b701a7f8/cf3d6b2f8ba447ae/0b0480431c0a03fd][0m
[0m[1maws_alb_listener_rule.listener_rule[2]: Refreshing state... [id=arn:aws:elasticloadbalancing:us-east-1:945116902499:listener-rule/app/Sym-Kan-PRD-Srv-ELB/6be2ac72b701a7f8/cf3d6b2f8ba447ae/8be6d4143f505155][0m
[0m[1maws_alb_listener_rule.listener_rule[3]: Refreshing state... [id=arn:aws:elasticloadbalancing:us-east-1:945116902499:listener-rule/app/Sym-Kan-PRD-Srv-ELB/6be2ac72b701a7f8/cf3d6b2f8ba447ae/906ac47112ecc6a1][0m
[0m[1maws_ecs_service.ecs_service[0]: Refreshing state... [id=arn:aws:ecs:us-east-1:945116902499:service/Sym-Kan-PRD-Srv-auditevents][0m
[0m[1maws_ecs_service.ecs_service[4]: Refreshing state... [id=arn:aws:ecs:us-east-1:945116902499:service/Sym-Kan-PRD-Srv-jobs][0m
[0m[1maws_ecs_service.ecs_service[2]: Refreshing state... [id=arn:aws:ecs:us-east-1:945116902499:service/Sym-Kan-PRD-Srv-dataaudit][0m
[0m[1maws_ecs_service.ecs_service[1]: Refreshing state... [id=arn:aws:ecs:us-east-1:945116902499:service/Sym-Kan-PRD-Srv-cklscrawler][0m
[0m[1maws_ecs_service.ecs_service[3]: Refreshing state... [id=arn:aws:ecs:us-east-1:945116902499:service/Sym-Kan-PRD-Srv-esindexer][0m
[0m[1maws_autoscaling_notification.ecs_notification: Refreshing state... [id=arn:aws:sns:us-east-1:945116902499:usage-notifications][0m
[0m[1maws_autoscaling_policy.ecs-cluster: Refreshing state... [id=Sym-Kan-PRD-Srv_autoscaling_Linux][0m
[0m[1mnull_resource.sns_subscribe[2]: Destroying... [id=2473173672625877515][0m[0m
[0m[1mnull_resource.sns_subscribe[2]: Destruction complete after 0s[0m[0m
[0m[1mnull_resource.sns_subscribe[1]: Destroying... [id=1836512699020273788][0m[0m
[0m[1mnull_resource.sns_subscribe[3]: Destroying... [id=2157902141750973842][0m[0m
[0m[1mnull_resource.sns_subscribe[0]: Destroying... [id=5345527585709009010][0m[0m
[0m[1mnull_resource.sns_subscribe[3]: Destruction complete after 0s[0m[0m
[0m[1mnull_resource.sns_subscribe[0]: Destruction complete after 0s[0m[0m
[0m[1mnull_resource.sns_subscribe[1]: Destruction complete after 0s[0m[0m
[0m[1maws_ecs_service.ecs_service[0]: Destroying... [id=arn:aws:ecs:us-east-1:945116902499:service/Sym-Kan-PRD-Srv-auditevents][0m[0m
[0m[1maws_ecs_service.ecs_service[3]: Destroying... [id=arn:aws:ecs:us-east-1:945116902499:service/Sym-Kan-PRD-Srv-esindexer][0m[0m
[0m[1maws_lb_listener.httptohttps: Destroying... [id=arn:aws:elasticloadbalancing:us-east-1:945116902499:listener/app/Sym-Kan-PRD-Srv-ELB/6be2ac72b701a7f8/a5178e677cb2e7fa][0m[0m
[0m[1maws_autoscaling_policy.ecs-cluster: Destroying... [id=Sym-Kan-PRD-Srv_autoscaling_Linux][0m[0m
[0m[1maws_ecs_service.ecs_service[2]: Destroying... [id=arn:aws:ecs:us-east-1:945116902499:service/Sym-Kan-PRD-Srv-dataaudit][0m[0m
[0m[1maws_autoscaling_notification.ecs_notification-2[0]: Destroying... [id=arn:aws:sns:us-east-1:945116902499:usage-notifications][0m[0m
[0m[1maws_ecs_service.ecs_service[1]: Destroying... [id=arn:aws:ecs:us-east-1:945116902499:service/Sym-Kan-PRD-Srv-cklscrawler][0m[0m
[0m[1maws_autoscaling_policy.ecs-cluster-2[0]: Destroying... [id=Sym-Kan-PRD-Srv_autoscaling_Windows][0m[0m
[0m[1maws_cloudwatch_log_group.ecs_service: Destroying... [id=/Sym-Kan-PRD-Srv/Sym-Kan-PRD-Srv_logs][0m[0m
[0m[1maws_autoscaling_notification.ecs_notification: Destroying... [id=arn:aws:sns:us-east-1:945116902499:usage-notifications][0m[0m
[0m[1maws_lb_listener.httptohttps: Destruction complete after 0s[0m[0m
[0m[1maws_ecs_service.ecs_service[4]: Destroying... [id=arn:aws:ecs:us-east-1:945116902499:service/Sym-Kan-PRD-Srv-jobs][0m[0m
[0m[1maws_cloudwatch_log_group.ecs_service: Destruction complete after 0s[0m[0m
[0m[1maws_autoscaling_notification.ecs_notification: Destruction complete after 0s[0m[0m
[0m[1maws_autoscaling_notification.ecs_notification-2[0]: Destruction complete after 0s[0m[0m
[0m[1maws_autoscaling_policy.ecs-cluster-2[0]: Destruction complete after 1s[0m[0m
[0m[1maws_autoscaling_group.ecs-cluster-2[0]: Destroying... [id=Sym-Kan-PRD-Srv_ASG_Windows][0m[0m
[0m[1maws_autoscaling_policy.ecs-cluster: Destruction complete after 1s[0m[0m
[0m[1maws_autoscaling_group.ecs-cluster: Destroying... [id=Sym-Kan-PRD-Srv_ASG_Linux][0m[0m
[0m[1maws_ecs_service.ecs_service[0]: Still destroying... [id=arn:aws:ecs:us-east-1:945116902499:service/Sym-Kan-PRD-Srv-auditevents, 10s elapsed][0m[0m
[0m[1maws_ecs_service.ecs_service[3]: Still destroying... [id=arn:aws:ecs:us-east-1:945116902499:service/Sym-Kan-PRD-Srv-esindexer, 10s elapsed][0m[0m
[0m[1maws_ecs_service.ecs_service[2]: Still destroying... [id=arn:aws:ecs:us-east-1:945116902499:service/Sym-Kan-PRD-Srv-dataaudit, 10s elapsed][0m[0m
[0m[1maws_ecs_service.ecs_service[1]: Still destroying... [id=arn:aws:ecs:us-east-1:945116902499:service/Sym-Kan-PRD-Srv-cklscrawler, 10s elapsed][0m[0m
[0m[1maws_ecs_service.ecs_service[4]: Still destroying... [id=arn:aws:ecs:us-east-1:945116902499:service/Sym-Kan-PRD-Srv-jobs, 10s elapsed][0m[0m
[0m[1maws_autoscaling_group.ecs-cluster-2[0]: Still destroying... [id=Sym-Kan-PRD-Srv_ASG_Windows, 10s elapsed][0m[0m
[0m[1maws_autoscaling_group.ecs-cluster: Still destroying... [id=Sym-Kan-PRD-Srv_ASG_Linux, 10s elapsed][0m[0m
[0m[1maws_ecs_service.ecs_service[0]: Still destroying... [id=arn:aws:ecs:us-east-1:945116902499:service/Sym-Kan-PRD-Srv-auditevents, 20s elapsed][0m[0m
[0m[1maws_ecs_service.ecs_service[3]: Still destroying... [id=arn:aws:ecs:us-east-1:945116902499:service/Sym-Kan-PRD-Srv-esindexer, 20s elapsed][0m[0m
[0m[1maws_ecs_service.ecs_service[2]: Still destroying... [id=arn:aws:ecs:us-east-1:945116902499:service/Sym-Kan-PRD-Srv-dataaudit, 20s elapsed][0m[0m
[0m[1maws_ecs_service.ecs_service[1]: Still destroying... [id=arn:aws:ecs:us-east-1:945116902499:service/Sym-Kan-PRD-Srv-cklscrawler, 20s elapsed][0m[0m
[0m[1maws_ecs_service.ecs_service[4]: Still destroying... [id=arn:aws:ecs:us-east-1:945116902499:service/Sym-Kan-PRD-Srv-jobs, 20s elapsed][0m[0m
[0m[1maws_autoscaling_group.ecs-cluster-2[0]: Still destroying... [id=Sym-Kan-PRD-Srv_ASG_Windows, 20s elapsed][0m[0m
[0m[1maws_autoscaling_group.ecs-cluster: Still destroying... [id=Sym-Kan-PRD-Srv_ASG_Linux, 20s elapsed][0m[0m
[0m[1maws_ecs_service.ecs_service[0]: Still destroying... [id=arn:aws:ecs:us-east-1:945116902499:service/Sym-Kan-PRD-Srv-auditevents, 30s elapsed][0m[0m
[0m[1maws_ecs_service.ecs_service[3]: Still destroying... [id=arn:aws:ecs:us-east-1:945116902499:service/Sym-Kan-PRD-Srv-esindexer, 30s elapsed][0m[0m
[0m[1maws_ecs_service.ecs_service[2]: Still destroying... [id=arn:aws:ecs:us-east-1:945116902499:service/Sym-Kan-PRD-Srv-dataaudit, 30s elapsed][0m[0m
[0m[1maws_ecs_service.ecs_service[1]: Still destroying... [id=arn:aws:ecs:us-east-1:945116902499:service/Sym-Kan-PRD-Srv-cklscrawler, 30s elapsed][0m[0m
[0m[1maws_ecs_service.ecs_service[4]: Still destroying... [id=arn:aws:ecs:us-east-1:945116902499:service/Sym-Kan-PRD-Srv-jobs, 30s elapsed][0m[0m
[0m[1maws_autoscaling_group.ecs-cluster-2[0]: Still destroying... [id=Sym-Kan-PRD-Srv_ASG_Windows, 30s elapsed][0m[0m
[0m[1maws_autoscaling_group.ecs-cluster: Still destroying... [id=Sym-Kan-PRD-Srv_ASG_Linux, 30s elapsed][0m[0m
[0m[1maws_ecs_service.ecs_service[0]: Still destroying... [id=arn:aws:ecs:us-east-1:945116902499:service/Sym-Kan-PRD-Srv-auditevents, 40s elapsed][0m[0m
[0m[1maws_ecs_service.ecs_service[3]: Still destroying... [id=arn:aws:ecs:us-east-1:945116902499:service/Sym-Kan-PRD-Srv-esindexer, 40s elapsed][0m[0m
[0m[1maws_ecs_service.ecs_service[2]: Still destroying... [id=arn:aws:ecs:us-east-1:945116902499:service/Sym-Kan-PRD-Srv-dataaudit, 40s elapsed][0m[0m
[0m[1maws_ecs_service.ecs_service[1]: Still destroying... [id=arn:aws:ecs:us-east-1:945116902499:service/Sym-Kan-PRD-Srv-cklscrawler, 40s elapsed][0m[0m
[0m[1maws_ecs_service.ecs_service[4]: Still destroying... [id=arn:aws:ecs:us-east-1:945116902499:service/Sym-Kan-PRD-Srv-jobs, 40s elapsed][0m[0m
[0m[1maws_autoscaling_group.ecs-cluster-2[0]: Still destroying... [id=Sym-Kan-PRD-Srv_ASG_Windows, 40s elapsed][0m[0m
[0m[1maws_autoscaling_group.ecs-cluster: Still destroying... [id=Sym-Kan-PRD-Srv_ASG_Linux, 40s elapsed][0m[0m
[0m[1maws_ecs_service.ecs_service[0]: Still destroying... [id=arn:aws:ecs:us-east-1:945116902499:service/Sym-Kan-PRD-Srv-auditevents, 50s elapsed][0m[0m
[0m[1maws_ecs_service.ecs_service[3]: Still destroying... [id=arn:aws:ecs:us-east-1:945116902499:service/Sym-Kan-PRD-Srv-esindexer, 50s elapsed][0m[0m
[0m[1maws_ecs_service.ecs_service[2]: Still destroying... [id=arn:aws:ecs:us-east-1:945116902499:service/Sym-Kan-PRD-Srv-dataaudit, 50s elapsed][0m[0m
[0m[1maws_ecs_service.ecs_service[1]: Still destroying... [id=arn:aws:ecs:us-east-1:945116902499:service/Sym-Kan-PRD-Srv-cklscrawler, 50s elapsed][0m[0m
[0m[1maws_ecs_service.ecs_service[4]: Still destroying... [id=arn:aws:ecs:us-east-1:945116902499:service/Sym-Kan-PRD-Srv-jobs, 50s elapsed][0m[0m
[0m[1maws_autoscaling_group.ecs-cluster-2[0]: Still destroying... [id=Sym-Kan-PRD-Srv_ASG_Windows, 50s elapsed][0m[0m
[0m[1maws_autoscaling_group.ecs-cluster: Still destroying... [id=Sym-Kan-PRD-Srv_ASG_Linux, 50s elapsed][0m[0m
[0m[1maws_ecs_service.ecs_service[0]: Still destroying... [id=arn:aws:ecs:us-east-1:945116902499:service/Sym-Kan-PRD-Srv-auditevents, 1m0s elapsed][0m[0m
[0m[1maws_ecs_service.ecs_service[3]: Still destroying... [id=arn:aws:ecs:us-east-1:945116902499:service/Sym-Kan-PRD-Srv-esindexer, 1m0s elapsed][0m[0m
[0m[1maws_ecs_service.ecs_service[2]: Still destroying... [id=arn:aws:ecs:us-east-1:945116902499:service/Sym-Kan-PRD-Srv-dataaudit, 1m0s elapsed][0m[0m
[0m[1maws_ecs_service.ecs_service[1]: Still destroying... [id=arn:aws:ecs:us-east-1:945116902499:service/Sym-Kan-PRD-Srv-cklscrawler, 1m0s elapsed][0m[0m
[0m[1maws_ecs_service.ecs_service[4]: Still destroying... [id=arn:aws:ecs:us-east-1:945116902499:service/Sym-Kan-PRD-Srv-jobs, 1m0s elapsed][0m[0m
[0m[1maws_autoscaling_group.ecs-cluster-2[0]: Still destroying... [id=Sym-Kan-PRD-Srv_ASG_Windows, 1m0s elapsed][0m[0m
[0m[1maws_autoscaling_group.ecs-cluster: Still destroying... [id=Sym-Kan-PRD-Srv_ASG_Linux, 1m0s elapsed][0m[0m
[0m[1maws_ecs_service.ecs_service[0]: Still destroying... [id=arn:aws:ecs:us-east-1:945116902499:service/Sym-Kan-PRD-Srv-auditevents, 1m10s elapsed][0m[0m
[0m[1maws_ecs_service.ecs_service[3]: Still destroying... [id=arn:aws:ecs:us-east-1:945116902499:service/Sym-Kan-PRD-Srv-esindexer, 1m10s elapsed][0m[0m
[0m[1maws_ecs_service.ecs_service[2]: Still destroying... [id=arn:aws:ecs:us-east-1:945116902499:service/Sym-Kan-PRD-Srv-dataaudit, 1m10s elapsed][0m[0m
[0m[1maws_ecs_service.ecs_service[1]: Still destroying... [id=arn:aws:ecs:us-east-1:945116902499:service/Sym-Kan-PRD-Srv-cklscrawler, 1m10s elapsed][0m[0m
[0m[1maws_ecs_service.ecs_service[4]: Still destroying... [id=arn:aws:ecs:us-east-1:945116902499:service/Sym-Kan-PRD-Srv-jobs, 1m10s elapsed][0m[0m
[0m[1maws_autoscaling_group.ecs-cluster-2[0]: Still destroying... [id=Sym-Kan-PRD-Srv_ASG_Windows, 1m10s elapsed][0m[0m
[0m[1maws_autoscaling_group.ecs-cluster: Still destroying... [id=Sym-Kan-PRD-Srv_ASG_Linux, 1m10s elapsed][0m[0m
[0m[1maws_ecs_service.ecs_service[0]: Still destroying... [id=arn:aws:ecs:us-east-1:945116902499:service/Sym-Kan-PRD-Srv-auditevents, 1m20s elapsed][0m[0m
[0m[1maws_ecs_service.ecs_service[3]: Still destroying... [id=arn:aws:ecs:us-east-1:945116902499:service/Sym-Kan-PRD-Srv-esindexer, 1m20s elapsed][0m[0m
[0m[1maws_ecs_service.ecs_service[2]: Still destroying... [id=arn:aws:ecs:us-east-1:945116902499:service/Sym-Kan-PRD-Srv-dataaudit, 1m20s elapsed][0m[0m
[0m[1maws_ecs_service.ecs_service[1]: Still destroying... [id=arn:aws:ecs:us-east-1:945116902499:service/Sym-Kan-PRD-Srv-cklscrawler, 1m20s elapsed][0m[0m
[0m[1maws_ecs_service.ecs_service[4]: Still destroying... [id=arn:aws:ecs:us-east-1:945116902499:service/Sym-Kan-PRD-Srv-jobs, 1m20s elapsed][0m[0m
[0m[1maws_autoscaling_group.ecs-cluster-2[0]: Still destroying... [id=Sym-Kan-PRD-Srv_ASG_Windows, 1m20s elapsed][0m[0m
[0m[1maws_autoscaling_group.ecs-cluster: Still destroying... [id=Sym-Kan-PRD-Srv_ASG_Linux, 1m20s elapsed][0m[0m
[0m[1maws_ecs_service.ecs_service[4]: Destruction complete after 1m27s[0m[0m
[0m[1maws_ecs_service.ecs_service[0]: Still destroying... [id=arn:aws:ecs:us-east-1:945116902499:service/Sym-Kan-PRD-Srv-auditevents, 1m30s elapsed][0m[0m
[0m[1maws_ecs_service.ecs_service[3]: Still destroying... [id=arn:aws:ecs:us-east-1:945116902499:service/Sym-Kan-PRD-Srv-esindexer, 1m30s elapsed][0m[0m
[0m[1maws_ecs_service.ecs_service[2]: Still destroying... [id=arn:aws:ecs:us-east-1:945116902499:service/Sym-Kan-PRD-Srv-dataaudit, 1m30s elapsed][0m[0m
[0m[1maws_ecs_service.ecs_service[1]: Still destroying... [id=arn:aws:ecs:us-east-1:945116902499:service/Sym-Kan-PRD-Srv-cklscrawler, 1m30s elapsed][0m[0m
[0m[1maws_autoscaling_group.ecs-cluster-2[0]: Still destroying... [id=Sym-Kan-PRD-Srv_ASG_Windows, 1m30s elapsed][0m[0m
[0m[1maws_autoscaling_group.ecs-cluster: Still destroying... [id=Sym-Kan-PRD-Srv_ASG_Linux, 1m30s elapsed][0m[0m
[0m[1maws_ecs_service.ecs_service[3]: Destruction complete after 1m37s[0m[0m
[0m[1maws_ecs_service.ecs_service[0]: Destruction complete after 1m37s[0m[0m
[0m[1maws_ecs_service.ecs_service[2]: Destruction complete after 1m37s[0m[0m
[0m[1maws_ecs_service.ecs_service[1]: Still destroying... [id=arn:aws:ecs:us-east-1:945116902499:service/Sym-Kan-PRD-Srv-cklscrawler, 1m40s elapsed][0m[0m
[0m[1maws_autoscaling_group.ecs-cluster-2[0]: Still destroying... [id=Sym-Kan-PRD-Srv_ASG_Windows, 1m40s elapsed][0m[0m
[0m[1maws_autoscaling_group.ecs-cluster: Still destroying... [id=Sym-Kan-PRD-Srv_ASG_Linux, 1m40s elapsed][0m[0m
[0m[1maws_autoscaling_group.ecs-cluster: Destruction complete after 1m42s[0m[0m
[0m[1maws_launch_configuration.ecs-cluster-lc: Destroying... [id=Sym-Kan-PRD-Srv-lc-Linux20200406060422270800000002][0m[0m
[0m[1maws_launch_configuration.ecs-cluster-lc: Destruction complete after 1s[0m[0m
[0m[1maws_autoscaling_group.ecs-cluster-2[0]: Destruction complete after 1m45s[0m[0m
[0m[1maws_launch_configuration.ecs-cluster-lc-2[0]: Destroying... [id=Sym-Kan-PRD-Srv-lc-Windows20200406060422274300000003][0m[0m
[0m[1maws_launch_configuration.ecs-cluster-lc-2[0]: Destruction complete after 0s[0m[0m
[0m[1maws_iam_instance_profile.ecs-ec2-role: Destroying... [id=Sym-Kan-PRD-Srv-iam-instance-profile][0m[0m
[0m[1maws_iam_instance_profile.ecs-ec2-role: Destruction complete after 1s[0m[0m
[0m[1maws_ecs_service.ecs_service[1]: Destruction complete after 1m47s[0m[0m
[0m[1maws_alb_listener_rule.listener_rule[0]: Destroying... [id=arn:aws:elasticloadbalancing:us-east-1:945116902499:listener-rule/app/Sym-Kan-PRD-Srv-ELB/6be2ac72b701a7f8/cf3d6b2f8ba447ae/0b0480431c0a03fd][0m[0m
[0m[1maws_ecs_task_definition.ecs_service[4]: Destroying... [id=Sym-Kan-PRD-Srv-jobs][0m[0m
[0m[1maws_alb_listener_rule.listener_rule[3]: Destroying... [id=arn:aws:elasticloadbalancing:us-east-1:945116902499:listener-rule/app/Sym-Kan-PRD-Srv-ELB/6be2ac72b701a7f8/cf3d6b2f8ba447ae/906ac47112ecc6a1][0m[0m
[0m[1maws_alb_listener_rule.listener_rule[2]: Destroying... [id=arn:aws:elasticloadbalancing:us-east-1:945116902499:listener-rule/app/Sym-Kan-PRD-Srv-ELB/6be2ac72b701a7f8/cf3d6b2f8ba447ae/8be6d4143f505155][0m[0m
[0m[1maws_ecs_cluster.ecs_cluster: Destroying... [id=arn:aws:ecs:us-east-1:945116902499:cluster/Sym-Kan-PRD-Srv][0m[0m
[0m[1maws_alb_listener_rule.listener_rule[1]: Destroying... [id=arn:aws:elasticloadbalancing:us-east-1:945116902499:listener-rule/app/Sym-Kan-PRD-Srv-ELB/6be2ac72b701a7f8/cf3d6b2f8ba447ae/0408070c39b12cad][0m[0m
[0m[1maws_alb_listener_rule.listener_rule[1]: Destruction complete after 0s[0m[0m
[0m[1maws_alb_listener_rule.listener_rule[0]: Destruction complete after 0s[0m[0m
[0m[1maws_alb_listener_rule.listener_rule[3]: Destruction complete after 0s[0m[0m
[0m[1maws_alb_listener_rule.listener_rule[2]: Destruction complete after 0s[0m[0m
[0m[1maws_alb_listener.front_end: Destroying... [id=arn:aws:elasticloadbalancing:us-east-1:945116902499:listener/app/Sym-Kan-PRD-Srv-ELB/6be2ac72b701a7f8/cf3d6b2f8ba447ae][0m[0m
[0m[1maws_ecs_task_definition.ecs_service[4]: Destruction complete after 0s[0m[0m
[0m[1maws_alb_listener.front_end: Destruction complete after 0s[0m[0m
[0m[1maws_alb_target_group.ecs-group[4]: Destroying... [id=arn:aws:elasticloadbalancing:us-east-1:945116902499:targetgroup/Sym-Kan-PRD-Srv-jobs/4bc1447a035f33f2][0m[0m
[0m[1maws_alb_target_group.ecs-group[0]: Destroying... [id=arn:aws:elasticloadbalancing:us-east-1:945116902499:targetgroup/Sym-Kan-PRD-Srv-auditevents/8cf6e861890bd807][0m[0m
[0m[1maws_alb_target_group.ecs-group[2]: Destroying... [id=arn:aws:elasticloadbalancing:us-east-1:945116902499:targetgroup/Sym-Kan-PRD-Srv-dataaudit/4a8e1b655dc9fe16][0m[0m
[0m[1maws_alb_target_group.ecs-group[1]: Destroying... [id=arn:aws:elasticloadbalancing:us-east-1:945116902499:targetgroup/Sym-Kan-PRD-Srv-cklscrawler/2c934fa82f8b8d2b][0m[0m
[0m[1maws_alb_target_group.ecs-group[3]: Destroying... [id=arn:aws:elasticloadbalancing:us-east-1:945116902499:targetgroup/Sym-Kan-PRD-Srv-esindexer/a0f1bea4ac5b8a92][0m[0m
[0m[1maws_ecs_cluster.ecs_cluster: Destruction complete after 0s[0m[0m
[0m[1maws_alb_target_group.ecs-group[3]: Destruction complete after 1s[0m[0m
[0m[1maws_alb_target_group.ecs-group[2]: Destruction complete after 1s[0m[0m
[0m[1maws_alb_target_group.ecs-group[4]: Destruction complete after 1s[0m[0m
[0m[1maws_alb_target_group.ecs-group[0]: Destruction complete after 1s[0m[0m
[0m[1maws_alb_target_group.ecs-group[1]: Destruction complete after 1s[0m[0m
[0m[1maws_alb.aws_ecs_alb: Destroying... [id=arn:aws:elasticloadbalancing:us-east-1:945116902499:loadbalancer/app/Sym-Kan-PRD-Srv-ELB/6be2ac72b701a7f8][0m[0m
[0m[1maws_alb.aws_ecs_alb: Destruction complete after 0s[0m[0m
[0m[1maws_security_group.security_group: Destroying... [id=sg-0b84f6ec21b3fc834][0m[0m
[0m[1maws_security_group.security_group: Still destroying... [id=sg-0b84f6ec21b3fc834, 10s elapsed][0m[0m
[0m[1maws_security_group.security_group: Still destroying... [id=sg-0b84f6ec21b3fc834, 20s elapsed][0m[0m
[0m[1maws_security_group.security_group: Still destroying... [id=sg-0b84f6ec21b3fc834, 30s elapsed][0m[0m
[0m[1maws_security_group.security_group: Still destroying... [id=sg-0b84f6ec21b3fc834, 40s elapsed][0m[0m
[0m[1maws_security_group.security_group: Still destroying... [id=sg-0b84f6ec21b3fc834, 50s elapsed][0m[0m
[0m[1maws_security_group.security_group: Destruction complete after 58s[0m[0m
[33m
[1m[33mWarning: [0m[0m[1mInterpolation-only expressions are deprecated[0m

[0m  on asg_alaram.tf line 14, in resource "aws_autoscaling_notification" "ecs_notification":
  14:   topic_arn = [4m"${aws_sns_topic.usage_notifications.arn}"[0m
[0m
Terraform 0.11 and earlier required all non-constant expressions to be
provided via interpolation syntax, but this pattern is now deprecated. To
silence this warning, remove the "${ sequence from the start and the }"
sequence from the end of this expression, leaving just the inner expression.

Template interpolation syntax is still used to construct strings from
expressions when the template includes multiple interpolation sequences or a
mixture of literal strings and interpolations. This deprecation applies only
to templates that consist entirely of a single interpolation sequence.

(and 54 more similar warnings elsewhere)
[0m[0m
[0m[1m[32m
Destroy complete! Resources: 34 destroyed.[0m
