[0m[1maws_cloudwatch_event_rule.cron_minute: Refreshing state... [id=cron-min-Sym-Kan-PRD-WebApp][0m
[0m[1mdata.aws_vpc.vpc_id: Refreshing state...[0m
[0m[1maws_iam_role.static_lb_lambda: Refreshing state... [id=lambdaFunction-NLB-to-ALB-role-Sym-Kan-PRD-WebApp][0m
[0m[1maws_s3_bucket.static_lb: Refreshing state... [id=sym-kan-prd-webapp-lambda-alb2nlb-us-east-1][0m
[0m[1maws_iam_role_policy.static_lb_lambda: Refreshing state... [id=lambdaFunction-NLB-to-ALB-role-Sym-Kan-PRD-WebApp:lambdaFunction-NLB-to-ALB-policy-Sym-Kan-PRD-WebApp][0m
[0m[1maws_lb_target_group.app_public_443: Refreshing state... [id=arn:aws:elasticloadbalancing:us-east-1:660751646273:targetgroup/Sym-Kan-PRD-WebApp-TCP443/af9930c87ead3238][0m
[0m[1mdata.aws_subnet_ids.subnet_ids: Refreshing state...[0m
[0m[1maws_lb_target_group.app_public_80: Refreshing state... [id=arn:aws:elasticloadbalancing:us-east-1:660751646273:targetgroup/Sym-Kan-PRD-WebApp-TCP80/da01eb5e8f4b9688][0m
[0m[1maws_lb.app_public: Refreshing state... [id=arn:aws:elasticloadbalancing:us-east-1:660751646273:loadbalancer/net/Sym-Kan-PRD-WebApp-NLB/c216e0232a33f183][0m
[0m[1maws_lb_listener.app_public_443: Refreshing state... [id=arn:aws:elasticloadbalancing:us-east-1:660751646273:listener/net/Sym-Kan-PRD-WebApp-NLB/c216e0232a33f183/15de66f07c702cea][0m
[0m[1maws_lb_listener.app_public_80: Refreshing state... [id=arn:aws:elasticloadbalancing:us-east-1:660751646273:listener/net/Sym-Kan-PRD-WebApp-NLB/c216e0232a33f183/302401d421f64baa][0m
[0m[1maws_lambda_function.static_lb_updater_443: Refreshing state... [id=Sym-Kan-PRD-WebApp-Populate-NLB-with-ALB-HTTPS][0m
[0m[1maws_lambda_function.static_lb_updater_80: Refreshing state... [id=Sym-Kan-PRD-WebApp-Populate-NLB-with-ALB-HTTP][0m
[0m[1maws_lambda_permission.allow_cloudwatch_443: Refreshing state... [id=AllowExecutionFromCloudWatch][0m
[0m[1maws_cloudwatch_event_target.static_lb_updater_443: Refreshing state... [id=cron-min-Sym-Kan-PRD-WebApp-Sym-Kan-PRD-WebApp-port443][0m
[0m[1maws_lambda_permission.allow_cloudwatch_80: Refreshing state... [id=AllowExecutionFromCloudWatch][0m
[0m[1maws_cloudwatch_event_target.static_lb_updater_80: Refreshing state... [id=cron-min-Sym-Kan-PRD-WebApp-Sym-Kan-PRD-WebApp-port80][0m
[0m[1maws_lambda_permission.allow_cloudwatch_80: Destroying... [id=AllowExecutionFromCloudWatch][0m[0m
[0m[1maws_cloudwatch_event_target.static_lb_updater_80: Destroying... [id=cron-min-Sym-Kan-PRD-WebApp-Sym-Kan-PRD-WebApp-port80][0m[0m
[0m[1maws_cloudwatch_event_target.static_lb_updater_443: Destroying... [id=cron-min-Sym-Kan-PRD-WebApp-Sym-Kan-PRD-WebApp-port443][0m[0m
[0m[1maws_lambda_permission.allow_cloudwatch_443: Destroying... [id=AllowExecutionFromCloudWatch][0m[0m
[0m[1maws_lb_listener.app_public_443: Destroying... [id=arn:aws:elasticloadbalancing:us-east-1:660751646273:listener/net/Sym-Kan-PRD-WebApp-NLB/c216e0232a33f183/15de66f07c702cea][0m[0m
[0m[1maws_lb_listener.app_public_80: Destroying... [id=arn:aws:elasticloadbalancing:us-east-1:660751646273:listener/net/Sym-Kan-PRD-WebApp-NLB/c216e0232a33f183/302401d421f64baa][0m[0m
[0m[1maws_iam_role_policy.static_lb_lambda: Destroying... [id=lambdaFunction-NLB-to-ALB-role-Sym-Kan-PRD-WebApp:lambdaFunction-NLB-to-ALB-policy-Sym-Kan-PRD-WebApp][0m[0m
[0m[1maws_cloudwatch_event_target.static_lb_updater_443: Destruction complete after 0s[0m[0m
[0m[1maws_cloudwatch_event_target.static_lb_updater_80: Destruction complete after 0s[0m[0m
[0m[1maws_lb_listener.app_public_80: Destruction complete after 0s[0m[0m
[0m[1maws_iam_role_policy.static_lb_lambda: Destruction complete after 0s[0m[0m
[0m[1maws_lb_listener.app_public_443: Destruction complete after 0s[0m[0m
[0m[1maws_lb.app_public: Destroying... [id=arn:aws:elasticloadbalancing:us-east-1:660751646273:loadbalancer/net/Sym-Kan-PRD-WebApp-NLB/c216e0232a33f183][0m[0m
[0m[1maws_lambda_permission.allow_cloudwatch_80: Destruction complete after 0s[0m[0m
[0m[1maws_lambda_function.static_lb_updater_80: Destroying... [id=Sym-Kan-PRD-WebApp-Populate-NLB-with-ALB-HTTP][0m[0m
[0m[1maws_lambda_permission.allow_cloudwatch_443: Destruction complete after 0s[0m[0m
[0m[1maws_cloudwatch_event_rule.cron_minute: Destroying... [id=cron-min-Sym-Kan-PRD-WebApp][0m[0m
[0m[1maws_lambda_function.static_lb_updater_443: Destroying... [id=Sym-Kan-PRD-WebApp-Populate-NLB-with-ALB-HTTPS][0m[0m
[0m[1maws_cloudwatch_event_rule.cron_minute: Destruction complete after 0s[0m[0m
[0m[1maws_lambda_function.static_lb_updater_80: Destruction complete after 0s[0m[0m
[0m[1maws_lb_target_group.app_public_80: Destroying... [id=arn:aws:elasticloadbalancing:us-east-1:660751646273:targetgroup/Sym-Kan-PRD-WebApp-TCP80/da01eb5e8f4b9688][0m[0m
[0m[1maws_lambda_function.static_lb_updater_443: Destruction complete after 0s[0m[0m
[0m[1maws_lb_target_group.app_public_443: Destroying... [id=arn:aws:elasticloadbalancing:us-east-1:660751646273:targetgroup/Sym-Kan-PRD-WebApp-TCP443/af9930c87ead3238][0m[0m
[0m[1maws_s3_bucket.static_lb: Destroying... [id=sym-kan-prd-webapp-lambda-alb2nlb-us-east-1][0m[0m
[0m[1maws_iam_role.static_lb_lambda: Destroying... [id=lambdaFunction-NLB-to-ALB-role-Sym-Kan-PRD-WebApp][0m[0m
[0m[1maws_lb_target_group.app_public_80: Destruction complete after 0s[0m[0m
[0m[1maws_lb_target_group.app_public_443: Destruction complete after 0s[0m[0m
[0m[1maws_iam_role.static_lb_lambda: Destruction complete after 0s[0m[0m
[0m[1maws_lb.app_public: Still destroying... [id=arn:aws:elasticloadbalancing:us-east-1:...ym-Kan-PRD-WebApp-NLB/c216e0232a33f183, 10s elapsed][0m[0m
[0m[1maws_s3_bucket.static_lb: Still destroying... [id=sym-kan-prd-webapp-lambda-alb2nlb-us-east-1, 10s elapsed][0m[0m
[0m[1maws_lb.app_public: Still destroying... [id=arn:aws:elasticloadbalancing:us-east-1:...ym-Kan-PRD-WebApp-NLB/c216e0232a33f183, 20s elapsed][0m[0m
[0m[1maws_s3_bucket.static_lb: Still destroying... [id=sym-kan-prd-webapp-lambda-alb2nlb-us-east-1, 20s elapsed][0m[0m
[0m[1maws_lb.app_public: Still destroying... [id=arn:aws:elasticloadbalancing:us-east-1:...ym-Kan-PRD-WebApp-NLB/c216e0232a33f183, 30s elapsed][0m[0m
[0m[1maws_s3_bucket.static_lb: Still destroying... [id=sym-kan-prd-webapp-lambda-alb2nlb-us-east-1, 30s elapsed][0m[0m
[0m[1maws_lb.app_public: Still destroying... [id=arn:aws:elasticloadbalancing:us-east-1:...ym-Kan-PRD-WebApp-NLB/c216e0232a33f183, 40s elapsed][0m[0m
[0m[1maws_s3_bucket.static_lb: Still destroying... [id=sym-kan-prd-webapp-lambda-alb2nlb-us-east-1, 40s elapsed][0m[0m
[0m[1maws_lb.app_public: Still destroying... [id=arn:aws:elasticloadbalancing:us-east-1:...ym-Kan-PRD-WebApp-NLB/c216e0232a33f183, 50s elapsed][0m[0m
[0m[1maws_s3_bucket.static_lb: Still destroying... [id=sym-kan-prd-webapp-lambda-alb2nlb-us-east-1, 50s elapsed][0m[0m
[0m[1maws_lb.app_public: Still destroying... [id=arn:aws:elasticloadbalancing:us-east-1:...ym-Kan-PRD-WebApp-NLB/c216e0232a33f183, 1m0s elapsed][0m[0m
[0m[1maws_s3_bucket.static_lb: Still destroying... [id=sym-kan-prd-webapp-lambda-alb2nlb-us-east-1, 1m0s elapsed][0m[0m
[0m[1maws_lb.app_public: Still destroying... [id=arn:aws:elasticloadbalancing:us-east-1:...ym-Kan-PRD-WebApp-NLB/c216e0232a33f183, 1m10s elapsed][0m[0m
[0m[1maws_s3_bucket.static_lb: Still destroying... [id=sym-kan-prd-webapp-lambda-alb2nlb-us-east-1, 1m10s elapsed][0m[0m
[0m[1maws_lb.app_public: Still destroying... [id=arn:aws:elasticloadbalancing:us-east-1:...ym-Kan-PRD-WebApp-NLB/c216e0232a33f183, 1m20s elapsed][0m[0m
[0m[1maws_s3_bucket.static_lb: Still destroying... [id=sym-kan-prd-webapp-lambda-alb2nlb-us-east-1, 1m20s elapsed][0m[0m
[0m[1maws_lb.app_public: Still destroying... [id=arn:aws:elasticloadbalancing:us-east-1:...ym-Kan-PRD-WebApp-NLB/c216e0232a33f183, 1m30s elapsed][0m[0m
[0m[1maws_s3_bucket.static_lb: Still destroying... [id=sym-kan-prd-webapp-lambda-alb2nlb-us-east-1, 1m30s elapsed][0m[0m
[0m[1maws_lb.app_public: Destruction complete after 1m38s[0m[0m
[0m[1maws_s3_bucket.static_lb: Still destroying... [id=sym-kan-prd-webapp-lambda-alb2nlb-us-east-1, 1m40s elapsed][0m[0m
[0m[1maws_s3_bucket.static_lb: Still destroying... [id=sym-kan-prd-webapp-lambda-alb2nlb-us-east-1, 1m50s elapsed][0m[0m
[0m[1maws_s3_bucket.static_lb: Still destroying... [id=sym-kan-prd-webapp-lambda-alb2nlb-us-east-1, 2m0s elapsed][0m[0m
[0m[1maws_s3_bucket.static_lb: Still destroying... [id=sym-kan-prd-webapp-lambda-alb2nlb-us-east-1, 2m10s elapsed][0m[0m
[0m[1maws_s3_bucket.static_lb: Still destroying... [id=sym-kan-prd-webapp-lambda-alb2nlb-us-east-1, 2m20s elapsed][0m[0m
[0m[1maws_s3_bucket.static_lb: Still destroying... [id=sym-kan-prd-webapp-lambda-alb2nlb-us-east-1, 2m30s elapsed][0m[0m
[0m[1maws_s3_bucket.static_lb: Still destroying... [id=sym-kan-prd-webapp-lambda-alb2nlb-us-east-1, 2m40s elapsed][0m[0m
[0m[1maws_s3_bucket.static_lb: Still destroying... [id=sym-kan-prd-webapp-lambda-alb2nlb-us-east-1, 2m50s elapsed][0m[0m
[0m[1maws_s3_bucket.static_lb: Still destroying... [id=sym-kan-prd-webapp-lambda-alb2nlb-us-east-1, 3m0s elapsed][0m[0m
[0m[1maws_s3_bucket.static_lb: Still destroying... [id=sym-kan-prd-webapp-lambda-alb2nlb-us-east-1, 3m10s elapsed][0m[0m
[0m[1maws_s3_bucket.static_lb: Still destroying... [id=sym-kan-prd-webapp-lambda-alb2nlb-us-east-1, 3m20s elapsed][0m[0m
[0m[1maws_s3_bucket.static_lb: Still destroying... [id=sym-kan-prd-webapp-lambda-alb2nlb-us-east-1, 3m30s elapsed][0m[0m
[0m[1maws_s3_bucket.static_lb: Still destroying... [id=sym-kan-prd-webapp-lambda-alb2nlb-us-east-1, 3m40s elapsed][0m[0m
[0m[1maws_s3_bucket.static_lb: Still destroying... [id=sym-kan-prd-webapp-lambda-alb2nlb-us-east-1, 3m50s elapsed][0m[0m
[0m[1maws_s3_bucket.static_lb: Still destroying... [id=sym-kan-prd-webapp-lambda-alb2nlb-us-east-1, 4m0s elapsed][0m[0m
[0m[1maws_s3_bucket.static_lb: Still destroying... [id=sym-kan-prd-webapp-lambda-alb2nlb-us-east-1, 4m10s elapsed][0m[0m
[0m[1maws_s3_bucket.static_lb: Still destroying... [id=sym-kan-prd-webapp-lambda-alb2nlb-us-east-1, 4m20s elapsed][0m[0m
[0m[1maws_s3_bucket.static_lb: Still destroying... [id=sym-kan-prd-webapp-lambda-alb2nlb-us-east-1, 4m30s elapsed][0m[0m
[0m[1maws_s3_bucket.static_lb: Still destroying... [id=sym-kan-prd-webapp-lambda-alb2nlb-us-east-1, 4m40s elapsed][0m[0m
[0m[1maws_s3_bucket.static_lb: Still destroying... [id=sym-kan-prd-webapp-lambda-alb2nlb-us-east-1, 4m50s elapsed][0m[0m
[0m[1maws_s3_bucket.static_lb: Still destroying... [id=sym-kan-prd-webapp-lambda-alb2nlb-us-east-1, 5m0s elapsed][0m[0m
[0m[1maws_s3_bucket.static_lb: Still destroying... [id=sym-kan-prd-webapp-lambda-alb2nlb-us-east-1, 5m10s elapsed][0m[0m
[0m[1maws_s3_bucket.static_lb: Still destroying... [id=sym-kan-prd-webapp-lambda-alb2nlb-us-east-1, 5m20s elapsed][0m[0m
[0m[1maws_s3_bucket.static_lb: Still destroying... [id=sym-kan-prd-webapp-lambda-alb2nlb-us-east-1, 5m30s elapsed][0m[0m
[0m[1maws_s3_bucket.static_lb: Still destroying... [id=sym-kan-prd-webapp-lambda-alb2nlb-us-east-1, 5m40s elapsed][0m[0m
[0m[1maws_s3_bucket.static_lb: Still destroying... [id=sym-kan-prd-webapp-lambda-alb2nlb-us-east-1, 5m50s elapsed][0m[0m
[0m[1maws_s3_bucket.static_lb: Still destroying... [id=sym-kan-prd-webapp-lambda-alb2nlb-us-east-1, 6m0s elapsed][0m[0m
[0m[1maws_s3_bucket.static_lb: Still destroying... [id=sym-kan-prd-webapp-lambda-alb2nlb-us-east-1, 6m10s elapsed][0m[0m
[0m[1maws_s3_bucket.static_lb: Still destroying... [id=sym-kan-prd-webapp-lambda-alb2nlb-us-east-1, 6m20s elapsed][0m[0m
[0m[1maws_s3_bucket.static_lb: Still destroying... [id=sym-kan-prd-webapp-lambda-alb2nlb-us-east-1, 6m30s elapsed][0m[0m
[0m[1maws_s3_bucket.static_lb: Still destroying... [id=sym-kan-prd-webapp-lambda-alb2nlb-us-east-1, 6m40s elapsed][0m[0m
[0m[1maws_s3_bucket.static_lb: Still destroying... [id=sym-kan-prd-webapp-lambda-alb2nlb-us-east-1, 6m50s elapsed][0m[0m
[0m[1maws_s3_bucket.static_lb: Still destroying... [id=sym-kan-prd-webapp-lambda-alb2nlb-us-east-1, 7m0s elapsed][0m[0m
[0m[1maws_s3_bucket.static_lb: Still destroying... [id=sym-kan-prd-webapp-lambda-alb2nlb-us-east-1, 7m10s elapsed][0m[0m
[0m[1maws_s3_bucket.static_lb: Still destroying... [id=sym-kan-prd-webapp-lambda-alb2nlb-us-east-1, 7m20s elapsed][0m[0m
[0m[1maws_s3_bucket.static_lb: Still destroying... [id=sym-kan-prd-webapp-lambda-alb2nlb-us-east-1, 7m30s elapsed][0m[0m
[0m[1maws_s3_bucket.static_lb: Still destroying... [id=sym-kan-prd-webapp-lambda-alb2nlb-us-east-1, 7m40s elapsed][0m[0m
[0m[1maws_s3_bucket.static_lb: Still destroying... [id=sym-kan-prd-webapp-lambda-alb2nlb-us-east-1, 7m50s elapsed][0m[0m
[0m[1maws_s3_bucket.static_lb: Still destroying... [id=sym-kan-prd-webapp-lambda-alb2nlb-us-east-1, 8m0s elapsed][0m[0m
[0m[1maws_s3_bucket.static_lb: Still destroying... [id=sym-kan-prd-webapp-lambda-alb2nlb-us-east-1, 8m10s elapsed][0m[0m
[0m[1maws_s3_bucket.static_lb: Still destroying... [id=sym-kan-prd-webapp-lambda-alb2nlb-us-east-1, 8m20s elapsed][0m[0m
[0m[1maws_s3_bucket.static_lb: Still destroying... [id=sym-kan-prd-webapp-lambda-alb2nlb-us-east-1, 8m30s elapsed][0m[0m
[0m[1maws_s3_bucket.static_lb: Still destroying... [id=sym-kan-prd-webapp-lambda-alb2nlb-us-east-1, 8m40s elapsed][0m[0m
[0m[1maws_s3_bucket.static_lb: Still destroying... [id=sym-kan-prd-webapp-lambda-alb2nlb-us-east-1, 8m50s elapsed][0m[0m
[0m[1maws_s3_bucket.static_lb: Still destroying... [id=sym-kan-prd-webapp-lambda-alb2nlb-us-east-1, 9m0s elapsed][0m[0m
[0m[1maws_s3_bucket.static_lb: Still destroying... [id=sym-kan-prd-webapp-lambda-alb2nlb-us-east-1, 9m10s elapsed][0m[0m
[0m[1maws_s3_bucket.static_lb: Still destroying... [id=sym-kan-prd-webapp-lambda-alb2nlb-us-east-1, 9m20s elapsed][0m[0m
[0m[1maws_s3_bucket.static_lb: Still destroying... [id=sym-kan-prd-webapp-lambda-alb2nlb-us-east-1, 9m30s elapsed][0m[0m
[0m[1maws_s3_bucket.static_lb: Still destroying... [id=sym-kan-prd-webapp-lambda-alb2nlb-us-east-1, 9m40s elapsed][0m[0m
[0m[1maws_s3_bucket.static_lb: Still destroying... [id=sym-kan-prd-webapp-lambda-alb2nlb-us-east-1, 9m50s elapsed][0m[0m
[0m[1maws_s3_bucket.static_lb: Still destroying... [id=sym-kan-prd-webapp-lambda-alb2nlb-us-east-1, 10m0s elapsed][0m[0m
[0m[1maws_s3_bucket.static_lb: Still destroying... [id=sym-kan-prd-webapp-lambda-alb2nlb-us-east-1, 10m10s elapsed][0m[0m
[0m[1maws_s3_bucket.static_lb: Still destroying... [id=sym-kan-prd-webapp-lambda-alb2nlb-us-east-1, 10m20s elapsed][0m[0m
[0m[1maws_s3_bucket.static_lb: Still destroying... [id=sym-kan-prd-webapp-lambda-alb2nlb-us-east-1, 10m30s elapsed][0m[0m
[0m[1maws_s3_bucket.static_lb: Still destroying... [id=sym-kan-prd-webapp-lambda-alb2nlb-us-east-1, 10m40s elapsed][0m[0m
[0m[1maws_s3_bucket.static_lb: Still destroying... [id=sym-kan-prd-webapp-lambda-alb2nlb-us-east-1, 10m50s elapsed][0m[0m
[0m[1maws_s3_bucket.static_lb: Still destroying... [id=sym-kan-prd-webapp-lambda-alb2nlb-us-east-1, 11m0s elapsed][0m[0m
[0m[1maws_s3_bucket.static_lb: Still destroying... [id=sym-kan-prd-webapp-lambda-alb2nlb-us-east-1, 11m10s elapsed][0m[0m
[0m[1maws_s3_bucket.static_lb: Still destroying... [id=sym-kan-prd-webapp-lambda-alb2nlb-us-east-1, 11m20s elapsed][0m[0m
[0m[1maws_s3_bucket.static_lb: Still destroying... [id=sym-kan-prd-webapp-lambda-alb2nlb-us-east-1, 11m30s elapsed][0m[0m
[0m[1maws_s3_bucket.static_lb: Still destroying... [id=sym-kan-prd-webapp-lambda-alb2nlb-us-east-1, 11m40s elapsed][0m[0m
[0m[1maws_s3_bucket.static_lb: Still destroying... [id=sym-kan-prd-webapp-lambda-alb2nlb-us-east-1, 11m50s elapsed][0m[0m
[0m[1maws_s3_bucket.static_lb: Still destroying... [id=sym-kan-prd-webapp-lambda-alb2nlb-us-east-1, 12m0s elapsed][0m[0m
[0m[1maws_s3_bucket.static_lb: Still destroying... [id=sym-kan-prd-webapp-lambda-alb2nlb-us-east-1, 12m10s elapsed][0m[0m
[0m[1maws_s3_bucket.static_lb: Still destroying... [id=sym-kan-prd-webapp-lambda-alb2nlb-us-east-1, 12m20s elapsed][0m[0m
[0m[1maws_s3_bucket.static_lb: Still destroying... [id=sym-kan-prd-webapp-lambda-alb2nlb-us-east-1, 12m30s elapsed][0m[0m
[0m[1maws_s3_bucket.static_lb: Still destroying... [id=sym-kan-prd-webapp-lambda-alb2nlb-us-east-1, 12m40s elapsed][0m[0m
[0m[1maws_s3_bucket.static_lb: Still destroying... [id=sym-kan-prd-webapp-lambda-alb2nlb-us-east-1, 12m50s elapsed][0m[0m
[0m[1maws_s3_bucket.static_lb: Still destroying... [id=sym-kan-prd-webapp-lambda-alb2nlb-us-east-1, 13m0s elapsed][0m[0m
[0m[1maws_s3_bucket.static_lb: Still destroying... [id=sym-kan-prd-webapp-lambda-alb2nlb-us-east-1, 13m10s elapsed][0m[0m
[0m[1maws_s3_bucket.static_lb: Still destroying... [id=sym-kan-prd-webapp-lambda-alb2nlb-us-east-1, 13m20s elapsed][0m[0m
[0m[1maws_s3_bucket.static_lb: Still destroying... [id=sym-kan-prd-webapp-lambda-alb2nlb-us-east-1, 13m30s elapsed][0m[0m
[0m[1maws_s3_bucket.static_lb: Still destroying... [id=sym-kan-prd-webapp-lambda-alb2nlb-us-east-1, 13m40s elapsed][0m[0m
[0m[1maws_s3_bucket.static_lb: Still destroying... [id=sym-kan-prd-webapp-lambda-alb2nlb-us-east-1, 13m50s elapsed][0m[0m
[0m[1maws_s3_bucket.static_lb: Still destroying... [id=sym-kan-prd-webapp-lambda-alb2nlb-us-east-1, 14m0s elapsed][0m[0m
[0m[1maws_s3_bucket.static_lb: Still destroying... [id=sym-kan-prd-webapp-lambda-alb2nlb-us-east-1, 14m10s elapsed][0m[0m
[0m[1maws_s3_bucket.static_lb: Still destroying... [id=sym-kan-prd-webapp-lambda-alb2nlb-us-east-1, 14m20s elapsed][0m[0m
[0m[1maws_s3_bucket.static_lb: Still destroying... [id=sym-kan-prd-webapp-lambda-alb2nlb-us-east-1, 14m30s elapsed][0m[0m
[0m[1maws_s3_bucket.static_lb: Still destroying... [id=sym-kan-prd-webapp-lambda-alb2nlb-us-east-1, 14m40s elapsed][0m[0m
[0m[1maws_s3_bucket.static_lb: Still destroying... [id=sym-kan-prd-webapp-lambda-alb2nlb-us-east-1, 14m50s elapsed][0m[0m
[0m[1maws_s3_bucket.static_lb: Still destroying... [id=sym-kan-prd-webapp-lambda-alb2nlb-us-east-1, 15m0s elapsed][0m[0m
[0m[1maws_s3_bucket.static_lb: Still destroying... [id=sym-kan-prd-webapp-lambda-alb2nlb-us-east-1, 15m10s elapsed][0m[0m
[0m[1maws_s3_bucket.static_lb: Still destroying... [id=sym-kan-prd-webapp-lambda-alb2nlb-us-east-1, 15m20s elapsed][0m[0m
[0m[1maws_s3_bucket.static_lb: Still destroying... [id=sym-kan-prd-webapp-lambda-alb2nlb-us-east-1, 15m30s elapsed][0m[0m
[0m[1maws_s3_bucket.static_lb: Still destroying... [id=sym-kan-prd-webapp-lambda-alb2nlb-us-east-1, 15m40s elapsed][0m[0m
[0m[1maws_s3_bucket.static_lb: Still destroying... [id=sym-kan-prd-webapp-lambda-alb2nlb-us-east-1, 15m50s elapsed][0m[0m
[0m[1maws_s3_bucket.static_lb: Still destroying... [id=sym-kan-prd-webapp-lambda-alb2nlb-us-east-1, 16m0s elapsed][0m[0m
[0m[1maws_s3_bucket.static_lb: Still destroying... [id=sym-kan-prd-webapp-lambda-alb2nlb-us-east-1, 16m10s elapsed][0m[0m
[0m[1maws_s3_bucket.static_lb: Still destroying... [id=sym-kan-prd-webapp-lambda-alb2nlb-us-east-1, 16m20s elapsed][0m[0m
[0m[1maws_s3_bucket.static_lb: Still destroying... [id=sym-kan-prd-webapp-lambda-alb2nlb-us-east-1, 16m30s elapsed][0m[0m
[0m[1maws_s3_bucket.static_lb: Still destroying... [id=sym-kan-prd-webapp-lambda-alb2nlb-us-east-1, 16m40s elapsed][0m[0m
[0m[1maws_s3_bucket.static_lb: Still destroying... [id=sym-kan-prd-webapp-lambda-alb2nlb-us-east-1, 16m50s elapsed][0m[0m
[0m[1maws_s3_bucket.static_lb: Still destroying... [id=sym-kan-prd-webapp-lambda-alb2nlb-us-east-1, 17m0s elapsed][0m[0m
[0m[1maws_s3_bucket.static_lb: Still destroying... [id=sym-kan-prd-webapp-lambda-alb2nlb-us-east-1, 17m10s elapsed][0m[0m
[0m[1maws_s3_bucket.static_lb: Still destroying... [id=sym-kan-prd-webapp-lambda-alb2nlb-us-east-1, 17m20s elapsed][0m[0m
[0m[1maws_s3_bucket.static_lb: Still destroying... [id=sym-kan-prd-webapp-lambda-alb2nlb-us-east-1, 17m30s elapsed][0m[0m
[0m[1maws_s3_bucket.static_lb: Still destroying... [id=sym-kan-prd-webapp-lambda-alb2nlb-us-east-1, 17m40s elapsed][0m[0m
[0m[1maws_s3_bucket.static_lb: Still destroying... [id=sym-kan-prd-webapp-lambda-alb2nlb-us-east-1, 17m50s elapsed][0m[0m
[0m[1maws_s3_bucket.static_lb: Still destroying... [id=sym-kan-prd-webapp-lambda-alb2nlb-us-east-1, 18m0s elapsed][0m[0m
[0m[1maws_s3_bucket.static_lb: Still destroying... [id=sym-kan-prd-webapp-lambda-alb2nlb-us-east-1, 18m10s elapsed][0m[0m
[0m[1maws_s3_bucket.static_lb: Still destroying... [id=sym-kan-prd-webapp-lambda-alb2nlb-us-east-1, 18m20s elapsed][0m[0m
[0m[1maws_s3_bucket.static_lb: Still destroying... [id=sym-kan-prd-webapp-lambda-alb2nlb-us-east-1, 18m30s elapsed][0m[0m
[0m[1maws_s3_bucket.static_lb: Still destroying... [id=sym-kan-prd-webapp-lambda-alb2nlb-us-east-1, 18m40s elapsed][0m[0m
[0m[1maws_s3_bucket.static_lb: Still destroying... [id=sym-kan-prd-webapp-lambda-alb2nlb-us-east-1, 18m50s elapsed][0m[0m
[0m[1maws_s3_bucket.static_lb: Still destroying... [id=sym-kan-prd-webapp-lambda-alb2nlb-us-east-1, 19m0s elapsed][0m[0m
[0m[1maws_s3_bucket.static_lb: Still destroying... [id=sym-kan-prd-webapp-lambda-alb2nlb-us-east-1, 19m10s elapsed][0m[0m
[0m[1maws_s3_bucket.static_lb: Still destroying... [id=sym-kan-prd-webapp-lambda-alb2nlb-us-east-1, 19m20s elapsed][0m[0m
[0m[1maws_s3_bucket.static_lb: Still destroying... [id=sym-kan-prd-webapp-lambda-alb2nlb-us-east-1, 19m30s elapsed][0m[0m
[0m[1maws_s3_bucket.static_lb: Still destroying... [id=sym-kan-prd-webapp-lambda-alb2nlb-us-east-1, 19m40s elapsed][0m[0m
[0m[1maws_s3_bucket.static_lb: Still destroying... [id=sym-kan-prd-webapp-lambda-alb2nlb-us-east-1, 19m50s elapsed][0m[0m
[0m[1maws_s3_bucket.static_lb: Still destroying... [id=sym-kan-prd-webapp-lambda-alb2nlb-us-east-1, 20m0s elapsed][0m[0m
[0m[1maws_s3_bucket.static_lb: Still destroying... [id=sym-kan-prd-webapp-lambda-alb2nlb-us-east-1, 20m10s elapsed][0m[0m
[0m[1maws_s3_bucket.static_lb: Still destroying... [id=sym-kan-prd-webapp-lambda-alb2nlb-us-east-1, 20m20s elapsed][0m[0m
[0m[1maws_s3_bucket.static_lb: Still destroying... [id=sym-kan-prd-webapp-lambda-alb2nlb-us-east-1, 20m30s elapsed][0m[0m
[0m[1maws_s3_bucket.static_lb: Still destroying... [id=sym-kan-prd-webapp-lambda-alb2nlb-us-east-1, 20m40s elapsed][0m[0m
[0m[1maws_s3_bucket.static_lb: Still destroying... [id=sym-kan-prd-webapp-lambda-alb2nlb-us-east-1, 20m50s elapsed][0m[0m
[0m[1maws_s3_bucket.static_lb: Still destroying... [id=sym-kan-prd-webapp-lambda-alb2nlb-us-east-1, 21m0s elapsed][0m[0m
[0m[1maws_s3_bucket.static_lb: Still destroying... [id=sym-kan-prd-webapp-lambda-alb2nlb-us-east-1, 21m10s elapsed][0m[0m
[0m[1maws_s3_bucket.static_lb: Still destroying... [id=sym-kan-prd-webapp-lambda-alb2nlb-us-east-1, 21m20s elapsed][0m[0m
[0m[1maws_s3_bucket.static_lb: Still destroying... [id=sym-kan-prd-webapp-lambda-alb2nlb-us-east-1, 21m30s elapsed][0m[0m
[0m[1maws_s3_bucket.static_lb: Still destroying... [id=sym-kan-prd-webapp-lambda-alb2nlb-us-east-1, 21m40s elapsed][0m[0m
[0m[1maws_s3_bucket.static_lb: Still destroying... [id=sym-kan-prd-webapp-lambda-alb2nlb-us-east-1, 21m50s elapsed][0m[0m
[0m[1maws_s3_bucket.static_lb: Still destroying... [id=sym-kan-prd-webapp-lambda-alb2nlb-us-east-1, 22m0s elapsed][0m[0m
[0m[1maws_s3_bucket.static_lb: Still destroying... [id=sym-kan-prd-webapp-lambda-alb2nlb-us-east-1, 22m10s elapsed][0m[0m
[0m[1maws_s3_bucket.static_lb: Still destroying... [id=sym-kan-prd-webapp-lambda-alb2nlb-us-east-1, 22m20s elapsed][0m[0m
[0m[1maws_s3_bucket.static_lb: Still destroying... [id=sym-kan-prd-webapp-lambda-alb2nlb-us-east-1, 22m30s elapsed][0m[0m
[0m[1maws_s3_bucket.static_lb: Still destroying... [id=sym-kan-prd-webapp-lambda-alb2nlb-us-east-1, 22m40s elapsed][0m[0m
[0m[1maws_s3_bucket.static_lb: Still destroying... [id=sym-kan-prd-webapp-lambda-alb2nlb-us-east-1, 22m50s elapsed][0m[0m
[0m[1maws_s3_bucket.static_lb: Still destroying... [id=sym-kan-prd-webapp-lambda-alb2nlb-us-east-1, 23m0s elapsed][0m[0m
[0m[1maws_s3_bucket.static_lb: Still destroying... [id=sym-kan-prd-webapp-lambda-alb2nlb-us-east-1, 23m10s elapsed][0m[0m
[0m[1maws_s3_bucket.static_lb: Still destroying... [id=sym-kan-prd-webapp-lambda-alb2nlb-us-east-1, 23m20s elapsed][0m[0m
[0m[1maws_s3_bucket.static_lb: Still destroying... [id=sym-kan-prd-webapp-lambda-alb2nlb-us-east-1, 23m30s elapsed][0m[0m
[0m[1maws_s3_bucket.static_lb: Still destroying... [id=sym-kan-prd-webapp-lambda-alb2nlb-us-east-1, 23m40s elapsed][0m[0m
[0m[1maws_s3_bucket.static_lb: Still destroying... [id=sym-kan-prd-webapp-lambda-alb2nlb-us-east-1, 23m50s elapsed][0m[0m
[0m[1maws_s3_bucket.static_lb: Still destroying... [id=sym-kan-prd-webapp-lambda-alb2nlb-us-east-1, 24m0s elapsed][0m[0m
[0m[1maws_s3_bucket.static_lb: Still destroying... [id=sym-kan-prd-webapp-lambda-alb2nlb-us-east-1, 24m10s elapsed][0m[0m
[0m[1maws_s3_bucket.static_lb: Still destroying... [id=sym-kan-prd-webapp-lambda-alb2nlb-us-east-1, 24m20s elapsed][0m[0m
[0m[1maws_s3_bucket.static_lb: Still destroying... [id=sym-kan-prd-webapp-lambda-alb2nlb-us-east-1, 24m30s elapsed][0m[0m
[0m[1maws_s3_bucket.static_lb: Still destroying... [id=sym-kan-prd-webapp-lambda-alb2nlb-us-east-1, 24m40s elapsed][0m[0m
[0m[1maws_s3_bucket.static_lb: Still destroying... [id=sym-kan-prd-webapp-lambda-alb2nlb-us-east-1, 24m50s elapsed][0m[0m
[0m[1maws_s3_bucket.static_lb: Still destroying... [id=sym-kan-prd-webapp-lambda-alb2nlb-us-east-1, 25m0s elapsed][0m[0m
[0m[1maws_s3_bucket.static_lb: Still destroying... [id=sym-kan-prd-webapp-lambda-alb2nlb-us-east-1, 25m10s elapsed][0m[0m
[0m[1maws_s3_bucket.static_lb: Still destroying... [id=sym-kan-prd-webapp-lambda-alb2nlb-us-east-1, 25m20s elapsed][0m[0m
[0m[1maws_s3_bucket.static_lb: Still destroying... [id=sym-kan-prd-webapp-lambda-alb2nlb-us-east-1, 25m30s elapsed][0m[0m
[0m[1maws_s3_bucket.static_lb: Still destroying... [id=sym-kan-prd-webapp-lambda-alb2nlb-us-east-1, 25m40s elapsed][0m[0m
[0m[1maws_s3_bucket.static_lb: Still destroying... [id=sym-kan-prd-webapp-lambda-alb2nlb-us-east-1, 25m50s elapsed][0m[0m
[0m[1maws_s3_bucket.static_lb: Still destroying... [id=sym-kan-prd-webapp-lambda-alb2nlb-us-east-1, 26m0s elapsed][0m[0m
[0m[1maws_s3_bucket.static_lb: Still destroying... [id=sym-kan-prd-webapp-lambda-alb2nlb-us-east-1, 26m10s elapsed][0m[0m
[0m[1maws_s3_bucket.static_lb: Still destroying... [id=sym-kan-prd-webapp-lambda-alb2nlb-us-east-1, 26m20s elapsed][0m[0m
[0m[1maws_s3_bucket.static_lb: Still destroying... [id=sym-kan-prd-webapp-lambda-alb2nlb-us-east-1, 26m30s elapsed][0m[0m
[0m[1maws_s3_bucket.static_lb: Still destroying... [id=sym-kan-prd-webapp-lambda-alb2nlb-us-east-1, 26m40s elapsed][0m[0m
[0m[1maws_s3_bucket.static_lb: Still destroying... [id=sym-kan-prd-webapp-lambda-alb2nlb-us-east-1, 26m50s elapsed][0m[0m
[0m[1maws_s3_bucket.static_lb: Still destroying... [id=sym-kan-prd-webapp-lambda-alb2nlb-us-east-1, 27m0s elapsed][0m[0m
[0m[1maws_s3_bucket.static_lb: Still destroying... [id=sym-kan-prd-webapp-lambda-alb2nlb-us-east-1, 27m10s elapsed][0m[0m
[0m[1maws_s3_bucket.static_lb: Still destroying... [id=sym-kan-prd-webapp-lambda-alb2nlb-us-east-1, 27m20s elapsed][0m[0m
[0m[1maws_s3_bucket.static_lb: Still destroying... [id=sym-kan-prd-webapp-lambda-alb2nlb-us-east-1, 27m30s elapsed][0m[0m
[0m[1maws_s3_bucket.static_lb: Still destroying... [id=sym-kan-prd-webapp-lambda-alb2nlb-us-east-1, 27m40s elapsed][0m[0m
[0m[1maws_s3_bucket.static_lb: Still destroying... [id=sym-kan-prd-webapp-lambda-alb2nlb-us-east-1, 27m50s elapsed][0m[0m
[0m[1maws_s3_bucket.static_lb: Still destroying... [id=sym-kan-prd-webapp-lambda-alb2nlb-us-east-1, 28m0s elapsed][0m[0m
[0m[1maws_s3_bucket.static_lb: Still destroying... [id=sym-kan-prd-webapp-lambda-alb2nlb-us-east-1, 28m10s elapsed][0m[0m
[0m[1maws_s3_bucket.static_lb: Still destroying... [id=sym-kan-prd-webapp-lambda-alb2nlb-us-east-1, 28m20s elapsed][0m[0m
[0m[1maws_s3_bucket.static_lb: Still destroying... [id=sym-kan-prd-webapp-lambda-alb2nlb-us-east-1, 28m30s elapsed][0m[0m
[0m[1maws_s3_bucket.static_lb: Still destroying... [id=sym-kan-prd-webapp-lambda-alb2nlb-us-east-1, 28m40s elapsed][0m[0m
[0m[1maws_s3_bucket.static_lb: Still destroying... [id=sym-kan-prd-webapp-lambda-alb2nlb-us-east-1, 28m50s elapsed][0m[0m
[0m[1maws_s3_bucket.static_lb: Still destroying... [id=sym-kan-prd-webapp-lambda-alb2nlb-us-east-1, 29m0s elapsed][0m[0m
[0m[1maws_s3_bucket.static_lb: Still destroying... [id=sym-kan-prd-webapp-lambda-alb2nlb-us-east-1, 29m10s elapsed][0m[0m
[0m[1maws_s3_bucket.static_lb: Still destroying... [id=sym-kan-prd-webapp-lambda-alb2nlb-us-east-1, 29m20s elapsed][0m[0m
[0m[1maws_s3_bucket.static_lb: Still destroying... [id=sym-kan-prd-webapp-lambda-alb2nlb-us-east-1, 29m30s elapsed][0m[0m
[0m[1maws_s3_bucket.static_lb: Still destroying... [id=sym-kan-prd-webapp-lambda-alb2nlb-us-east-1, 29m40s elapsed][0m[0m
[0m[1maws_s3_bucket.static_lb: Still destroying... [id=sym-kan-prd-webapp-lambda-alb2nlb-us-east-1, 29m50s elapsed][0m[0m
[0m[1maws_s3_bucket.static_lb: Still destroying... [id=sym-kan-prd-webapp-lambda-alb2nlb-us-east-1, 30m0s elapsed][0m[0m
[0m[1maws_s3_bucket.static_lb: Still destroying... [id=sym-kan-prd-webapp-lambda-alb2nlb-us-east-1, 30m10s elapsed][0m[0m
[0m[1maws_s3_bucket.static_lb: Still destroying... [id=sym-kan-prd-webapp-lambda-alb2nlb-us-east-1, 30m20s elapsed][0m[0m
[0m[1maws_s3_bucket.static_lb: Still destroying... [id=sym-kan-prd-webapp-lambda-alb2nlb-us-east-1, 30m30s elapsed][0m[0m
[0m[1maws_s3_bucket.static_lb: Still destroying... [id=sym-kan-prd-webapp-lambda-alb2nlb-us-east-1, 30m40s elapsed][0m[0m
[0m[1maws_s3_bucket.static_lb: Still destroying... [id=sym-kan-prd-webapp-lambda-alb2nlb-us-east-1, 30m50s elapsed][0m[0m
[0m[1maws_s3_bucket.static_lb: Still destroying... [id=sym-kan-prd-webapp-lambda-alb2nlb-us-east-1, 31m0s elapsed][0m[0m
[0m[1maws_s3_bucket.static_lb: Still destroying... [id=sym-kan-prd-webapp-lambda-alb2nlb-us-east-1, 31m10s elapsed][0m[0m
[0m[1maws_s3_bucket.static_lb: Still destroying... [id=sym-kan-prd-webapp-lambda-alb2nlb-us-east-1, 31m20s elapsed][0m[0m
[0m[1maws_s3_bucket.static_lb: Still destroying... [id=sym-kan-prd-webapp-lambda-alb2nlb-us-east-1, 31m30s elapsed][0m[0m
[0m[1maws_s3_bucket.static_lb: Still destroying... [id=sym-kan-prd-webapp-lambda-alb2nlb-us-east-1, 31m40s elapsed][0m[0m
[0m[1maws_s3_bucket.static_lb: Still destroying... [id=sym-kan-prd-webapp-lambda-alb2nlb-us-east-1, 31m50s elapsed][0m[0m
[0m[1maws_s3_bucket.static_lb: Still destroying... [id=sym-kan-prd-webapp-lambda-alb2nlb-us-east-1, 32m0s elapsed][0m[0m
[0m[1maws_s3_bucket.static_lb: Still destroying... [id=sym-kan-prd-webapp-lambda-alb2nlb-us-east-1, 32m10s elapsed][0m[0m
[0m[1maws_s3_bucket.static_lb: Still destroying... [id=sym-kan-prd-webapp-lambda-alb2nlb-us-east-1, 32m20s elapsed][0m[0m
[0m[1maws_s3_bucket.static_lb: Still destroying... [id=sym-kan-prd-webapp-lambda-alb2nlb-us-east-1, 32m30s elapsed][0m[0m
[0m[1maws_s3_bucket.static_lb: Still destroying... [id=sym-kan-prd-webapp-lambda-alb2nlb-us-east-1, 32m40s elapsed][0m[0m
[0m[1maws_s3_bucket.static_lb: Still destroying... [id=sym-kan-prd-webapp-lambda-alb2nlb-us-east-1, 32m50s elapsed][0m[0m
[0m[1maws_s3_bucket.static_lb: Still destroying... [id=sym-kan-prd-webapp-lambda-alb2nlb-us-east-1, 33m0s elapsed][0m[0m
[0m[1maws_s3_bucket.static_lb: Still destroying... [id=sym-kan-prd-webapp-lambda-alb2nlb-us-east-1, 33m10s elapsed][0m[0m
[0m[1maws_s3_bucket.static_lb: Still destroying... [id=sym-kan-prd-webapp-lambda-alb2nlb-us-east-1, 33m20s elapsed][0m[0m
[0m[1maws_s3_bucket.static_lb: Still destroying... [id=sym-kan-prd-webapp-lambda-alb2nlb-us-east-1, 33m30s elapsed][0m[0m
[0m[1maws_s3_bucket.static_lb: Still destroying... [id=sym-kan-prd-webapp-lambda-alb2nlb-us-east-1, 33m40s elapsed][0m[0m
[0m[1maws_s3_bucket.static_lb: Still destroying... [id=sym-kan-prd-webapp-lambda-alb2nlb-us-east-1, 33m50s elapsed][0m[0m
[0m[1maws_s3_bucket.static_lb: Still destroying... [id=sym-kan-prd-webapp-lambda-alb2nlb-us-east-1, 34m0s elapsed][0m[0m
[0m[1maws_s3_bucket.static_lb: Still destroying... [id=sym-kan-prd-webapp-lambda-alb2nlb-us-east-1, 34m10s elapsed][0m[0m
[0m[1maws_s3_bucket.static_lb: Still destroying... [id=sym-kan-prd-webapp-lambda-alb2nlb-us-east-1, 34m20s elapsed][0m[0m
[0m[1maws_s3_bucket.static_lb: Still destroying... [id=sym-kan-prd-webapp-lambda-alb2nlb-us-east-1, 34m30s elapsed][0m[0m
[0m[1maws_s3_bucket.static_lb: Still destroying... [id=sym-kan-prd-webapp-lambda-alb2nlb-us-east-1, 34m40s elapsed][0m[0m
[0m[1maws_s3_bucket.static_lb: Still destroying... [id=sym-kan-prd-webapp-lambda-alb2nlb-us-east-1, 34m50s elapsed][0m[0m
[0m[1maws_s3_bucket.static_lb: Still destroying... [id=sym-kan-prd-webapp-lambda-alb2nlb-us-east-1, 35m0s elapsed][0m[0m
[0m[1maws_s3_bucket.static_lb: Still destroying... [id=sym-kan-prd-webapp-lambda-alb2nlb-us-east-1, 35m10s elapsed][0m[0m
[0m[1maws_s3_bucket.static_lb: Still destroying... [id=sym-kan-prd-webapp-lambda-alb2nlb-us-east-1, 35m20s elapsed][0m[0m
[0m[1maws_s3_bucket.static_lb: Still destroying... [id=sym-kan-prd-webapp-lambda-alb2nlb-us-east-1, 35m30s elapsed][0m[0m
[0m[1maws_s3_bucket.static_lb: Still destroying... [id=sym-kan-prd-webapp-lambda-alb2nlb-us-east-1, 35m40s elapsed][0m[0m
[0m[1maws_s3_bucket.static_lb: Still destroying... [id=sym-kan-prd-webapp-lambda-alb2nlb-us-east-1, 35m50s elapsed][0m[0m
[0m[1maws_s3_bucket.static_lb: Still destroying... [id=sym-kan-prd-webapp-lambda-alb2nlb-us-east-1, 36m0s elapsed][0m[0m
[0m[1maws_s3_bucket.static_lb: Still destroying... [id=sym-kan-prd-webapp-lambda-alb2nlb-us-east-1, 36m10s elapsed][0m[0m
[0m[1maws_s3_bucket.static_lb: Still destroying... [id=sym-kan-prd-webapp-lambda-alb2nlb-us-east-1, 36m20s elapsed][0m[0m
[0m[1maws_s3_bucket.static_lb: Still destroying... [id=sym-kan-prd-webapp-lambda-alb2nlb-us-east-1, 36m30s elapsed][0m[0m
[0m[1maws_s3_bucket.static_lb: Still destroying... [id=sym-kan-prd-webapp-lambda-alb2nlb-us-east-1, 36m40s elapsed][0m[0m
[0m[1maws_s3_bucket.static_lb: Still destroying... [id=sym-kan-prd-webapp-lambda-alb2nlb-us-east-1, 36m50s elapsed][0m[0m
[0m[1maws_s3_bucket.static_lb: Still destroying... [id=sym-kan-prd-webapp-lambda-alb2nlb-us-east-1, 37m0s elapsed][0m[0m
[0m[1maws_s3_bucket.static_lb: Still destroying... [id=sym-kan-prd-webapp-lambda-alb2nlb-us-east-1, 37m10s elapsed][0m[0m
[0m[1maws_s3_bucket.static_lb: Still destroying... [id=sym-kan-prd-webapp-lambda-alb2nlb-us-east-1, 37m20s elapsed][0m[0m
[0m[1maws_s3_bucket.static_lb: Still destroying... [id=sym-kan-prd-webapp-lambda-alb2nlb-us-east-1, 37m30s elapsed][0m[0m
[0m[1maws_s3_bucket.static_lb: Still destroying... [id=sym-kan-prd-webapp-lambda-alb2nlb-us-east-1, 37m40s elapsed][0m[0m
[0m[1maws_s3_bucket.static_lb: Still destroying... [id=sym-kan-prd-webapp-lambda-alb2nlb-us-east-1, 37m50s elapsed][0m[0m
[0m[1maws_s3_bucket.static_lb: Still destroying... [id=sym-kan-prd-webapp-lambda-alb2nlb-us-east-1, 38m0s elapsed][0m[0m
[0m[1maws_s3_bucket.static_lb: Still destroying... [id=sym-kan-prd-webapp-lambda-alb2nlb-us-east-1, 38m10s elapsed][0m[0m
[0m[1maws_s3_bucket.static_lb: Still destroying... [id=sym-kan-prd-webapp-lambda-alb2nlb-us-east-1, 38m20s elapsed][0m[0m
[0m[1maws_s3_bucket.static_lb: Still destroying... [id=sym-kan-prd-webapp-lambda-alb2nlb-us-east-1, 38m30s elapsed][0m[0m
[0m[1maws_s3_bucket.static_lb: Still destroying... [id=sym-kan-prd-webapp-lambda-alb2nlb-us-east-1, 38m40s elapsed][0m[0m
[0m[1maws_s3_bucket.static_lb: Still destroying... [id=sym-kan-prd-webapp-lambda-alb2nlb-us-east-1, 38m50s elapsed][0m[0m
[0m[1maws_s3_bucket.static_lb: Still destroying... [id=sym-kan-prd-webapp-lambda-alb2nlb-us-east-1, 39m0s elapsed][0m[0m
[0m[1maws_s3_bucket.static_lb: Still destroying... [id=sym-kan-prd-webapp-lambda-alb2nlb-us-east-1, 39m10s elapsed][0m[0m
[0m[1maws_s3_bucket.static_lb: Still destroying... [id=sym-kan-prd-webapp-lambda-alb2nlb-us-east-1, 39m20s elapsed][0m[0m
[0m[1maws_s3_bucket.static_lb: Still destroying... [id=sym-kan-prd-webapp-lambda-alb2nlb-us-east-1, 39m30s elapsed][0m[0m
[0m[1maws_s3_bucket.static_lb: Still destroying... [id=sym-kan-prd-webapp-lambda-alb2nlb-us-east-1, 39m40s elapsed][0m[0m
[0m[1maws_s3_bucket.static_lb: Still destroying... [id=sym-kan-prd-webapp-lambda-alb2nlb-us-east-1, 39m50s elapsed][0m[0m
[0m[1maws_s3_bucket.static_lb: Still destroying... [id=sym-kan-prd-webapp-lambda-alb2nlb-us-east-1, 40m0s elapsed][0m[0m
[0m[1maws_s3_bucket.static_lb: Still destroying... [id=sym-kan-prd-webapp-lambda-alb2nlb-us-east-1, 40m10s elapsed][0m[0m
[0m[1maws_s3_bucket.static_lb: Still destroying... [id=sym-kan-prd-webapp-lambda-alb2nlb-us-east-1, 40m20s elapsed][0m[0m
[0m[1maws_s3_bucket.static_lb: Still destroying... [id=sym-kan-prd-webapp-lambda-alb2nlb-us-east-1, 40m30s elapsed][0m[0m
[0m[1maws_s3_bucket.static_lb: Still destroying... [id=sym-kan-prd-webapp-lambda-alb2nlb-us-east-1, 40m40s elapsed][0m[0m
[0m[1maws_s3_bucket.static_lb: Still destroying... [id=sym-kan-prd-webapp-lambda-alb2nlb-us-east-1, 40m50s elapsed][0m[0m
[0m[1maws_s3_bucket.static_lb: Still destroying... [id=sym-kan-prd-webapp-lambda-alb2nlb-us-east-1, 41m0s elapsed][0m[0m
[0m[1maws_s3_bucket.static_lb: Still destroying... [id=sym-kan-prd-webapp-lambda-alb2nlb-us-east-1, 41m10s elapsed][0m[0m
[0m[1maws_s3_bucket.static_lb: Still destroying... [id=sym-kan-prd-webapp-lambda-alb2nlb-us-east-1, 41m20s elapsed][0m[0m
[0m[1maws_s3_bucket.static_lb: Still destroying... [id=sym-kan-prd-webapp-lambda-alb2nlb-us-east-1, 41m30s elapsed][0m[0m
[0m[1maws_s3_bucket.static_lb: Still destroying... [id=sym-kan-prd-webapp-lambda-alb2nlb-us-east-1, 41m40s elapsed][0m[0m
[0m[1maws_s3_bucket.static_lb: Still destroying... [id=sym-kan-prd-webapp-lambda-alb2nlb-us-east-1, 41m50s elapsed][0m[0m
[0m[1maws_s3_bucket.static_lb: Still destroying... [id=sym-kan-prd-webapp-lambda-alb2nlb-us-east-1, 42m0s elapsed][0m[0m
[0m[1maws_s3_bucket.static_lb: Still destroying... [id=sym-kan-prd-webapp-lambda-alb2nlb-us-east-1, 42m10s elapsed][0m[0m
[0m[1maws_s3_bucket.static_lb: Still destroying... [id=sym-kan-prd-webapp-lambda-alb2nlb-us-east-1, 42m20s elapsed][0m[0m
[0m[1maws_s3_bucket.static_lb: Still destroying... [id=sym-kan-prd-webapp-lambda-alb2nlb-us-east-1, 42m30s elapsed][0m[0m
[0m[1maws_s3_bucket.static_lb: Still destroying... [id=sym-kan-prd-webapp-lambda-alb2nlb-us-east-1, 42m40s elapsed][0m[0m
[0m[1maws_s3_bucket.static_lb: Still destroying... [id=sym-kan-prd-webapp-lambda-alb2nlb-us-east-1, 42m50s elapsed][0m[0m
[0m[1maws_s3_bucket.static_lb: Still destroying... [id=sym-kan-prd-webapp-lambda-alb2nlb-us-east-1, 43m0s elapsed][0m[0m
[0m[1maws_s3_bucket.static_lb: Still destroying... [id=sym-kan-prd-webapp-lambda-alb2nlb-us-east-1, 43m10s elapsed][0m[0m
[0m[1maws_s3_bucket.static_lb: Still destroying... [id=sym-kan-prd-webapp-lambda-alb2nlb-us-east-1, 43m20s elapsed][0m[0m
[0m[1maws_s3_bucket.static_lb: Still destroying... [id=sym-kan-prd-webapp-lambda-alb2nlb-us-east-1, 43m30s elapsed][0m[0m
[0m[1maws_s3_bucket.static_lb: Still destroying... [id=sym-kan-prd-webapp-lambda-alb2nlb-us-east-1, 43m40s elapsed][0m[0m
[0m[1maws_s3_bucket.static_lb: Still destroying... [id=sym-kan-prd-webapp-lambda-alb2nlb-us-east-1, 43m50s elapsed][0m[0m
[0m[1maws_s3_bucket.static_lb: Still destroying... [id=sym-kan-prd-webapp-lambda-alb2nlb-us-east-1, 44m0s elapsed][0m[0m
[0m[1maws_s3_bucket.static_lb: Still destroying... [id=sym-kan-prd-webapp-lambda-alb2nlb-us-east-1, 44m10s elapsed][0m[0m
[0m[1maws_s3_bucket.static_lb: Still destroying... [id=sym-kan-prd-webapp-lambda-alb2nlb-us-east-1, 44m20s elapsed][0m[0m
[0m[1maws_s3_bucket.static_lb: Still destroying... [id=sym-kan-prd-webapp-lambda-alb2nlb-us-east-1, 44m30s elapsed][0m[0m
[0m[1maws_s3_bucket.static_lb: Still destroying... [id=sym-kan-prd-webapp-lambda-alb2nlb-us-east-1, 44m40s elapsed][0m[0m
[0m[1maws_s3_bucket.static_lb: Still destroying... [id=sym-kan-prd-webapp-lambda-alb2nlb-us-east-1, 44m50s elapsed][0m[0m
[0m[1maws_s3_bucket.static_lb: Still destroying... [id=sym-kan-prd-webapp-lambda-alb2nlb-us-east-1, 45m0s elapsed][0m[0m
[0m[1maws_s3_bucket.static_lb: Still destroying... [id=sym-kan-prd-webapp-lambda-alb2nlb-us-east-1, 45m10s elapsed][0m[0m
[0m[1maws_s3_bucket.static_lb: Still destroying... [id=sym-kan-prd-webapp-lambda-alb2nlb-us-east-1, 45m20s elapsed][0m[0m
[0m[1maws_s3_bucket.static_lb: Still destroying... [id=sym-kan-prd-webapp-lambda-alb2nlb-us-east-1, 45m30s elapsed][0m[0m
[0m[1maws_s3_bucket.static_lb: Still destroying... [id=sym-kan-prd-webapp-lambda-alb2nlb-us-east-1, 45m40s elapsed][0m[0m
[0m[1maws_s3_bucket.static_lb: Still destroying... [id=sym-kan-prd-webapp-lambda-alb2nlb-us-east-1, 45m50s elapsed][0m[0m
[0m[1maws_s3_bucket.static_lb: Still destroying... [id=sym-kan-prd-webapp-lambda-alb2nlb-us-east-1, 46m0s elapsed][0m[0m
[0m[1maws_s3_bucket.static_lb: Still destroying... [id=sym-kan-prd-webapp-lambda-alb2nlb-us-east-1, 46m10s elapsed][0m[0m
[0m[1maws_s3_bucket.static_lb: Still destroying... [id=sym-kan-prd-webapp-lambda-alb2nlb-us-east-1, 46m20s elapsed][0m[0m
[0m[1maws_s3_bucket.static_lb: Still destroying... [id=sym-kan-prd-webapp-lambda-alb2nlb-us-east-1, 46m30s elapsed][0m[0m
[0m[1maws_s3_bucket.static_lb: Still destroying... [id=sym-kan-prd-webapp-lambda-alb2nlb-us-east-1, 46m40s elapsed][0m[0m
[0m[1maws_s3_bucket.static_lb: Still destroying... [id=sym-kan-prd-webapp-lambda-alb2nlb-us-east-1, 46m50s elapsed][0m[0m
[0m[1maws_s3_bucket.static_lb: Still destroying... [id=sym-kan-prd-webapp-lambda-alb2nlb-us-east-1, 47m0s elapsed][0m[0m
[0m[1maws_s3_bucket.static_lb: Still destroying... [id=sym-kan-prd-webapp-lambda-alb2nlb-us-east-1, 47m10s elapsed][0m[0m
[0m[1maws_s3_bucket.static_lb: Still destroying... [id=sym-kan-prd-webapp-lambda-alb2nlb-us-east-1, 47m20s elapsed][0m[0m
[0m[1maws_s3_bucket.static_lb: Still destroying... [id=sym-kan-prd-webapp-lambda-alb2nlb-us-east-1, 47m30s elapsed][0m[0m
[0m[1maws_s3_bucket.static_lb: Still destroying... [id=sym-kan-prd-webapp-lambda-alb2nlb-us-east-1, 47m40s elapsed][0m[0m
[0m[1maws_s3_bucket.static_lb: Still destroying... [id=sym-kan-prd-webapp-lambda-alb2nlb-us-east-1, 47m50s elapsed][0m[0m
[0m[1maws_s3_bucket.static_lb: Still destroying... [id=sym-kan-prd-webapp-lambda-alb2nlb-us-east-1, 48m0s elapsed][0m[0m
[0m[1maws_s3_bucket.static_lb: Still destroying... [id=sym-kan-prd-webapp-lambda-alb2nlb-us-east-1, 48m10s elapsed][0m[0m
[0m[1maws_s3_bucket.static_lb: Still destroying... [id=sym-kan-prd-webapp-lambda-alb2nlb-us-east-1, 48m20s elapsed][0m[0m
[0m[1maws_s3_bucket.static_lb: Still destroying... [id=sym-kan-prd-webapp-lambda-alb2nlb-us-east-1, 48m30s elapsed][0m[0m
[0m[1maws_s3_bucket.static_lb: Still destroying... [id=sym-kan-prd-webapp-lambda-alb2nlb-us-east-1, 48m40s elapsed][0m[0m
[0m[1maws_s3_bucket.static_lb: Still destroying... [id=sym-kan-prd-webapp-lambda-alb2nlb-us-east-1, 48m50s elapsed][0m[0m
[0m[1maws_s3_bucket.static_lb: Still destroying... [id=sym-kan-prd-webapp-lambda-alb2nlb-us-east-1, 49m0s elapsed][0m[0m
[0m[1maws_s3_bucket.static_lb: Still destroying... [id=sym-kan-prd-webapp-lambda-alb2nlb-us-east-1, 49m10s elapsed][0m[0m
[0m[1maws_s3_bucket.static_lb: Still destroying... [id=sym-kan-prd-webapp-lambda-alb2nlb-us-east-1, 49m20s elapsed][0m[0m
[0m[1maws_s3_bucket.static_lb: Still destroying... [id=sym-kan-prd-webapp-lambda-alb2nlb-us-east-1, 49m30s elapsed][0m[0m
[0m[1maws_s3_bucket.static_lb: Still destroying... [id=sym-kan-prd-webapp-lambda-alb2nlb-us-east-1, 49m40s elapsed][0m[0m
[0m[1maws_s3_bucket.static_lb: Still destroying... [id=sym-kan-prd-webapp-lambda-alb2nlb-us-east-1, 49m50s elapsed][0m[0m
[0m[1maws_s3_bucket.static_lb: Still destroying... [id=sym-kan-prd-webapp-lambda-alb2nlb-us-east-1, 50m0s elapsed][0m[0m
[0m[1maws_s3_bucket.static_lb: Still destroying... [id=sym-kan-prd-webapp-lambda-alb2nlb-us-east-1, 50m10s elapsed][0m[0m
[0m[1maws_s3_bucket.static_lb: Still destroying... [id=sym-kan-prd-webapp-lambda-alb2nlb-us-east-1, 50m20s elapsed][0m[0m
[0m[1maws_s3_bucket.static_lb: Still destroying... [id=sym-kan-prd-webapp-lambda-alb2nlb-us-east-1, 50m30s elapsed][0m[0m
[0m[1maws_s3_bucket.static_lb: Still destroying... [id=sym-kan-prd-webapp-lambda-alb2nlb-us-east-1, 50m40s elapsed][0m[0m
[0m[1maws_s3_bucket.static_lb: Still destroying... [id=sym-kan-prd-webapp-lambda-alb2nlb-us-east-1, 50m50s elapsed][0m[0m
[0m[1maws_s3_bucket.static_lb: Still destroying... [id=sym-kan-prd-webapp-lambda-alb2nlb-us-east-1, 51m0s elapsed][0m[0m
[0m[1maws_s3_bucket.static_lb: Still destroying... [id=sym-kan-prd-webapp-lambda-alb2nlb-us-east-1, 51m10s elapsed][0m[0m
[0m[1maws_s3_bucket.static_lb: Still destroying... [id=sym-kan-prd-webapp-lambda-alb2nlb-us-east-1, 51m20s elapsed][0m[0m
[0m[1maws_s3_bucket.static_lb: Still destroying... [id=sym-kan-prd-webapp-lambda-alb2nlb-us-east-1, 51m30s elapsed][0m[0m
[0m[1maws_s3_bucket.static_lb: Still destroying... [id=sym-kan-prd-webapp-lambda-alb2nlb-us-east-1, 51m40s elapsed][0m[0m
[0m[1maws_s3_bucket.static_lb: Still destroying... [id=sym-kan-prd-webapp-lambda-alb2nlb-us-east-1, 51m50s elapsed][0m[0m
[0m[1maws_s3_bucket.static_lb: Still destroying... [id=sym-kan-prd-webapp-lambda-alb2nlb-us-east-1, 52m0s elapsed][0m[0m
[0m[1maws_s3_bucket.static_lb: Still destroying... [id=sym-kan-prd-webapp-lambda-alb2nlb-us-east-1, 52m10s elapsed][0m[0m
[0m[1maws_s3_bucket.static_lb: Still destroying... [id=sym-kan-prd-webapp-lambda-alb2nlb-us-east-1, 52m20s elapsed][0m[0m
[0m[1maws_s3_bucket.static_lb: Still destroying... [id=sym-kan-prd-webapp-lambda-alb2nlb-us-east-1, 52m30s elapsed][0m[0m
[0m[1maws_s3_bucket.static_lb: Still destroying... [id=sym-kan-prd-webapp-lambda-alb2nlb-us-east-1, 52m40s elapsed][0m[0m
[0m[1maws_s3_bucket.static_lb: Still destroying... [id=sym-kan-prd-webapp-lambda-alb2nlb-us-east-1, 52m50s elapsed][0m[0m
[0m[1maws_s3_bucket.static_lb: Still destroying... [id=sym-kan-prd-webapp-lambda-alb2nlb-us-east-1, 53m0s elapsed][0m[0m
[0m[1maws_s3_bucket.static_lb: Still destroying... [id=sym-kan-prd-webapp-lambda-alb2nlb-us-east-1, 53m10s elapsed][0m[0m
[0m[1maws_s3_bucket.static_lb: Still destroying... [id=sym-kan-prd-webapp-lambda-alb2nlb-us-east-1, 53m20s elapsed][0m[0m
[0m[1maws_s3_bucket.static_lb: Still destroying... [id=sym-kan-prd-webapp-lambda-alb2nlb-us-east-1, 53m30s elapsed][0m[0m
[0m[1maws_s3_bucket.static_lb: Still destroying... [id=sym-kan-prd-webapp-lambda-alb2nlb-us-east-1, 53m40s elapsed][0m[0m
[0m[1maws_s3_bucket.static_lb: Still destroying... [id=sym-kan-prd-webapp-lambda-alb2nlb-us-east-1, 53m50s elapsed][0m[0m
[0m[1maws_s3_bucket.static_lb: Still destroying... [id=sym-kan-prd-webapp-lambda-alb2nlb-us-east-1, 54m0s elapsed][0m[0m
[0m[1maws_s3_bucket.static_lb: Still destroying... [id=sym-kan-prd-webapp-lambda-alb2nlb-us-east-1, 54m10s elapsed][0m[0m
[0m[1maws_s3_bucket.static_lb: Still destroying... [id=sym-kan-prd-webapp-lambda-alb2nlb-us-east-1, 54m20s elapsed][0m[0m
[0m[1maws_s3_bucket.static_lb: Still destroying... [id=sym-kan-prd-webapp-lambda-alb2nlb-us-east-1, 54m30s elapsed][0m[0m
[0m[1maws_s3_bucket.static_lb: Still destroying... [id=sym-kan-prd-webapp-lambda-alb2nlb-us-east-1, 54m40s elapsed][0m[0m
[0m[1maws_s3_bucket.static_lb: Still destroying... [id=sym-kan-prd-webapp-lambda-alb2nlb-us-east-1, 54m50s elapsed][0m[0m
[0m[1maws_s3_bucket.static_lb: Still destroying... [id=sym-kan-prd-webapp-lambda-alb2nlb-us-east-1, 55m0s elapsed][0m[0m
[0m[1maws_s3_bucket.static_lb: Still destroying... [id=sym-kan-prd-webapp-lambda-alb2nlb-us-east-1, 55m10s elapsed][0m[0m
[0m[1maws_s3_bucket.static_lb: Still destroying... [id=sym-kan-prd-webapp-lambda-alb2nlb-us-east-1, 55m20s elapsed][0m[0m
[0m[1maws_s3_bucket.static_lb: Still destroying... [id=sym-kan-prd-webapp-lambda-alb2nlb-us-east-1, 55m30s elapsed][0m[0m
[0m[1maws_s3_bucket.static_lb: Still destroying... [id=sym-kan-prd-webapp-lambda-alb2nlb-us-east-1, 55m40s elapsed][0m[0m
[0m[1maws_s3_bucket.static_lb: Still destroying... [id=sym-kan-prd-webapp-lambda-alb2nlb-us-east-1, 55m50s elapsed][0m[0m
[0m[1maws_s3_bucket.static_lb: Still destroying... [id=sym-kan-prd-webapp-lambda-alb2nlb-us-east-1, 56m0s elapsed][0m[0m
[0m[1maws_s3_bucket.static_lb: Still destroying... [id=sym-kan-prd-webapp-lambda-alb2nlb-us-east-1, 56m10s elapsed][0m[0m
[0m[1maws_s3_bucket.static_lb: Still destroying... [id=sym-kan-prd-webapp-lambda-alb2nlb-us-east-1, 56m20s elapsed][0m[0m
[0m[1maws_s3_bucket.static_lb: Still destroying... [id=sym-kan-prd-webapp-lambda-alb2nlb-us-east-1, 56m30s elapsed][0m[0m
[0m[1maws_s3_bucket.static_lb: Still destroying... [id=sym-kan-prd-webapp-lambda-alb2nlb-us-east-1, 56m40s elapsed][0m[0m
[0m[1maws_s3_bucket.static_lb: Still destroying... [id=sym-kan-prd-webapp-lambda-alb2nlb-us-east-1, 56m50s elapsed][0m[0m
[0m[1maws_s3_bucket.static_lb: Still destroying... [id=sym-kan-prd-webapp-lambda-alb2nlb-us-east-1, 57m0s elapsed][0m[0m
[0m[1maws_s3_bucket.static_lb: Still destroying... [id=sym-kan-prd-webapp-lambda-alb2nlb-us-east-1, 57m10s elapsed][0m[0m
[0m[1maws_s3_bucket.static_lb: Still destroying... [id=sym-kan-prd-webapp-lambda-alb2nlb-us-east-1, 57m20s elapsed][0m[0m
[0m[1maws_s3_bucket.static_lb: Still destroying... [id=sym-kan-prd-webapp-lambda-alb2nlb-us-east-1, 57m30s elapsed][0m[0m
[0m[1maws_s3_bucket.static_lb: Still destroying... [id=sym-kan-prd-webapp-lambda-alb2nlb-us-east-1, 57m40s elapsed][0m[0m
[0m[1maws_s3_bucket.static_lb: Still destroying... [id=sym-kan-prd-webapp-lambda-alb2nlb-us-east-1, 57m50s elapsed][0m[0m
[0m[1maws_s3_bucket.static_lb: Still destroying... [id=sym-kan-prd-webapp-lambda-alb2nlb-us-east-1, 58m0s elapsed][0m[0m
[0m[1maws_s3_bucket.static_lb: Still destroying... [id=sym-kan-prd-webapp-lambda-alb2nlb-us-east-1, 58m10s elapsed][0m[0m
[0m[1maws_s3_bucket.static_lb: Still destroying... [id=sym-kan-prd-webapp-lambda-alb2nlb-us-east-1, 58m20s elapsed][0m[0m
[0m[1maws_s3_bucket.static_lb: Still destroying... [id=sym-kan-prd-webapp-lambda-alb2nlb-us-east-1, 58m30s elapsed][0m[0m
[0m[1maws_s3_bucket.static_lb: Still destroying... [id=sym-kan-prd-webapp-lambda-alb2nlb-us-east-1, 58m40s elapsed][0m[0m
[0m[1maws_s3_bucket.static_lb: Still destroying... [id=sym-kan-prd-webapp-lambda-alb2nlb-us-east-1, 58m50s elapsed][0m[0m
[0m[1maws_s3_bucket.static_lb: Still destroying... [id=sym-kan-prd-webapp-lambda-alb2nlb-us-east-1, 59m0s elapsed][0m[0m
[0m[1maws_s3_bucket.static_lb: Still destroying... [id=sym-kan-prd-webapp-lambda-alb2nlb-us-east-1, 59m10s elapsed][0m[0m
[0m[1maws_s3_bucket.static_lb: Still destroying... [id=sym-kan-prd-webapp-lambda-alb2nlb-us-east-1, 59m20s elapsed][0m[0m
[0m[1maws_s3_bucket.static_lb: Still destroying... [id=sym-kan-prd-webapp-lambda-alb2nlb-us-east-1, 59m30s elapsed][0m[0m
[0m[1maws_s3_bucket.static_lb: Still destroying... [id=sym-kan-prd-webapp-lambda-alb2nlb-us-east-1, 59m40s elapsed][0m[0m
[0m[1maws_s3_bucket.static_lb: Still destroying... [id=sym-kan-prd-webapp-lambda-alb2nlb-us-east-1, 59m50s elapsed][0m[0m
[0m[1maws_s3_bucket.static_lb: Still destroying... [id=sym-kan-prd-webapp-lambda-alb2nlb-us-east-1, 1h0m0s elapsed][0m[0m
[0m[1maws_s3_bucket.static_lb: Still destroying... [id=sym-kan-prd-webapp-lambda-alb2nlb-us-east-1, 1h0m10s elapsed][0m[0m
[0m[1maws_s3_bucket.static_lb: Still destroying... [id=sym-kan-prd-webapp-lambda-alb2nlb-us-east-1, 1h0m20s elapsed][0m[0m
[0m[1maws_s3_bucket.static_lb: Still destroying... [id=sym-kan-prd-webapp-lambda-alb2nlb-us-east-1, 1h0m30s elapsed][0m[0m
[0m[1maws_s3_bucket.static_lb: Still destroying... [id=sym-kan-prd-webapp-lambda-alb2nlb-us-east-1, 1h0m40s elapsed][0m[0m
[0m[1maws_s3_bucket.static_lb: Still destroying... [id=sym-kan-prd-webapp-lambda-alb2nlb-us-east-1, 1h0m50s elapsed][0m[0m
[0m[1maws_s3_bucket.static_lb: Still destroying... [id=sym-kan-prd-webapp-lambda-alb2nlb-us-east-1, 1h1m0s elapsed][0m[0m
[0m[1maws_s3_bucket.static_lb: Still destroying... [id=sym-kan-prd-webapp-lambda-alb2nlb-us-east-1, 1h1m10s elapsed][0m[0m
[0m[1maws_s3_bucket.static_lb: Still destroying... [id=sym-kan-prd-webapp-lambda-alb2nlb-us-east-1, 1h1m20s elapsed][0m[0m
[0m[1maws_s3_bucket.static_lb: Still destroying... [id=sym-kan-prd-webapp-lambda-alb2nlb-us-east-1, 1h1m30s elapsed][0m[0m
[0m[1maws_s3_bucket.static_lb: Still destroying... [id=sym-kan-prd-webapp-lambda-alb2nlb-us-east-1, 1h1m40s elapsed][0m[0m
[0m[1maws_s3_bucket.static_lb: Still destroying... [id=sym-kan-prd-webapp-lambda-alb2nlb-us-east-1, 1h1m50s elapsed][0m[0m
[0m[1maws_s3_bucket.static_lb: Still destroying... [id=sym-kan-prd-webapp-lambda-alb2nlb-us-east-1, 1h2m0s elapsed][0m[0m
[0m[1maws_s3_bucket.static_lb: Still destroying... [id=sym-kan-prd-webapp-lambda-alb2nlb-us-east-1, 1h2m10s elapsed][0m[0m
[0m[1maws_s3_bucket.static_lb: Still destroying... [id=sym-kan-prd-webapp-lambda-alb2nlb-us-east-1, 1h2m20s elapsed][0m[0m
[0m[1maws_s3_bucket.static_lb: Still destroying... [id=sym-kan-prd-webapp-lambda-alb2nlb-us-east-1, 1h2m30s elapsed][0m[0m
[0m[1maws_s3_bucket.static_lb: Still destroying... [id=sym-kan-prd-webapp-lambda-alb2nlb-us-east-1, 1h2m40s elapsed][0m[0m
[0m[1maws_s3_bucket.static_lb: Still destroying... [id=sym-kan-prd-webapp-lambda-alb2nlb-us-east-1, 1h2m50s elapsed][0m[0m
[0m[1maws_s3_bucket.static_lb: Still destroying... [id=sym-kan-prd-webapp-lambda-alb2nlb-us-east-1, 1h3m0s elapsed][0m[0m
[0m[1maws_s3_bucket.static_lb: Still destroying... [id=sym-kan-prd-webapp-lambda-alb2nlb-us-east-1, 1h3m10s elapsed][0m[0m
[0m[1maws_s3_bucket.static_lb: Still destroying... [id=sym-kan-prd-webapp-lambda-alb2nlb-us-east-1, 1h3m20s elapsed][0m[0m
[0m[1maws_s3_bucket.static_lb: Still destroying... [id=sym-kan-prd-webapp-lambda-alb2nlb-us-east-1, 1h3m30s elapsed][0m[0m
[0m[1maws_s3_bucket.static_lb: Still destroying... [id=sym-kan-prd-webapp-lambda-alb2nlb-us-east-1, 1h3m40s elapsed][0m[0m
[0m[1maws_s3_bucket.static_lb: Still destroying... [id=sym-kan-prd-webapp-lambda-alb2nlb-us-east-1, 1h3m50s elapsed][0m[0m
[0m[1maws_s3_bucket.static_lb: Still destroying... [id=sym-kan-prd-webapp-lambda-alb2nlb-us-east-1, 1h4m0s elapsed][0m[0m
[0m[1maws_s3_bucket.static_lb: Still destroying... [id=sym-kan-prd-webapp-lambda-alb2nlb-us-east-1, 1h4m10s elapsed][0m[0m
[0m[1maws_s3_bucket.static_lb: Still destroying... [id=sym-kan-prd-webapp-lambda-alb2nlb-us-east-1, 1h4m20s elapsed][0m[0m
[0m[1maws_s3_bucket.static_lb: Still destroying... [id=sym-kan-prd-webapp-lambda-alb2nlb-us-east-1, 1h4m30s elapsed][0m[0m
[0m[1maws_s3_bucket.static_lb: Still destroying... [id=sym-kan-prd-webapp-lambda-alb2nlb-us-east-1, 1h4m40s elapsed][0m[0m
[0m[1maws_s3_bucket.static_lb: Still destroying... [id=sym-kan-prd-webapp-lambda-alb2nlb-us-east-1, 1h4m50s elapsed][0m[0m
[0m[1maws_s3_bucket.static_lb: Still destroying... [id=sym-kan-prd-webapp-lambda-alb2nlb-us-east-1, 1h5m0s elapsed][0m[0m
[0m[1maws_s3_bucket.static_lb: Still destroying... [id=sym-kan-prd-webapp-lambda-alb2nlb-us-east-1, 1h5m10s elapsed][0m[0m
[0m[1maws_s3_bucket.static_lb: Still destroying... [id=sym-kan-prd-webapp-lambda-alb2nlb-us-east-1, 1h5m20s elapsed][0m[0m
[0m[1maws_s3_bucket.static_lb: Still destroying... [id=sym-kan-prd-webapp-lambda-alb2nlb-us-east-1, 1h5m30s elapsed][0m[0m
[0m[1maws_s3_bucket.static_lb: Still destroying... [id=sym-kan-prd-webapp-lambda-alb2nlb-us-east-1, 1h5m40s elapsed][0m[0m
[0m[1maws_s3_bucket.static_lb: Still destroying... [id=sym-kan-prd-webapp-lambda-alb2nlb-us-east-1, 1h5m50s elapsed][0m[0m
[0m[1maws_s3_bucket.static_lb: Still destroying... [id=sym-kan-prd-webapp-lambda-alb2nlb-us-east-1, 1h6m0s elapsed][0m[0m
[0m[1maws_s3_bucket.static_lb: Still destroying... [id=sym-kan-prd-webapp-lambda-alb2nlb-us-east-1, 1h6m10s elapsed][0m[0m
[0m[1maws_s3_bucket.static_lb: Still destroying... [id=sym-kan-prd-webapp-lambda-alb2nlb-us-east-1, 1h6m20s elapsed][0m[0m
[0m[1maws_s3_bucket.static_lb: Still destroying... [id=sym-kan-prd-webapp-lambda-alb2nlb-us-east-1, 1h6m30s elapsed][0m[0m
[0m[1maws_s3_bucket.static_lb: Still destroying... [id=sym-kan-prd-webapp-lambda-alb2nlb-us-east-1, 1h6m40s elapsed][0m[0m
[0m[1maws_s3_bucket.static_lb: Still destroying... [id=sym-kan-prd-webapp-lambda-alb2nlb-us-east-1, 1h6m50s elapsed][0m[0m
[0m[1maws_s3_bucket.static_lb: Still destroying... [id=sym-kan-prd-webapp-lambda-alb2nlb-us-east-1, 1h7m0s elapsed][0m[0m
[0m[1maws_s3_bucket.static_lb: Still destroying... [id=sym-kan-prd-webapp-lambda-alb2nlb-us-east-1, 1h7m10s elapsed][0m[0m
[0m[1maws_s3_bucket.static_lb: Still destroying... [id=sym-kan-prd-webapp-lambda-alb2nlb-us-east-1, 1h7m20s elapsed][0m[0m
[0m[1maws_s3_bucket.static_lb: Still destroying... [id=sym-kan-prd-webapp-lambda-alb2nlb-us-east-1, 1h7m30s elapsed][0m[0m
[0m[1maws_s3_bucket.static_lb: Still destroying... [id=sym-kan-prd-webapp-lambda-alb2nlb-us-east-1, 1h7m40s elapsed][0m[0m
[0m[1maws_s3_bucket.static_lb: Still destroying... [id=sym-kan-prd-webapp-lambda-alb2nlb-us-east-1, 1h7m50s elapsed][0m[0m
[0m[1maws_s3_bucket.static_lb: Still destroying... [id=sym-kan-prd-webapp-lambda-alb2nlb-us-east-1, 1h8m0s elapsed][0m[0m
[0m[1maws_s3_bucket.static_lb: Still destroying... [id=sym-kan-prd-webapp-lambda-alb2nlb-us-east-1, 1h8m10s elapsed][0m[0m
[0m[1maws_s3_bucket.static_lb: Still destroying... [id=sym-kan-prd-webapp-lambda-alb2nlb-us-east-1, 1h8m20s elapsed][0m[0m
[0m[1maws_s3_bucket.static_lb: Still destroying... [id=sym-kan-prd-webapp-lambda-alb2nlb-us-east-1, 1h8m30s elapsed][0m[0m
[0m[1maws_s3_bucket.static_lb: Still destroying... [id=sym-kan-prd-webapp-lambda-alb2nlb-us-east-1, 1h8m40s elapsed][0m[0m
[0m[1maws_s3_bucket.static_lb: Still destroying... [id=sym-kan-prd-webapp-lambda-alb2nlb-us-east-1, 1h8m50s elapsed][0m[0m
[0m[1maws_s3_bucket.static_lb: Still destroying... [id=sym-kan-prd-webapp-lambda-alb2nlb-us-east-1, 1h9m0s elapsed][0m[0m
[0m[1maws_s3_bucket.static_lb: Still destroying... [id=sym-kan-prd-webapp-lambda-alb2nlb-us-east-1, 1h9m10s elapsed][0m[0m
[0m[1maws_s3_bucket.static_lb: Still destroying... [id=sym-kan-prd-webapp-lambda-alb2nlb-us-east-1, 1h9m20s elapsed][0m[0m
[0m[1maws_s3_bucket.static_lb: Still destroying... [id=sym-kan-prd-webapp-lambda-alb2nlb-us-east-1, 1h9m30s elapsed][0m[0m
[0m[1maws_s3_bucket.static_lb: Still destroying... [id=sym-kan-prd-webapp-lambda-alb2nlb-us-east-1, 1h9m40s elapsed][0m[0m
[0m[1maws_s3_bucket.static_lb: Still destroying... [id=sym-kan-prd-webapp-lambda-alb2nlb-us-east-1, 1h9m50s elapsed][0m[0m
[0m[1maws_s3_bucket.static_lb: Still destroying... [id=sym-kan-prd-webapp-lambda-alb2nlb-us-east-1, 1h10m0s elapsed][0m[0m
[0m[1maws_s3_bucket.static_lb: Still destroying... [id=sym-kan-prd-webapp-lambda-alb2nlb-us-east-1, 1h10m10s elapsed][0m[0m
[0m[1maws_s3_bucket.static_lb: Still destroying... [id=sym-kan-prd-webapp-lambda-alb2nlb-us-east-1, 1h10m20s elapsed][0m[0m
[0m[1maws_s3_bucket.static_lb: Still destroying... [id=sym-kan-prd-webapp-lambda-alb2nlb-us-east-1, 1h10m30s elapsed][0m[0m
[0m[1maws_s3_bucket.static_lb: Still destroying... [id=sym-kan-prd-webapp-lambda-alb2nlb-us-east-1, 1h10m40s elapsed][0m[0m
[0m[1maws_s3_bucket.static_lb: Still destroying... [id=sym-kan-prd-webapp-lambda-alb2nlb-us-east-1, 1h10m50s elapsed][0m[0m
[0m[1maws_s3_bucket.static_lb: Still destroying... [id=sym-kan-prd-webapp-lambda-alb2nlb-us-east-1, 1h11m0s elapsed][0m[0m
[0m[1maws_s3_bucket.static_lb: Still destroying... [id=sym-kan-prd-webapp-lambda-alb2nlb-us-east-1, 1h11m10s elapsed][0m[0m
[0m[1maws_s3_bucket.static_lb: Still destroying... [id=sym-kan-prd-webapp-lambda-alb2nlb-us-east-1, 1h11m20s elapsed][0m[0m
[0m[1maws_s3_bucket.static_lb: Still destroying... [id=sym-kan-prd-webapp-lambda-alb2nlb-us-east-1, 1h11m30s elapsed][0m[0m
[0m[1maws_s3_bucket.static_lb: Still destroying... [id=sym-kan-prd-webapp-lambda-alb2nlb-us-east-1, 1h11m40s elapsed][0m[0m
[0m[1maws_s3_bucket.static_lb: Still destroying... [id=sym-kan-prd-webapp-lambda-alb2nlb-us-east-1, 1h11m50s elapsed][0m[0m
[0m[1maws_s3_bucket.static_lb: Still destroying... [id=sym-kan-prd-webapp-lambda-alb2nlb-us-east-1, 1h12m0s elapsed][0m[0m
[0m[1maws_s3_bucket.static_lb: Still destroying... [id=sym-kan-prd-webapp-lambda-alb2nlb-us-east-1, 1h12m10s elapsed][0m[0m
[0m[1maws_s3_bucket.static_lb: Still destroying... [id=sym-kan-prd-webapp-lambda-alb2nlb-us-east-1, 1h12m20s elapsed][0m[0m
[0m[1maws_s3_bucket.static_lb: Still destroying... [id=sym-kan-prd-webapp-lambda-alb2nlb-us-east-1, 1h12m30s elapsed][0m[0m
[0m[1maws_s3_bucket.static_lb: Still destroying... [id=sym-kan-prd-webapp-lambda-alb2nlb-us-east-1, 1h12m40s elapsed][0m[0m
[0m[1maws_s3_bucket.static_lb: Still destroying... [id=sym-kan-prd-webapp-lambda-alb2nlb-us-east-1, 1h12m50s elapsed][0m[0m
[0m[1maws_s3_bucket.static_lb: Still destroying... [id=sym-kan-prd-webapp-lambda-alb2nlb-us-east-1, 1h13m0s elapsed][0m[0m
[0m[1maws_s3_bucket.static_lb: Still destroying... [id=sym-kan-prd-webapp-lambda-alb2nlb-us-east-1, 1h13m10s elapsed][0m[0m
[0m[1maws_s3_bucket.static_lb: Still destroying... [id=sym-kan-prd-webapp-lambda-alb2nlb-us-east-1, 1h13m20s elapsed][0m[0m
[0m[1maws_s3_bucket.static_lb: Still destroying... [id=sym-kan-prd-webapp-lambda-alb2nlb-us-east-1, 1h13m30s elapsed][0m[0m
[0m[1maws_s3_bucket.static_lb: Still destroying... [id=sym-kan-prd-webapp-lambda-alb2nlb-us-east-1, 1h13m40s elapsed][0m[0m
[0m[1maws_s3_bucket.static_lb: Still destroying... [id=sym-kan-prd-webapp-lambda-alb2nlb-us-east-1, 1h13m50s elapsed][0m[0m
[0m[1maws_s3_bucket.static_lb: Still destroying... [id=sym-kan-prd-webapp-lambda-alb2nlb-us-east-1, 1h14m0s elapsed][0m[0m
[0m[1maws_s3_bucket.static_lb: Still destroying... [id=sym-kan-prd-webapp-lambda-alb2nlb-us-east-1, 1h14m10s elapsed][0m[0m
[0m[1maws_s3_bucket.static_lb: Still destroying... [id=sym-kan-prd-webapp-lambda-alb2nlb-us-east-1, 1h14m20s elapsed][0m[0m
[0m[1maws_s3_bucket.static_lb: Still destroying... [id=sym-kan-prd-webapp-lambda-alb2nlb-us-east-1, 1h14m30s elapsed][0m[0m
[0m[1maws_s3_bucket.static_lb: Still destroying... [id=sym-kan-prd-webapp-lambda-alb2nlb-us-east-1, 1h14m40s elapsed][0m[0m
[0m[1maws_s3_bucket.static_lb: Still destroying... [id=sym-kan-prd-webapp-lambda-alb2nlb-us-east-1, 1h14m50s elapsed][0m[0m
[0m[1maws_s3_bucket.static_lb: Still destroying... [id=sym-kan-prd-webapp-lambda-alb2nlb-us-east-1, 1h15m0s elapsed][0m[0m
[0m[1maws_s3_bucket.static_lb: Still destroying... [id=sym-kan-prd-webapp-lambda-alb2nlb-us-east-1, 1h15m10s elapsed][0m[0m
[0m[1maws_s3_bucket.static_lb: Still destroying... [id=sym-kan-prd-webapp-lambda-alb2nlb-us-east-1, 1h15m20s elapsed][0m[0m
[0m[1maws_s3_bucket.static_lb: Still destroying... [id=sym-kan-prd-webapp-lambda-alb2nlb-us-east-1, 1h15m30s elapsed][0m[0m
[0m[1maws_s3_bucket.static_lb: Still destroying... [id=sym-kan-prd-webapp-lambda-alb2nlb-us-east-1, 1h15m40s elapsed][0m[0m
[0m[1maws_s3_bucket.static_lb: Still destroying... [id=sym-kan-prd-webapp-lambda-alb2nlb-us-east-1, 1h15m50s elapsed][0m[0m
[0m[1maws_s3_bucket.static_lb: Still destroying... [id=sym-kan-prd-webapp-lambda-alb2nlb-us-east-1, 1h16m0s elapsed][0m[0m
[0m[1maws_s3_bucket.static_lb: Still destroying... [id=sym-kan-prd-webapp-lambda-alb2nlb-us-east-1, 1h16m10s elapsed][0m[0m
[0m[1maws_s3_bucket.static_lb: Still destroying... [id=sym-kan-prd-webapp-lambda-alb2nlb-us-east-1, 1h16m20s elapsed][0m[0m
[0m[1maws_s3_bucket.static_lb: Still destroying... [id=sym-kan-prd-webapp-lambda-alb2nlb-us-east-1, 1h16m30s elapsed][0m[0m
[0m[1maws_s3_bucket.static_lb: Still destroying... [id=sym-kan-prd-webapp-lambda-alb2nlb-us-east-1, 1h16m40s elapsed][0m[0m
[0m[1maws_s3_bucket.static_lb: Still destroying... [id=sym-kan-prd-webapp-lambda-alb2nlb-us-east-1, 1h16m50s elapsed][0m[0m
[0m[1maws_s3_bucket.static_lb: Still destroying... [id=sym-kan-prd-webapp-lambda-alb2nlb-us-east-1, 1h17m0s elapsed][0m[0m
[0m[1maws_s3_bucket.static_lb: Still destroying... [id=sym-kan-prd-webapp-lambda-alb2nlb-us-east-1, 1h17m10s elapsed][0m[0m
[0m[1maws_s3_bucket.static_lb: Still destroying... [id=sym-kan-prd-webapp-lambda-alb2nlb-us-east-1, 1h17m20s elapsed][0m[0m
[0m[1maws_s3_bucket.static_lb: Still destroying... [id=sym-kan-prd-webapp-lambda-alb2nlb-us-east-1, 1h17m30s elapsed][0m[0m
[0m[1maws_s3_bucket.static_lb: Still destroying... [id=sym-kan-prd-webapp-lambda-alb2nlb-us-east-1, 1h17m40s elapsed][0m[0m
[0m[1maws_s3_bucket.static_lb: Still destroying... [id=sym-kan-prd-webapp-lambda-alb2nlb-us-east-1, 1h17m50s elapsed][0m[0m
[0m[1maws_s3_bucket.static_lb: Still destroying... [id=sym-kan-prd-webapp-lambda-alb2nlb-us-east-1, 1h18m0s elapsed][0m[0m
[0m[1maws_s3_bucket.static_lb: Still destroying... [id=sym-kan-prd-webapp-lambda-alb2nlb-us-east-1, 1h18m10s elapsed][0m[0m
[0m[1maws_s3_bucket.static_lb: Still destroying... [id=sym-kan-prd-webapp-lambda-alb2nlb-us-east-1, 1h18m20s elapsed][0m[0m
[0m[1maws_s3_bucket.static_lb: Still destroying... [id=sym-kan-prd-webapp-lambda-alb2nlb-us-east-1, 1h18m30s elapsed][0m[0m
[0m[1maws_s3_bucket.static_lb: Still destroying... [id=sym-kan-prd-webapp-lambda-alb2nlb-us-east-1, 1h18m40s elapsed][0m[0m
[0m[1maws_s3_bucket.static_lb: Still destroying... [id=sym-kan-prd-webapp-lambda-alb2nlb-us-east-1, 1h18m50s elapsed][0m[0m
[0m[1maws_s3_bucket.static_lb: Still destroying... [id=sym-kan-prd-webapp-lambda-alb2nlb-us-east-1, 1h19m0s elapsed][0m[0m
[0m[1maws_s3_bucket.static_lb: Still destroying... [id=sym-kan-prd-webapp-lambda-alb2nlb-us-east-1, 1h19m10s elapsed][0m[0m
[0m[1maws_s3_bucket.static_lb: Still destroying... [id=sym-kan-prd-webapp-lambda-alb2nlb-us-east-1, 1h19m20s elapsed][0m[0m
[0m[1maws_s3_bucket.static_lb: Still destroying... [id=sym-kan-prd-webapp-lambda-alb2nlb-us-east-1, 1h19m30s elapsed][0m[0m
[0m[1maws_s3_bucket.static_lb: Still destroying... [id=sym-kan-prd-webapp-lambda-alb2nlb-us-east-1, 1h19m40s elapsed][0m[0m
[0m[1maws_s3_bucket.static_lb: Still destroying... [id=sym-kan-prd-webapp-lambda-alb2nlb-us-east-1, 1h19m50s elapsed][0m[0m
[0m[1maws_s3_bucket.static_lb: Still destroying... [id=sym-kan-prd-webapp-lambda-alb2nlb-us-east-1, 1h20m0s elapsed][0m[0m
[0m[1maws_s3_bucket.static_lb: Still destroying... [id=sym-kan-prd-webapp-lambda-alb2nlb-us-east-1, 1h20m10s elapsed][0m[0m
[0m[1maws_s3_bucket.static_lb: Still destroying... [id=sym-kan-prd-webapp-lambda-alb2nlb-us-east-1, 1h20m20s elapsed][0m[0m
[0m[1maws_s3_bucket.static_lb: Still destroying... [id=sym-kan-prd-webapp-lambda-alb2nlb-us-east-1, 1h20m30s elapsed][0m[0m
[0m[1maws_s3_bucket.static_lb: Still destroying... [id=sym-kan-prd-webapp-lambda-alb2nlb-us-east-1, 1h20m40s elapsed][0m[0m
[0m[1maws_s3_bucket.static_lb: Still destroying... [id=sym-kan-prd-webapp-lambda-alb2nlb-us-east-1, 1h20m50s elapsed][0m[0m
[0m[1maws_s3_bucket.static_lb: Still destroying... [id=sym-kan-prd-webapp-lambda-alb2nlb-us-east-1, 1h21m0s elapsed][0m[0m
[0m[1maws_s3_bucket.static_lb: Still destroying... [id=sym-kan-prd-webapp-lambda-alb2nlb-us-east-1, 1h21m10s elapsed][0m[0m
[0m[1maws_s3_bucket.static_lb: Still destroying... [id=sym-kan-prd-webapp-lambda-alb2nlb-us-east-1, 1h21m20s elapsed][0m[0m
[0m[1maws_s3_bucket.static_lb: Still destroying... [id=sym-kan-prd-webapp-lambda-alb2nlb-us-east-1, 1h21m30s elapsed][0m[0m
[0m[1maws_s3_bucket.static_lb: Still destroying... [id=sym-kan-prd-webapp-lambda-alb2nlb-us-east-1, 1h21m40s elapsed][0m[0m
[0m[1maws_s3_bucket.static_lb: Still destroying... [id=sym-kan-prd-webapp-lambda-alb2nlb-us-east-1, 1h21m50s elapsed][0m[0m
[0m[1maws_s3_bucket.static_lb: Still destroying... [id=sym-kan-prd-webapp-lambda-alb2nlb-us-east-1, 1h22m0s elapsed][0m[0m
[0m[1maws_s3_bucket.static_lb: Still destroying... [id=sym-kan-prd-webapp-lambda-alb2nlb-us-east-1, 1h22m10s elapsed][0m[0m
[0m[1maws_s3_bucket.static_lb: Still destroying... [id=sym-kan-prd-webapp-lambda-alb2nlb-us-east-1, 1h22m20s elapsed][0m[0m
[0m[1maws_s3_bucket.static_lb: Still destroying... [id=sym-kan-prd-webapp-lambda-alb2nlb-us-east-1, 1h22m30s elapsed][0m[0m
[0m[1maws_s3_bucket.static_lb: Still destroying... [id=sym-kan-prd-webapp-lambda-alb2nlb-us-east-1, 1h22m40s elapsed][0m[0m
[0m[1maws_s3_bucket.static_lb: Still destroying... [id=sym-kan-prd-webapp-lambda-alb2nlb-us-east-1, 1h22m50s elapsed][0m[0m
[0m[1maws_s3_bucket.static_lb: Still destroying... [id=sym-kan-prd-webapp-lambda-alb2nlb-us-east-1, 1h23m0s elapsed][0m[0m
[0m[1maws_s3_bucket.static_lb: Still destroying... [id=sym-kan-prd-webapp-lambda-alb2nlb-us-east-1, 1h23m10s elapsed][0m[0m
[0m[1maws_s3_bucket.static_lb: Still destroying... [id=sym-kan-prd-webapp-lambda-alb2nlb-us-east-1, 1h23m20s elapsed][0m[0m
[0m[1maws_s3_bucket.static_lb: Still destroying... [id=sym-kan-prd-webapp-lambda-alb2nlb-us-east-1, 1h23m30s elapsed][0m[0m
[0m[1maws_s3_bucket.static_lb: Still destroying... [id=sym-kan-prd-webapp-lambda-alb2nlb-us-east-1, 1h23m40s elapsed][0m[0m
[0m[1maws_s3_bucket.static_lb: Still destroying... [id=sym-kan-prd-webapp-lambda-alb2nlb-us-east-1, 1h23m50s elapsed][0m[0m
[0m[1maws_s3_bucket.static_lb: Still destroying... [id=sym-kan-prd-webapp-lambda-alb2nlb-us-east-1, 1h24m0s elapsed][0m[0m
[0m[1maws_s3_bucket.static_lb: Still destroying... [id=sym-kan-prd-webapp-lambda-alb2nlb-us-east-1, 1h24m10s elapsed][0m[0m
[0m[1maws_s3_bucket.static_lb: Still destroying... [id=sym-kan-prd-webapp-lambda-alb2nlb-us-east-1, 1h24m20s elapsed][0m[0m
[0m[1maws_s3_bucket.static_lb: Still destroying... [id=sym-kan-prd-webapp-lambda-alb2nlb-us-east-1, 1h24m30s elapsed][0m[0m
[0m[1maws_s3_bucket.static_lb: Still destroying... [id=sym-kan-prd-webapp-lambda-alb2nlb-us-east-1, 1h24m40s elapsed][0m[0m
[0m[1maws_s3_bucket.static_lb: Still destroying... [id=sym-kan-prd-webapp-lambda-alb2nlb-us-east-1, 1h24m50s elapsed][0m[0m
[0m[1maws_s3_bucket.static_lb: Still destroying... [id=sym-kan-prd-webapp-lambda-alb2nlb-us-east-1, 1h25m0s elapsed][0m[0m
[0m[1maws_s3_bucket.static_lb: Still destroying... [id=sym-kan-prd-webapp-lambda-alb2nlb-us-east-1, 1h25m10s elapsed][0m[0m
[0m[1maws_s3_bucket.static_lb: Still destroying... [id=sym-kan-prd-webapp-lambda-alb2nlb-us-east-1, 1h25m20s elapsed][0m[0m
[0m[1maws_s3_bucket.static_lb: Still destroying... [id=sym-kan-prd-webapp-lambda-alb2nlb-us-east-1, 1h25m30s elapsed][0m[0m
[0m[1maws_s3_bucket.static_lb: Still destroying... [id=sym-kan-prd-webapp-lambda-alb2nlb-us-east-1, 1h25m40s elapsed][0m[0m
[0m[1maws_s3_bucket.static_lb: Still destroying... [id=sym-kan-prd-webapp-lambda-alb2nlb-us-east-1, 1h25m50s elapsed][0m[0m
[0m[1maws_s3_bucket.static_lb: Still destroying... [id=sym-kan-prd-webapp-lambda-alb2nlb-us-east-1, 1h26m0s elapsed][0m[0m
[0m[1maws_s3_bucket.static_lb: Still destroying... [id=sym-kan-prd-webapp-lambda-alb2nlb-us-east-1, 1h26m10s elapsed][0m[0m
[0m[1maws_s3_bucket.static_lb: Still destroying... [id=sym-kan-prd-webapp-lambda-alb2nlb-us-east-1, 1h26m20s elapsed][0m[0m
[0m[1maws_s3_bucket.static_lb: Still destroying... [id=sym-kan-prd-webapp-lambda-alb2nlb-us-east-1, 1h26m30s elapsed][0m[0m
[0m[1maws_s3_bucket.static_lb: Still destroying... [id=sym-kan-prd-webapp-lambda-alb2nlb-us-east-1, 1h26m40s elapsed][0m[0m
[0m[1maws_s3_bucket.static_lb: Still destroying... [id=sym-kan-prd-webapp-lambda-alb2nlb-us-east-1, 1h26m50s elapsed][0m[0m
[0m[1maws_s3_bucket.static_lb: Still destroying... [id=sym-kan-prd-webapp-lambda-alb2nlb-us-east-1, 1h27m0s elapsed][0m[0m
[0m[1maws_s3_bucket.static_lb: Still destroying... [id=sym-kan-prd-webapp-lambda-alb2nlb-us-east-1, 1h27m10s elapsed][0m[0m
[0m[1maws_s3_bucket.static_lb: Still destroying... [id=sym-kan-prd-webapp-lambda-alb2nlb-us-east-1, 1h27m20s elapsed][0m[0m
[0m[1maws_s3_bucket.static_lb: Still destroying... [id=sym-kan-prd-webapp-lambda-alb2nlb-us-east-1, 1h27m30s elapsed][0m[0m
[0m[1maws_s3_bucket.static_lb: Still destroying... [id=sym-kan-prd-webapp-lambda-alb2nlb-us-east-1, 1h27m40s elapsed][0m[0m
[0m[1maws_s3_bucket.static_lb: Still destroying... [id=sym-kan-prd-webapp-lambda-alb2nlb-us-east-1, 1h27m50s elapsed][0m[0m
[0m[1maws_s3_bucket.static_lb: Still destroying... [id=sym-kan-prd-webapp-lambda-alb2nlb-us-east-1, 1h28m0s elapsed][0m[0m
[0m[1maws_s3_bucket.static_lb: Still destroying... [id=sym-kan-prd-webapp-lambda-alb2nlb-us-east-1, 1h28m10s elapsed][0m[0m
[0m[1maws_s3_bucket.static_lb: Still destroying... [id=sym-kan-prd-webapp-lambda-alb2nlb-us-east-1, 1h28m20s elapsed][0m[0m
[0m[1maws_s3_bucket.static_lb: Still destroying... [id=sym-kan-prd-webapp-lambda-alb2nlb-us-east-1, 1h28m30s elapsed][0m[0m
[0m[1maws_s3_bucket.static_lb: Still destroying... [id=sym-kan-prd-webapp-lambda-alb2nlb-us-east-1, 1h28m40s elapsed][0m[0m
[0m[1maws_s3_bucket.static_lb: Still destroying... [id=sym-kan-prd-webapp-lambda-alb2nlb-us-east-1, 1h28m50s elapsed][0m[0m
[0m[1maws_s3_bucket.static_lb: Still destroying... [id=sym-kan-prd-webapp-lambda-alb2nlb-us-east-1, 1h29m0s elapsed][0m[0m
[0m[1maws_s3_bucket.static_lb: Still destroying... [id=sym-kan-prd-webapp-lambda-alb2nlb-us-east-1, 1h29m10s elapsed][0m[0m
[0m[1maws_s3_bucket.static_lb: Still destroying... [id=sym-kan-prd-webapp-lambda-alb2nlb-us-east-1, 1h29m20s elapsed][0m[0m
[0m[1maws_s3_bucket.static_lb: Still destroying... [id=sym-kan-prd-webapp-lambda-alb2nlb-us-east-1, 1h29m30s elapsed][0m[0m
[0m[1maws_s3_bucket.static_lb: Still destroying... [id=sym-kan-prd-webapp-lambda-alb2nlb-us-east-1, 1h29m40s elapsed][0m[0m
[0m[1maws_s3_bucket.static_lb: Still destroying... [id=sym-kan-prd-webapp-lambda-alb2nlb-us-east-1, 1h29m50s elapsed][0m[0m
[0m[1maws_s3_bucket.static_lb: Still destroying... [id=sym-kan-prd-webapp-lambda-alb2nlb-us-east-1, 1h30m0s elapsed][0m[0m
[0m[1maws_s3_bucket.static_lb: Still destroying... [id=sym-kan-prd-webapp-lambda-alb2nlb-us-east-1, 1h30m10s elapsed][0m[0m
[0m[1maws_s3_bucket.static_lb: Still destroying... [id=sym-kan-prd-webapp-lambda-alb2nlb-us-east-1, 1h30m20s elapsed][0m[0m
[0m[1maws_s3_bucket.static_lb: Still destroying... [id=sym-kan-prd-webapp-lambda-alb2nlb-us-east-1, 1h30m30s elapsed][0m[0m
[0m[1maws_s3_bucket.static_lb: Still destroying... [id=sym-kan-prd-webapp-lambda-alb2nlb-us-east-1, 1h30m40s elapsed][0m[0m
[0m[1maws_s3_bucket.static_lb: Still destroying... [id=sym-kan-prd-webapp-lambda-alb2nlb-us-east-1, 1h30m50s elapsed][0m[0m
[0m[1maws_s3_bucket.static_lb: Still destroying... [id=sym-kan-prd-webapp-lambda-alb2nlb-us-east-1, 1h31m0s elapsed][0m[0m
[0m[1maws_s3_bucket.static_lb: Still destroying... [id=sym-kan-prd-webapp-lambda-alb2nlb-us-east-1, 1h31m10s elapsed][0m[0m
[0m[1maws_s3_bucket.static_lb: Still destroying... [id=sym-kan-prd-webapp-lambda-alb2nlb-us-east-1, 1h31m20s elapsed][0m[0m
[0m[1maws_s3_bucket.static_lb: Still destroying... [id=sym-kan-prd-webapp-lambda-alb2nlb-us-east-1, 1h31m30s elapsed][0m[0m
[0m[1maws_s3_bucket.static_lb: Still destroying... [id=sym-kan-prd-webapp-lambda-alb2nlb-us-east-1, 1h31m40s elapsed][0m[0m
[0m[1maws_s3_bucket.static_lb: Still destroying... [id=sym-kan-prd-webapp-lambda-alb2nlb-us-east-1, 1h31m50s elapsed][0m[0m
[0m[1maws_s3_bucket.static_lb: Still destroying... [id=sym-kan-prd-webapp-lambda-alb2nlb-us-east-1, 1h32m0s elapsed][0m[0m
[0m[1maws_s3_bucket.static_lb: Still destroying... [id=sym-kan-prd-webapp-lambda-alb2nlb-us-east-1, 1h32m10s elapsed][0m[0m
[0m[1maws_s3_bucket.static_lb: Still destroying... [id=sym-kan-prd-webapp-lambda-alb2nlb-us-east-1, 1h32m20s elapsed][0m[0m
[0m[1maws_s3_bucket.static_lb: Still destroying... [id=sym-kan-prd-webapp-lambda-alb2nlb-us-east-1, 1h32m30s elapsed][0m[0m
[0m[1maws_s3_bucket.static_lb: Still destroying... [id=sym-kan-prd-webapp-lambda-alb2nlb-us-east-1, 1h32m40s elapsed][0m[0m
[0m[1maws_s3_bucket.static_lb: Still destroying... [id=sym-kan-prd-webapp-lambda-alb2nlb-us-east-1, 1h32m50s elapsed][0m[0m
[0m[1maws_s3_bucket.static_lb: Still destroying... [id=sym-kan-prd-webapp-lambda-alb2nlb-us-east-1, 1h33m0s elapsed][0m[0m
[0m[1maws_s3_bucket.static_lb: Still destroying... [id=sym-kan-prd-webapp-lambda-alb2nlb-us-east-1, 1h33m10s elapsed][0m[0m
[0m[1maws_s3_bucket.static_lb: Still destroying... [id=sym-kan-prd-webapp-lambda-alb2nlb-us-east-1, 1h33m20s elapsed][0m[0m
[0m[1maws_s3_bucket.static_lb: Still destroying... [id=sym-kan-prd-webapp-lambda-alb2nlb-us-east-1, 1h33m30s elapsed][0m[0m
[0m[1maws_s3_bucket.static_lb: Still destroying... [id=sym-kan-prd-webapp-lambda-alb2nlb-us-east-1, 1h33m40s elapsed][0m[0m
[0m[1maws_s3_bucket.static_lb: Still destroying... [id=sym-kan-prd-webapp-lambda-alb2nlb-us-east-1, 1h33m50s elapsed][0m[0m
[0m[1maws_s3_bucket.static_lb: Still destroying... [id=sym-kan-prd-webapp-lambda-alb2nlb-us-east-1, 1h34m0s elapsed][0m[0m
[0m[1maws_s3_bucket.static_lb: Still destroying... [id=sym-kan-prd-webapp-lambda-alb2nlb-us-east-1, 1h34m10s elapsed][0m[0m
[0m[1maws_s3_bucket.static_lb: Still destroying... [id=sym-kan-prd-webapp-lambda-alb2nlb-us-east-1, 1h34m20s elapsed][0m[0m
[0m[1maws_s3_bucket.static_lb: Still destroying... [id=sym-kan-prd-webapp-lambda-alb2nlb-us-east-1, 1h34m30s elapsed][0m[0m
[0m[1maws_s3_bucket.static_lb: Still destroying... [id=sym-kan-prd-webapp-lambda-alb2nlb-us-east-1, 1h34m40s elapsed][0m[0m
[0m[1maws_s3_bucket.static_lb: Still destroying... [id=sym-kan-prd-webapp-lambda-alb2nlb-us-east-1, 1h34m50s elapsed][0m[0m
[0m[1maws_s3_bucket.static_lb: Still destroying... [id=sym-kan-prd-webapp-lambda-alb2nlb-us-east-1, 1h35m0s elapsed][0m[0m
[0m[1maws_s3_bucket.static_lb: Destruction complete after 1h35m6s[0m[0m
[0m[1m[32m
Destroy complete! Resources: 15 destroyed.[0m
