[0m[1mdata.aws_vpc.vpc_id: Refreshing state...[0m
[0m[1mdata.aws_subnet_ids.subnet_ids: Refreshing state...[0m
[0m[1maws_iam_role.static_lb_lambda: Creating...[0m[0m
[0m[1maws_lb_target_group.app_public_443: Creating...[0m[0m
[0m[1maws_lb.app_public: Creating...[0m[0m
[0m[1maws_lb_target_group.app_public_80: Creating...[0m[0m
[0m[1maws_cloudwatch_event_rule.cron_minute: Creating...[0m[0m
[0m[1maws_s3_bucket.static_lb: Creating...[0m[0m
[0m[1maws_cloudwatch_event_rule.cron_minute: Creation complete after 0s [id=cron-min-Sym-Kan-PRD-WebApp][0m[0m
[0m[1maws_iam_role.static_lb_lambda: Creation complete after 0s [id=lambdaFunction-NLB-to-ALB-role-Sym-Kan-PRD-WebApp][0m[0m
[0m[1maws_iam_role_policy.static_lb_lambda: Creating...[0m[0m
[0m[1maws_lb_target_group.app_public_443: Creation complete after 0s [id=arn:aws:elasticloadbalancing:us-east-1:660751646273:targetgroup/Sym-Kan-PRD-WebApp-TCP443/af9930c87ead3238][0m[0m
[0m[1maws_lb_target_group.app_public_80: Creation complete after 1s [id=arn:aws:elasticloadbalancing:us-east-1:660751646273:targetgroup/Sym-Kan-PRD-WebApp-TCP80/da01eb5e8f4b9688][0m[0m
[0m[1maws_iam_role_policy.static_lb_lambda: Creation complete after 1s [id=lambdaFunction-NLB-to-ALB-role-Sym-Kan-PRD-WebApp:lambdaFunction-NLB-to-ALB-policy-Sym-Kan-PRD-WebApp][0m[0m
[0m[1maws_s3_bucket.static_lb: Creation complete after 2s [id=sym-kan-prd-webapp-lambda-alb2nlb-us-east-1][0m[0m
[0m[1maws_lambda_function.static_lb_updater_80: Creating...[0m[0m
[0m[1maws_lambda_function.static_lb_updater_443: Creating...[0m[0m
[0m[1maws_lb.app_public: Still creating... [10s elapsed][0m[0m
[0m[1maws_lambda_function.static_lb_updater_80: Still creating... [10s elapsed][0m[0m
[0m[1maws_lambda_function.static_lb_updater_443: Still creating... [10s elapsed][0m[0m
[0m[1maws_lambda_function.static_lb_updater_443: Creation complete after 15s [id=Sym-Kan-PRD-WebApp-Populate-NLB-with-ALB-HTTPS][0m[0m
[0m[1maws_lambda_permission.allow_cloudwatch_443: Creating...[0m[0m
[0m[1maws_cloudwatch_event_target.static_lb_updater_443: Creating...[0m[0m
[0m[1maws_lambda_permission.allow_cloudwatch_443: Creation complete after 0s [id=AllowExecutionFromCloudWatch][0m[0m
[0m[1maws_cloudwatch_event_target.static_lb_updater_443: Creation complete after 0s [id=cron-min-Sym-Kan-PRD-WebApp-Sym-Kan-PRD-WebApp-port443][0m[0m
[0m[1maws_lb.app_public: Still creating... [20s elapsed][0m[0m
[0m[1maws_lambda_function.static_lb_updater_80: Still creating... [20s elapsed][0m[0m
[0m[1maws_lambda_function.static_lb_updater_80: Creation complete after 21s [id=Sym-Kan-PRD-WebApp-Populate-NLB-with-ALB-HTTP][0m[0m
[0m[1maws_lambda_permission.allow_cloudwatch_80: Creating...[0m[0m
[0m[1maws_cloudwatch_event_target.static_lb_updater_80: Creating...[0m[0m
[0m[1maws_lambda_permission.allow_cloudwatch_80: Creation complete after 0s [id=AllowExecutionFromCloudWatch][0m[0m
[0m[1maws_cloudwatch_event_target.static_lb_updater_80: Creation complete after 0s [id=cron-min-Sym-Kan-PRD-WebApp-Sym-Kan-PRD-WebApp-port80][0m[0m
[0m[1maws_lb.app_public: Still creating... [30s elapsed][0m[0m
[0m[1maws_lb.app_public: Still creating... [40s elapsed][0m[0m
[0m[1maws_lb.app_public: Still creating... [50s elapsed][0m[0m
[0m[1maws_lb.app_public: Still creating... [1m0s elapsed][0m[0m
[0m[1maws_lb.app_public: Still creating... [1m10s elapsed][0m[0m
[0m[1maws_lb.app_public: Still creating... [1m20s elapsed][0m[0m
[0m[1maws_lb.app_public: Still creating... [1m30s elapsed][0m[0m
[0m[1maws_lb.app_public: Still creating... [1m40s elapsed][0m[0m
[0m[1maws_lb.app_public: Still creating... [1m50s elapsed][0m[0m
[0m[1maws_lb.app_public: Still creating... [2m0s elapsed][0m[0m
[0m[1maws_lb.app_public: Still creating... [2m10s elapsed][0m[0m
[0m[1maws_lb.app_public: Still creating... [2m20s elapsed][0m[0m
[0m[1maws_lb.app_public: Still creating... [2m30s elapsed][0m[0m
[0m[1maws_lb.app_public: Still creating... [2m40s elapsed][0m[0m
[0m[1maws_lb.app_public: Creation complete after 2m42s [id=arn:aws:elasticloadbalancing:us-east-1:660751646273:loadbalancer/net/Sym-Kan-PRD-WebApp-NLB/c216e0232a33f183][0m[0m
[0m[1maws_lb_listener.app_public_80: Creating...[0m[0m
[0m[1maws_lb_listener.app_public_443: Creating...[0m[0m
[0m[1maws_lb_listener.app_public_80: Creation complete after 0s [id=arn:aws:elasticloadbalancing:us-east-1:660751646273:listener/net/Sym-Kan-PRD-WebApp-NLB/c216e0232a33f183/302401d421f64baa][0m[0m
[0m[1maws_lb_listener.app_public_443: Creation complete after 0s [id=arn:aws:elasticloadbalancing:us-east-1:660751646273:listener/net/Sym-Kan-PRD-WebApp-NLB/c216e0232a33f183/15de66f07c702cea][0m[0m
[0m[1m[32m
Apply complete! Resources: 15 added, 0 changed, 0 destroyed.[0m
