[0m[1mdata.template_file.ecs-tasks[1]: Refreshing state...[0m
[0m[1mdata.template_file.ecs-tasks[3]: Refreshing state...[0m
[0m[1mdata.template_file.ecs-tasks[2]: Refreshing state...[0m
[0m[1mdata.template_file.ecs-tasks[0]: Refreshing state...[0m
[0m[1mdata.template_file.ecs-tasks[4]: Refreshing state...[0m
[0m[1mdata.aws_vpc.vpc_id: Refreshing state...[0m
[0m[1mdata.aws_subnet_ids.subnet_ids: Refreshing state...[0m
[0m[1maws_iam_role_policy_attachment.ecs-service-attach: Creating...[0m[0m
[0m[1maws_ecs_task_definition.ecs_service[3]: Creating...[0m[0m
[0m[1maws_ecs_task_definition.ecs_service[0]: Creating...[0m[0m
[0m[1maws_sns_topic.usage_notifications: Creating...[0m[0m
[0m[1maws_ecs_task_definition.ecs_service[2]: Creating...[0m[0m
[0m[1maws_iam_instance_profile.ecs-ec2-role: Creating...[0m[0m
[0m[1maws_security_group.security_group: Creating...[0m[0m
[0m[1maws_ecs_task_definition.ecs_service[1]: Creating...[0m[0m
[0m[1maws_ecs_cluster.ecs_cluster: Creating...[0m[0m
[0m[1maws_ecs_task_definition.ecs_service[4]: Creating...[0m[0m
[0m[1maws_ecs_task_definition.ecs_service[3]: Creation complete after 0s [id=Sym-Kan-UAT-Srv-esindexer][0m[0m
[0m[1maws_ecs_task_definition.ecs_service[4]: Creation complete after 0s [id=Sym-Kan-UAT-Srv-jobs][0m[0m
[0m[1maws_ecs_task_definition.ecs_service[0]: Creation complete after 0s [id=Sym-Kan-UAT-Srv-auditevents][0m[0m
[0m[1maws_cloudwatch_log_group.ecs_service: Creating...[0m[0m
[0m[1maws_ecs_task_definition.ecs_service[2]: Creation complete after 0s [id=Sym-Kan-UAT-Srv-dataaudit][0m[0m
[0m[1maws_sns_topic.usage_notifications: Creation complete after 0s [id=arn:aws:sns:us-east-1:945116902499:usage-notifications][0m[0m
[0m[1mnull_resource.sns_subscribe[1]: Creating...[0m[0m
[0m[1mnull_resource.sns_subscribe[2]: Creating...[0m[0m
[0m[1mnull_resource.sns_subscribe[3]: Creating...[0m[0m
[0m[1maws_cloudwatch_metric_alarm.cpu_utilization[0]: Creating...[0m[0m
[0m[1mnull_resource.sns_subscribe[2]: Provisioning with 'local-exec'...[0m[0m
[0m[1mnull_resource.sns_subscribe[3]: Provisioning with 'local-exec'...[0m[0m
[0m[1mnull_resource.sns_subscribe[1]: Provisioning with 'local-exec'...[0m[0m
[0m[0mnull_resource.sns_subscribe[2] (local-exec): Executing: ["/bin/sh" "-c" "aws sns subscribe --topic-arn arn:aws:sns:us-east-1:945116902499:usage-notifications --protocol email --notification-endpoint Michael.Barron@advantasure.com"]
[0m[0mnull_resource.sns_subscribe[1] (local-exec): Executing: ["/bin/sh" "-c" "aws sns subscribe --topic-arn arn:aws:sns:us-east-1:945116902499:usage-notifications --protocol email --notification-endpoint michael.lindskov@emergentholdingsinc.com"]
[0m[0mnull_resource.sns_subscribe[3] (local-exec): Executing: ["/bin/sh" "-c" "aws sns subscribe --topic-arn arn:aws:sns:us-east-1:945116902499:usage-notifications --protocol email --notification-endpoint symphony-error-notify-qa@advantasure.com"]
[0m[1maws_ecs_task_definition.ecs_service[1]: Creation complete after 0s [id=Sym-Kan-UAT-Srv-cklscrawler][0m[0m
[0m[1maws_cloudwatch_log_group.ecs_service: Creation complete after 0s [id=/Sym-Kan-UAT-Srv/Sym-Kan-UAT-Srv_logs][0m[0m
[0m[1mnull_resource.sns_subscribe[0]: Creating...[0m[0m
[0m[1mnull_resource.sns_subscribe[0]: Provisioning with 'local-exec'...[0m[0m
[0m[0mnull_resource.sns_subscribe[0] (local-exec): Executing: ["/bin/sh" "-c" "aws sns subscribe --topic-arn arn:aws:sns:us-east-1:945116902499:usage-notifications --protocol email --notification-endpoint EHIAWSSUPPORT@hcl.com"]
[0m[1maws_iam_role_policy_attachment.ecs-service-attach: Creation complete after 0s [id=ecs-service-role-20200406062251186900000001][0m[0m
[0m[1maws_cloudwatch_metric_alarm.cpu_utilization[0]: Creation complete after 1s [id=Kansas-CPUmetrix][0m[0m
[0m[0mnull_resource.sns_subscribe[0] (local-exec): {
[0m[0mnull_resource.sns_subscribe[0] (local-exec):     "SubscriptionArn": "pending confirmation"
[0m[0mnull_resource.sns_subscribe[0] (local-exec): }
[0m[0mnull_resource.sns_subscribe[2] (local-exec): {
[0m[0mnull_resource.sns_subscribe[2] (local-exec):     "SubscriptionArn": "pending confirmation"
[0m[0mnull_resource.sns_subscribe[2] (local-exec): }
[0m[0mnull_resource.sns_subscribe[1] (local-exec): {
[0m[0mnull_resource.sns_subscribe[1] (local-exec):     "SubscriptionArn": "pending confirmation"
[0m[0mnull_resource.sns_subscribe[1] (local-exec): }
[0m[0mnull_resource.sns_subscribe[3] (local-exec): {
[0m[0mnull_resource.sns_subscribe[3] (local-exec):     "SubscriptionArn": "pending confirmation"
[0m[0mnull_resource.sns_subscribe[3] (local-exec): }
[0m[1mnull_resource.sns_subscribe[0]: Creation complete after 1s [id=8956097233006283093][0m[0m
[0m[1mnull_resource.sns_subscribe[3]: Creation complete after 1s [id=278043208192515553][0m[0m
[0m[1mnull_resource.sns_subscribe[2]: Creation complete after 1s [id=6022898188061933324][0m[0m
[0m[1mnull_resource.sns_subscribe[1]: Creation complete after 1s [id=1178113536757871843][0m[0m
[0m[1maws_iam_instance_profile.ecs-ec2-role: Creation complete after 1s [id=Sym-Kan-UAT-Srv-iam-instance-profile][0m[0m
[0m[1maws_security_group.security_group: Creation complete after 1s [id=sg-0a6b32ee46fc561ff][0m[0m
[0m[1maws_alb.aws_ecs_alb: Creating...[0m[0m
[0m[1maws_ecs_cluster.ecs_cluster: Still creating... [10s elapsed][0m[0m
[0m[1maws_ecs_cluster.ecs_cluster: Creation complete after 10s [id=arn:aws:ecs:us-east-1:945116902499:cluster/Sym-Kan-UAT-Srv][0m[0m
[0m[1mdata.template_file.ecs-cluster-2: Refreshing state...[0m
[0m[1mdata.template_file.ecs-cluster: Refreshing state...[0m
[0m[1maws_launch_configuration.ecs-cluster-lc: Creating...[0m[0m
[0m[1maws_launch_configuration.ecs-cluster-lc-2[0]: Creating...[0m[0m
[0m[1maws_launch_configuration.ecs-cluster-lc: Creation complete after 0s [id=Sym-Kan-UAT-Srv-lc-Linux20200406062301080400000002][0m[0m
[0m[1maws_autoscaling_group.ecs-cluster: Creating...[0m[0m
[0m[1maws_launch_configuration.ecs-cluster-lc-2[0]: Creation complete after 1s [id=Sym-Kan-UAT-Srv-lc-Windows20200406062301096400000003][0m[0m
[0m[1maws_autoscaling_group.ecs-cluster-2[0]: Creating...[0m[0m
[0m[1maws_alb.aws_ecs_alb: Still creating... [10s elapsed][0m[0m
[0m[1maws_autoscaling_group.ecs-cluster: Still creating... [10s elapsed][0m[0m
[0m[1maws_autoscaling_group.ecs-cluster-2[0]: Still creating... [10s elapsed][0m[0m
[0m[1maws_alb.aws_ecs_alb: Still creating... [20s elapsed][0m[0m
[0m[1maws_autoscaling_group.ecs-cluster: Still creating... [20s elapsed][0m[0m
[0m[1maws_autoscaling_group.ecs-cluster-2[0]: Still creating... [20s elapsed][0m[0m
[0m[1maws_alb.aws_ecs_alb: Still creating... [30s elapsed][0m[0m
[0m[1maws_autoscaling_group.ecs-cluster: Still creating... [30s elapsed][0m[0m
[0m[1maws_autoscaling_group.ecs-cluster-2[0]: Still creating... [30s elapsed][0m[0m
[0m[1maws_alb.aws_ecs_alb: Still creating... [40s elapsed][0m[0m
[0m[1maws_autoscaling_group.ecs-cluster: Creation complete after 38s [id=Sym-Kan-UAT-Srv_ASG_Linux][0m[0m
[0m[1maws_autoscaling_notification.ecs_notification: Creating...[0m[0m
[0m[1maws_autoscaling_policy.ecs-cluster: Creating...[0m[0m
[0m[1maws_autoscaling_notification.ecs_notification: Creation complete after 0s [id=arn:aws:sns:us-east-1:945116902499:usage-notifications][0m[0m
[0m[1maws_autoscaling_policy.ecs-cluster: Creation complete after 1s [id=Sym-Kan-UAT-Srv_autoscaling_Linux][0m[0m
[0m[1maws_autoscaling_group.ecs-cluster-2[0]: Still creating... [40s elapsed][0m[0m
[0m[1maws_alb.aws_ecs_alb: Still creating... [50s elapsed][0m[0m
[0m[1maws_autoscaling_group.ecs-cluster-2[0]: Creation complete after 47s [id=Sym-Kan-UAT-Srv_ASG_Windows][0m[0m
[0m[1maws_autoscaling_notification.ecs_notification-2[0]: Creating...[0m[0m
[0m[1maws_autoscaling_policy.ecs-cluster-2[0]: Creating...[0m[0m
[0m[1maws_autoscaling_notification.ecs_notification-2[0]: Creation complete after 1s [id=arn:aws:sns:us-east-1:945116902499:usage-notifications][0m[0m
[0m[1maws_autoscaling_policy.ecs-cluster-2[0]: Creation complete after 1s [id=Sym-Kan-UAT-Srv_autoscaling_Windows][0m[0m
[0m[1maws_alb.aws_ecs_alb: Still creating... [1m0s elapsed][0m[0m
[0m[1maws_alb.aws_ecs_alb: Still creating... [1m10s elapsed][0m[0m
[0m[1maws_alb.aws_ecs_alb: Still creating... [1m20s elapsed][0m[0m
[0m[1maws_alb.aws_ecs_alb: Still creating... [1m30s elapsed][0m[0m
[0m[1maws_alb.aws_ecs_alb: Still creating... [1m40s elapsed][0m[0m
[0m[1maws_alb.aws_ecs_alb: Still creating... [1m50s elapsed][0m[0m
[0m[1maws_alb.aws_ecs_alb: Still creating... [2m0s elapsed][0m[0m
[0m[1maws_alb.aws_ecs_alb: Still creating... [2m10s elapsed][0m[0m
[0m[1maws_alb.aws_ecs_alb: Still creating... [2m20s elapsed][0m[0m
[0m[1maws_alb.aws_ecs_alb: Still creating... [2m30s elapsed][0m[0m
[0m[1maws_alb.aws_ecs_alb: Still creating... [2m40s elapsed][0m[0m
[0m[1maws_alb.aws_ecs_alb: Still creating... [2m50s elapsed][0m[0m
[0m[1maws_alb.aws_ecs_alb: Still creating... [3m0s elapsed][0m[0m
[0m[1maws_alb.aws_ecs_alb: Still creating... [3m10s elapsed][0m[0m
[0m[1maws_alb.aws_ecs_alb: Still creating... [3m20s elapsed][0m[0m
[0m[1maws_alb.aws_ecs_alb: Creation complete after 3m25s [id=arn:aws:elasticloadbalancing:us-east-1:945116902499:loadbalancer/app/Sym-Kan-UAT-Srv-ELB/917df8caf08aa1aa][0m[0m
[0m[1maws_alb_target_group.ecs-group[0]: Creating...[0m[0m
[0m[1maws_alb_target_group.ecs-group[2]: Creating...[0m[0m
[0m[1maws_lb_listener.httptohttps: Creating...[0m[0m
[0m[1maws_alb_target_group.ecs-group[4]: Creating...[0m[0m
[0m[1maws_alb_target_group.ecs-group[3]: Creating...[0m[0m
[0m[1maws_alb_target_group.ecs-group[1]: Creating...[0m[0m
[0m[1maws_lb_listener.httptohttps: Creation complete after 0s [id=arn:aws:elasticloadbalancing:us-east-1:945116902499:listener/app/Sym-Kan-UAT-Srv-ELB/917df8caf08aa1aa/63135a18f4dcd9f1][0m[0m
[0m[1maws_alb_target_group.ecs-group[3]: Creation complete after 1s [id=arn:aws:elasticloadbalancing:us-east-1:945116902499:targetgroup/Sym-Kan-UAT-Srv-esindexer/fec84e7639db1055][0m[0m
[0m[1maws_alb_target_group.ecs-group[0]: Creation complete after 5s [id=arn:aws:elasticloadbalancing:us-east-1:945116902499:targetgroup/Sym-Kan-UAT-Srv-auditevents/12e41cc13f8ad889][0m[0m
[0m[1maws_alb_target_group.ecs-group[4]: Creation complete after 5s [id=arn:aws:elasticloadbalancing:us-east-1:945116902499:targetgroup/Sym-Kan-UAT-Srv-jobs/a67c555299f9cbb7][0m[0m
[0m[1maws_alb_target_group.ecs-group[2]: Creation complete after 6s [id=arn:aws:elasticloadbalancing:us-east-1:945116902499:targetgroup/Sym-Kan-UAT-Srv-dataaudit/6e4f2e67b783639f][0m[0m
[0m[1maws_alb_target_group.ecs-group[1]: Creation complete after 6s [id=arn:aws:elasticloadbalancing:us-east-1:945116902499:targetgroup/Sym-Kan-UAT-Srv-cklscrawler/fb5e912284da4c16][0m[0m
[0m[1maws_alb_listener.front_end: Creating...[0m[0m
[0m[1maws_alb_listener.front_end: Creation complete after 0s [id=arn:aws:elasticloadbalancing:us-east-1:945116902499:listener/app/Sym-Kan-UAT-Srv-ELB/917df8caf08aa1aa/bc3d25d2c8680dd8][0m[0m
[0m[1maws_alb_listener_rule.listener_rule[1]: Creating...[0m[0m
[0m[1maws_alb_listener_rule.listener_rule[2]: Creating...[0m[0m
[0m[1maws_alb_listener_rule.listener_rule[3]: Creating...[0m[0m
[0m[1maws_alb_listener_rule.listener_rule[0]: Creating...[0m[0m
[0m[1maws_alb_listener_rule.listener_rule[3]: Creation complete after 0s [id=arn:aws:elasticloadbalancing:us-east-1:945116902499:listener-rule/app/Sym-Kan-UAT-Srv-ELB/917df8caf08aa1aa/bc3d25d2c8680dd8/53085f97ab6758bf][0m[0m
[0m[1maws_alb_listener_rule.listener_rule[1]: Still creating... [10s elapsed][0m[0m
[0m[1maws_alb_listener_rule.listener_rule[2]: Still creating... [10s elapsed][0m[0m
[0m[1maws_alb_listener_rule.listener_rule[0]: Still creating... [10s elapsed][0m[0m
[0m[1maws_alb_listener_rule.listener_rule[1]: Creation complete after 11s [id=arn:aws:elasticloadbalancing:us-east-1:945116902499:listener-rule/app/Sym-Kan-UAT-Srv-ELB/917df8caf08aa1aa/bc3d25d2c8680dd8/2366562037d279e7][0m[0m
[0m[1maws_alb_listener_rule.listener_rule[0]: Creation complete after 12s [id=arn:aws:elasticloadbalancing:us-east-1:945116902499:listener-rule/app/Sym-Kan-UAT-Srv-ELB/917df8caf08aa1aa/bc3d25d2c8680dd8/7fdce19da6efbe23][0m[0m
[0m[1maws_alb_listener_rule.listener_rule[2]: Creation complete after 15s [id=arn:aws:elasticloadbalancing:us-east-1:945116902499:listener-rule/app/Sym-Kan-UAT-Srv-ELB/917df8caf08aa1aa/bc3d25d2c8680dd8/d3acca488ebe9e75][0m[0m
[0m[1maws_ecs_service.ecs_service[0]: Creating...[0m[0m
[0m[1maws_ecs_service.ecs_service[3]: Creating...[0m[0m
[0m[1maws_ecs_service.ecs_service[4]: Creating...[0m[0m
[0m[1maws_ecs_service.ecs_service[1]: Creating...[0m[0m
[0m[1maws_ecs_service.ecs_service[2]: Creating...[0m[0m
[0m[1maws_ecs_service.ecs_service[3]: Creation complete after 0s [id=arn:aws:ecs:us-east-1:945116902499:service/Sym-Kan-UAT-Srv-esindexer][0m[0m
[0m[1maws_ecs_service.ecs_service[2]: Creation complete after 0s [id=arn:aws:ecs:us-east-1:945116902499:service/Sym-Kan-UAT-Srv-dataaudit][0m[0m
[0m[1maws_ecs_service.ecs_service[1]: Creation complete after 0s [id=arn:aws:ecs:us-east-1:945116902499:service/Sym-Kan-UAT-Srv-cklscrawler][0m[0m
[0m[1maws_ecs_service.ecs_service[0]: Creation complete after 0s [id=arn:aws:ecs:us-east-1:945116902499:service/Sym-Kan-UAT-Srv-auditevents][0m[0m
[0m[1maws_ecs_service.ecs_service[4]: Creation complete after 0s [id=arn:aws:ecs:us-east-1:945116902499:service/Sym-Kan-UAT-Srv-jobs][0m[0m
[33m
[1m[33mWarning: [0m[0m[1mInterpolation-only expressions are deprecated[0m

[0m  on asg_alaram.tf line 14, in resource "aws_autoscaling_notification" "ecs_notification":
  14:   topic_arn = [4m"${aws_sns_topic.usage_notifications.arn}"[0m
[0m
Terraform 0.11 and earlier required all non-constant expressions to be
provided via interpolation syntax, but this pattern is now deprecated. To
silence this warning, remove the "${ sequence from the start and the }"
sequence from the end of this expression, leaving just the inner expression.

Template interpolation syntax is still used to construct strings from
expressions when the template includes multiple interpolation sequences or a
mixture of literal strings and interpolations. This deprecation applies only
to templates that consist entirely of a single interpolation sequence.

(and 54 more similar warnings elsewhere)
[0m[0m
[0m[1m[32m
Apply complete! Resources: 41 added, 0 changed, 0 destroyed.[0m
[0m[1m[32m
Outputs:

alb_output = internal-Sym-Kan-UAT-Srv-ELB-1840076463.us-east-1.elb.amazonaws.com[0m
