[0m[1maws_db_subnet_group.kansas_prd_sqlserver: Creating...[0m[0m
[0m[1maws_db_parameter_group.kansas_prd_sqlserver: Creating...[0m[0m
[0m[1maws_db_option_group.kansas_prd_sqlserver: Creating...[0m[0m
[0m[1maws_security_group.kansas_prd_sqlserver: Creating...[0m[0m
[0m[1maws_db_parameter_group.kansas_prd_sqlserver: Creation complete after 0s [id=test-symphony-db-prd-parameter-group][0m[0m
[0m[1maws_db_option_group.kansas_prd_sqlserver: Creation complete after 0s [id=test-symphony-db-prd-option-group][0m[0m
[0m[1maws_db_subnet_group.kansas_prd_sqlserver: Creation complete after 0s [id=symphony-sqlserver-prd-subnet-group][0m[0m
[0m[1maws_security_group.kansas_prd_sqlserver: Creation complete after 1s [id=sg-084a8c17037db492f][0m[0m
[0m[1maws_db_instance.kansas_prd_sqlserver: Creating...[0m[0m
[0m[1maws_db_instance.kansas_prd_sqlserver: Still creating... [10s elapsed][0m[0m
[0m[1maws_db_instance.kansas_prd_sqlserver: Still creating... [20s elapsed][0m[0m
[0m[1maws_db_instance.kansas_prd_sqlserver: Still creating... [30s elapsed][0m[0m
[0m[1maws_db_instance.kansas_prd_sqlserver: Still creating... [40s elapsed][0m[0m
[0m[1maws_db_instance.kansas_prd_sqlserver: Still creating... [50s elapsed][0m[0m
[0m[1maws_db_instance.kansas_prd_sqlserver: Still creating... [1m0s elapsed][0m[0m
[0m[1maws_db_instance.kansas_prd_sqlserver: Still creating... [1m10s elapsed][0m[0m
[0m[1maws_db_instance.kansas_prd_sqlserver: Still creating... [1m20s elapsed][0m[0m
[0m[1maws_db_instance.kansas_prd_sqlserver: Still creating... [1m30s elapsed][0m[0m
[0m[1maws_db_instance.kansas_prd_sqlserver: Still creating... [1m40s elapsed][0m[0m
[0m[1maws_db_instance.kansas_prd_sqlserver: Still creating... [1m50s elapsed][0m[0m
[0m[1maws_db_instance.kansas_prd_sqlserver: Still creating... [2m0s elapsed][0m[0m
[0m[1maws_db_instance.kansas_prd_sqlserver: Still creating... [2m10s elapsed][0m[0m
[0m[1maws_db_instance.kansas_prd_sqlserver: Still creating... [2m20s elapsed][0m[0m
[0m[1maws_db_instance.kansas_prd_sqlserver: Still creating... [2m30s elapsed][0m[0m
[0m[1maws_db_instance.kansas_prd_sqlserver: Still creating... [2m40s elapsed][0m[0m
[0m[1maws_db_instance.kansas_prd_sqlserver: Still creating... [2m50s elapsed][0m[0m
[0m[1maws_db_instance.kansas_prd_sqlserver: Still creating... [3m0s elapsed][0m[0m
[0m[1maws_db_instance.kansas_prd_sqlserver: Still creating... [3m10s elapsed][0m[0m
[0m[1maws_db_instance.kansas_prd_sqlserver: Still creating... [3m20s elapsed][0m[0m
[0m[1maws_db_instance.kansas_prd_sqlserver: Still creating... [3m30s elapsed][0m[0m
[0m[1maws_db_instance.kansas_prd_sqlserver: Still creating... [3m40s elapsed][0m[0m
[0m[1maws_db_instance.kansas_prd_sqlserver: Still creating... [3m50s elapsed][0m[0m
[0m[1maws_db_instance.kansas_prd_sqlserver: Still creating... [4m0s elapsed][0m[0m
[0m[1maws_db_instance.kansas_prd_sqlserver: Still creating... [4m10s elapsed][0m[0m
[0m[1maws_db_instance.kansas_prd_sqlserver: Still creating... [4m20s elapsed][0m[0m
[0m[1maws_db_instance.kansas_prd_sqlserver: Still creating... [4m30s elapsed][0m[0m
[0m[1maws_db_instance.kansas_prd_sqlserver: Still creating... [4m40s elapsed][0m[0m
[0m[1maws_db_instance.kansas_prd_sqlserver: Still creating... [4m50s elapsed][0m[0m
[0m[1maws_db_instance.kansas_prd_sqlserver: Still creating... [5m0s elapsed][0m[0m
[0m[1maws_db_instance.kansas_prd_sqlserver: Still creating... [5m10s elapsed][0m[0m
[0m[1maws_db_instance.kansas_prd_sqlserver: Still creating... [5m20s elapsed][0m[0m
[0m[1maws_db_instance.kansas_prd_sqlserver: Still creating... [5m30s elapsed][0m[0m
[0m[1maws_db_instance.kansas_prd_sqlserver: Still creating... [5m40s elapsed][0m[0m
[0m[1maws_db_instance.kansas_prd_sqlserver: Still creating... [5m50s elapsed][0m[0m
[0m[1maws_db_instance.kansas_prd_sqlserver: Still creating... [6m0s elapsed][0m[0m
[0m[1maws_db_instance.kansas_prd_sqlserver: Still creating... [6m10s elapsed][0m[0m
[0m[1maws_db_instance.kansas_prd_sqlserver: Still creating... [6m20s elapsed][0m[0m
[0m[1maws_db_instance.kansas_prd_sqlserver: Still creating... [6m30s elapsed][0m[0m
[0m[1maws_db_instance.kansas_prd_sqlserver: Still creating... [6m40s elapsed][0m[0m
[0m[1maws_db_instance.kansas_prd_sqlserver: Still creating... [6m50s elapsed][0m[0m
[0m[1maws_db_instance.kansas_prd_sqlserver: Still creating... [7m0s elapsed][0m[0m
[0m[1maws_db_instance.kansas_prd_sqlserver: Still creating... [7m10s elapsed][0m[0m
[0m[1maws_db_instance.kansas_prd_sqlserver: Still creating... [7m20s elapsed][0m[0m
[0m[1maws_db_instance.kansas_prd_sqlserver: Still creating... [7m30s elapsed][0m[0m
[0m[1maws_db_instance.kansas_prd_sqlserver: Still creating... [7m40s elapsed][0m[0m
[0m[1maws_db_instance.kansas_prd_sqlserver: Still creating... [7m50s elapsed][0m[0m
[0m[1maws_db_instance.kansas_prd_sqlserver: Still creating... [8m0s elapsed][0m[0m
[0m[1maws_db_instance.kansas_prd_sqlserver: Still creating... [8m10s elapsed][0m[0m
[0m[1maws_db_instance.kansas_prd_sqlserver: Still creating... [8m20s elapsed][0m[0m
[0m[1maws_db_instance.kansas_prd_sqlserver: Still creating... [8m30s elapsed][0m[0m
[0m[1maws_db_instance.kansas_prd_sqlserver: Still creating... [8m40s elapsed][0m[0m
[0m[1maws_db_instance.kansas_prd_sqlserver: Still creating... [8m50s elapsed][0m[0m
[0m[1maws_db_instance.kansas_prd_sqlserver: Still creating... [9m0s elapsed][0m[0m
[0m[1maws_db_instance.kansas_prd_sqlserver: Still creating... [9m10s elapsed][0m[0m
[0m[1maws_db_instance.kansas_prd_sqlserver: Still creating... [9m20s elapsed][0m[0m
[0m[1maws_db_instance.kansas_prd_sqlserver: Still creating... [9m30s elapsed][0m[0m
[0m[1maws_db_instance.kansas_prd_sqlserver: Still creating... [9m40s elapsed][0m[0m
[0m[1maws_db_instance.kansas_prd_sqlserver: Still creating... [9m50s elapsed][0m[0m
[0m[1maws_db_instance.kansas_prd_sqlserver: Still creating... [10m0s elapsed][0m[0m
[0m[1maws_db_instance.kansas_prd_sqlserver: Still creating... [10m10s elapsed][0m[0m
[0m[1maws_db_instance.kansas_prd_sqlserver: Still creating... [10m20s elapsed][0m[0m
[0m[1maws_db_instance.kansas_prd_sqlserver: Still creating... [10m30s elapsed][0m[0m
[0m[1maws_db_instance.kansas_prd_sqlserver: Still creating... [10m40s elapsed][0m[0m
[0m[1maws_db_instance.kansas_prd_sqlserver: Still creating... [10m50s elapsed][0m[0m
[0m[1maws_db_instance.kansas_prd_sqlserver: Still creating... [11m0s elapsed][0m[0m
[0m[1maws_db_instance.kansas_prd_sqlserver: Still creating... [11m10s elapsed][0m[0m
[0m[1maws_db_instance.kansas_prd_sqlserver: Still creating... [11m20s elapsed][0m[0m
[0m[1maws_db_instance.kansas_prd_sqlserver: Still creating... [11m30s elapsed][0m[0m
[0m[1maws_db_instance.kansas_prd_sqlserver: Still creating... [11m40s elapsed][0m[0m
[0m[1maws_db_instance.kansas_prd_sqlserver: Still creating... [11m50s elapsed][0m[0m
[0m[1maws_db_instance.kansas_prd_sqlserver: Still creating... [12m0s elapsed][0m[0m
[0m[1maws_db_instance.kansas_prd_sqlserver: Still creating... [12m10s elapsed][0m[0m
[0m[1maws_db_instance.kansas_prd_sqlserver: Still creating... [12m20s elapsed][0m[0m
[0m[1maws_db_instance.kansas_prd_sqlserver: Still creating... [12m30s elapsed][0m[0m
[0m[1maws_db_instance.kansas_prd_sqlserver: Still creating... [12m40s elapsed][0m[0m
[0m[1maws_db_instance.kansas_prd_sqlserver: Still creating... [12m50s elapsed][0m[0m
[0m[1maws_db_instance.kansas_prd_sqlserver: Still creating... [13m0s elapsed][0m[0m
[0m[1maws_db_instance.kansas_prd_sqlserver: Still creating... [13m10s elapsed][0m[0m
[0m[1maws_db_instance.kansas_prd_sqlserver: Still creating... [13m20s elapsed][0m[0m
[0m[1maws_db_instance.kansas_prd_sqlserver: Still creating... [13m30s elapsed][0m[0m
[0m[1maws_db_instance.kansas_prd_sqlserver: Still creating... [13m40s elapsed][0m[0m
[0m[1maws_db_instance.kansas_prd_sqlserver: Still creating... [13m50s elapsed][0m[0m
[0m[1maws_db_instance.kansas_prd_sqlserver: Still creating... [14m0s elapsed][0m[0m
[0m[1maws_db_instance.kansas_prd_sqlserver: Still creating... [14m10s elapsed][0m[0m
[0m[1maws_db_instance.kansas_prd_sqlserver: Still creating... [14m20s elapsed][0m[0m
[0m[1maws_db_instance.kansas_prd_sqlserver: Still creating... [14m30s elapsed][0m[0m
[0m[1maws_db_instance.kansas_prd_sqlserver: Still creating... [14m40s elapsed][0m[0m
[0m[1maws_db_instance.kansas_prd_sqlserver: Still creating... [14m50s elapsed][0m[0m
[0m[1maws_db_instance.kansas_prd_sqlserver: Still creating... [15m0s elapsed][0m[0m
[0m[1maws_db_instance.kansas_prd_sqlserver: Still creating... [15m10s elapsed][0m[0m
[0m[1maws_db_instance.kansas_prd_sqlserver: Still creating... [15m20s elapsed][0m[0m
[0m[1maws_db_instance.kansas_prd_sqlserver: Still creating... [15m30s elapsed][0m[0m
[0m[1maws_db_instance.kansas_prd_sqlserver: Still creating... [15m40s elapsed][0m[0m
[0m[1maws_db_instance.kansas_prd_sqlserver: Still creating... [15m50s elapsed][0m[0m
[0m[1maws_db_instance.kansas_prd_sqlserver: Still creating... [16m0s elapsed][0m[0m
[0m[1maws_db_instance.kansas_prd_sqlserver: Still creating... [16m10s elapsed][0m[0m
[0m[1maws_db_instance.kansas_prd_sqlserver: Still creating... [16m20s elapsed][0m[0m
[0m[1maws_db_instance.kansas_prd_sqlserver: Still creating... [16m30s elapsed][0m[0m
[0m[1maws_db_instance.kansas_prd_sqlserver: Still creating... [16m40s elapsed][0m[0m
[0m[1maws_db_instance.kansas_prd_sqlserver: Still creating... [16m50s elapsed][0m[0m
[0m[1maws_db_instance.kansas_prd_sqlserver: Still creating... [17m0s elapsed][0m[0m
[0m[1maws_db_instance.kansas_prd_sqlserver: Still creating... [17m10s elapsed][0m[0m
[0m[1maws_db_instance.kansas_prd_sqlserver: Still creating... [17m20s elapsed][0m[0m
[0m[1maws_db_instance.kansas_prd_sqlserver: Still creating... [17m30s elapsed][0m[0m
[0m[1maws_db_instance.kansas_prd_sqlserver: Still creating... [17m40s elapsed][0m[0m
[0m[1maws_db_instance.kansas_prd_sqlserver: Still creating... [17m50s elapsed][0m[0m
[0m[1maws_db_instance.kansas_prd_sqlserver: Still creating... [18m0s elapsed][0m[0m
[0m[1maws_db_instance.kansas_prd_sqlserver: Still creating... [18m10s elapsed][0m[0m
[0m[1maws_db_instance.kansas_prd_sqlserver: Still creating... [18m20s elapsed][0m[0m
[0m[1maws_db_instance.kansas_prd_sqlserver: Still creating... [18m30s elapsed][0m[0m
[0m[1maws_db_instance.kansas_prd_sqlserver: Still creating... [18m40s elapsed][0m[0m
[0m[1maws_db_instance.kansas_prd_sqlserver: Still creating... [18m50s elapsed][0m[0m
[0m[1maws_db_instance.kansas_prd_sqlserver: Still creating... [19m0s elapsed][0m[0m
[0m[1maws_db_instance.kansas_prd_sqlserver: Still creating... [19m10s elapsed][0m[0m
[0m[1maws_db_instance.kansas_prd_sqlserver: Still creating... [19m20s elapsed][0m[0m
[0m[1maws_db_instance.kansas_prd_sqlserver: Still creating... [19m30s elapsed][0m[0m
[0m[1maws_db_instance.kansas_prd_sqlserver: Still creating... [19m40s elapsed][0m[0m
[0m[1maws_db_instance.kansas_prd_sqlserver: Still creating... [19m50s elapsed][0m[0m
[0m[1maws_db_instance.kansas_prd_sqlserver: Still creating... [20m0s elapsed][0m[0m
[0m[1maws_db_instance.kansas_prd_sqlserver: Still creating... [20m10s elapsed][0m[0m
[0m[1maws_db_instance.kansas_prd_sqlserver: Still creating... [20m20s elapsed][0m[0m
[0m[1maws_db_instance.kansas_prd_sqlserver: Still creating... [20m30s elapsed][0m[0m
[0m[1maws_db_instance.kansas_prd_sqlserver: Still creating... [20m40s elapsed][0m[0m
[0m[1maws_db_instance.kansas_prd_sqlserver: Still creating... [20m50s elapsed][0m[0m
[0m[1maws_db_instance.kansas_prd_sqlserver: Still creating... [21m0s elapsed][0m[0m
[0m[1maws_db_instance.kansas_prd_sqlserver: Still creating... [21m10s elapsed][0m[0m
[0m[1maws_db_instance.kansas_prd_sqlserver: Still creating... [21m20s elapsed][0m[0m
[0m[1maws_db_instance.kansas_prd_sqlserver: Still creating... [21m30s elapsed][0m[0m
[0m[1maws_db_instance.kansas_prd_sqlserver: Still creating... [21m40s elapsed][0m[0m
[0m[1maws_db_instance.kansas_prd_sqlserver: Still creating... [21m50s elapsed][0m[0m
[0m[1maws_db_instance.kansas_prd_sqlserver: Still creating... [22m0s elapsed][0m[0m
[0m[1maws_db_instance.kansas_prd_sqlserver: Still creating... [22m10s elapsed][0m[0m
[0m[1maws_db_instance.kansas_prd_sqlserver: Still creating... [22m20s elapsed][0m[0m
[0m[1maws_db_instance.kansas_prd_sqlserver: Still creating... [22m30s elapsed][0m[0m
[0m[1maws_db_instance.kansas_prd_sqlserver: Still creating... [22m40s elapsed][0m[0m
[0m[1maws_db_instance.kansas_prd_sqlserver: Still creating... [22m50s elapsed][0m[0m
[0m[1maws_db_instance.kansas_prd_sqlserver: Still creating... [23m0s elapsed][0m[0m
[0m[1maws_db_instance.kansas_prd_sqlserver: Still creating... [23m10s elapsed][0m[0m
[0m[1maws_db_instance.kansas_prd_sqlserver: Still creating... [23m20s elapsed][0m[0m
[0m[1maws_db_instance.kansas_prd_sqlserver: Still creating... [23m30s elapsed][0m[0m
[0m[1maws_db_instance.kansas_prd_sqlserver: Still creating... [23m40s elapsed][0m[0m
[0m[1maws_db_instance.kansas_prd_sqlserver: Still creating... [23m50s elapsed][0m[0m
[0m[1maws_db_instance.kansas_prd_sqlserver: Still creating... [24m0s elapsed][0m[0m
[0m[1maws_db_instance.kansas_prd_sqlserver: Still creating... [24m10s elapsed][0m[0m
[0m[1maws_db_instance.kansas_prd_sqlserver: Still creating... [24m20s elapsed][0m[0m
[0m[1maws_db_instance.kansas_prd_sqlserver: Still creating... [24m30s elapsed][0m[0m
[0m[1maws_db_instance.kansas_prd_sqlserver: Still creating... [24m40s elapsed][0m[0m
[0m[1maws_db_instance.kansas_prd_sqlserver: Still creating... [24m50s elapsed][0m[0m
[0m[1maws_db_instance.kansas_prd_sqlserver: Still creating... [25m0s elapsed][0m[0m
[0m[1maws_db_instance.kansas_prd_sqlserver: Still creating... [25m10s elapsed][0m[0m
[0m[1maws_db_instance.kansas_prd_sqlserver: Still creating... [25m20s elapsed][0m[0m
[0m[1maws_db_instance.kansas_prd_sqlserver: Still creating... [25m30s elapsed][0m[0m
[0m[1maws_db_instance.kansas_prd_sqlserver: Still creating... [25m40s elapsed][0m[0m
[0m[1maws_db_instance.kansas_prd_sqlserver: Still creating... [25m50s elapsed][0m[0m
[0m[1maws_db_instance.kansas_prd_sqlserver: Still creating... [26m0s elapsed][0m[0m
[0m[1maws_db_instance.kansas_prd_sqlserver: Still creating... [26m10s elapsed][0m[0m
[0m[1maws_db_instance.kansas_prd_sqlserver: Still creating... [26m20s elapsed][0m[0m
[0m[1maws_db_instance.kansas_prd_sqlserver: Still creating... [26m30s elapsed][0m[0m
[0m[1maws_db_instance.kansas_prd_sqlserver: Still creating... [26m40s elapsed][0m[0m
[0m[1maws_db_instance.kansas_prd_sqlserver: Still creating... [26m50s elapsed][0m[0m
[0m[1maws_db_instance.kansas_prd_sqlserver: Still creating... [27m0s elapsed][0m[0m
[0m[1maws_db_instance.kansas_prd_sqlserver: Still creating... [27m10s elapsed][0m[0m
[0m[1maws_db_instance.kansas_prd_sqlserver: Still creating... [27m20s elapsed][0m[0m
[0m[1maws_db_instance.kansas_prd_sqlserver: Still creating... [27m30s elapsed][0m[0m
[0m[1maws_db_instance.kansas_prd_sqlserver: Still creating... [27m40s elapsed][0m[0m
[0m[1maws_db_instance.kansas_prd_sqlserver: Still creating... [27m50s elapsed][0m[0m
[0m[1maws_db_instance.kansas_prd_sqlserver: Still creating... [28m0s elapsed][0m[0m
[0m[1maws_db_instance.kansas_prd_sqlserver: Still creating... [28m10s elapsed][0m[0m
[0m[1maws_db_instance.kansas_prd_sqlserver: Still creating... [28m20s elapsed][0m[0m
[0m[1maws_db_instance.kansas_prd_sqlserver: Still creating... [28m30s elapsed][0m[0m
[0m[1maws_db_instance.kansas_prd_sqlserver: Still creating... [28m40s elapsed][0m[0m
[0m[1maws_db_instance.kansas_prd_sqlserver: Still creating... [28m50s elapsed][0m[0m
[0m[1maws_db_instance.kansas_prd_sqlserver: Still creating... [29m0s elapsed][0m[0m
[0m[1maws_db_instance.kansas_prd_sqlserver: Still creating... [29m10s elapsed][0m[0m
[0m[1maws_db_instance.kansas_prd_sqlserver: Still creating... [29m20s elapsed][0m[0m
[0m[1maws_db_instance.kansas_prd_sqlserver: Still creating... [29m30s elapsed][0m[0m
[0m[1maws_db_instance.kansas_prd_sqlserver: Still creating... [29m40s elapsed][0m[0m
[0m[1maws_db_instance.kansas_prd_sqlserver: Still creating... [29m50s elapsed][0m[0m
[0m[1maws_db_instance.kansas_prd_sqlserver: Still creating... [30m0s elapsed][0m[0m
[0m[1maws_db_instance.kansas_prd_sqlserver: Still creating... [30m10s elapsed][0m[0m
[0m[1maws_db_instance.kansas_prd_sqlserver: Still creating... [30m20s elapsed][0m[0m
[0m[1maws_db_instance.kansas_prd_sqlserver: Still creating... [30m30s elapsed][0m[0m
[0m[1maws_db_instance.kansas_prd_sqlserver: Still creating... [30m40s elapsed][0m[0m
[0m[1maws_db_instance.kansas_prd_sqlserver: Still creating... [30m50s elapsed][0m[0m
[0m[1maws_db_instance.kansas_prd_sqlserver: Still creating... [31m0s elapsed][0m[0m
[0m[1maws_db_instance.kansas_prd_sqlserver: Still creating... [31m10s elapsed][0m[0m
[0m[1maws_db_instance.kansas_prd_sqlserver: Still creating... [31m20s elapsed][0m[0m
[0m[1maws_db_instance.kansas_prd_sqlserver: Still creating... [31m30s elapsed][0m[0m
[0m[1maws_db_instance.kansas_prd_sqlserver: Still creating... [31m40s elapsed][0m[0m
[0m[1maws_db_instance.kansas_prd_sqlserver: Still creating... [31m50s elapsed][0m[0m
[0m[1maws_db_instance.kansas_prd_sqlserver: Still creating... [32m0s elapsed][0m[0m
[0m[1maws_db_instance.kansas_prd_sqlserver: Still creating... [32m10s elapsed][0m[0m
[0m[1maws_db_instance.kansas_prd_sqlserver: Still creating... [32m20s elapsed][0m[0m
[0m[1maws_db_instance.kansas_prd_sqlserver: Still creating... [32m30s elapsed][0m[0m
[0m[1maws_db_instance.kansas_prd_sqlserver: Still creating... [32m40s elapsed][0m[0m
[0m[1maws_db_instance.kansas_prd_sqlserver: Still creating... [32m50s elapsed][0m[0m
[0m[1maws_db_instance.kansas_prd_sqlserver: Still creating... [33m0s elapsed][0m[0m
[0m[1maws_db_instance.kansas_prd_sqlserver: Still creating... [33m10s elapsed][0m[0m
[0m[1maws_db_instance.kansas_prd_sqlserver: Still creating... [33m20s elapsed][0m[0m
[0m[1maws_db_instance.kansas_prd_sqlserver: Still creating... [33m30s elapsed][0m[0m
[0m[1maws_db_instance.kansas_prd_sqlserver: Still creating... [33m40s elapsed][0m[0m
[0m[1maws_db_instance.kansas_prd_sqlserver: Still creating... [33m50s elapsed][0m[0m
[0m[1maws_db_instance.kansas_prd_sqlserver: Still creating... [34m0s elapsed][0m[0m
[0m[1maws_db_instance.kansas_prd_sqlserver: Still creating... [34m10s elapsed][0m[0m
[0m[1maws_db_instance.kansas_prd_sqlserver: Still creating... [34m20s elapsed][0m[0m
[0m[1maws_db_instance.kansas_prd_sqlserver: Still creating... [34m30s elapsed][0m[0m
[0m[1maws_db_instance.kansas_prd_sqlserver: Still creating... [34m40s elapsed][0m[0m
[0m[1maws_db_instance.kansas_prd_sqlserver: Still creating... [34m50s elapsed][0m[0m
[0m[1maws_db_instance.kansas_prd_sqlserver: Still creating... [35m0s elapsed][0m[0m
[0m[1maws_db_instance.kansas_prd_sqlserver: Still creating... [35m10s elapsed][0m[0m
[0m[1maws_db_instance.kansas_prd_sqlserver: Still creating... [35m20s elapsed][0m[0m
[0m[1maws_db_instance.kansas_prd_sqlserver: Still creating... [35m30s elapsed][0m[0m
[0m[1maws_db_instance.kansas_prd_sqlserver: Still creating... [35m40s elapsed][0m[0m
[0m[1maws_db_instance.kansas_prd_sqlserver: Still creating... [35m50s elapsed][0m[0m
[0m[1maws_db_instance.kansas_prd_sqlserver: Still creating... [36m0s elapsed][0m[0m
[0m[1maws_db_instance.kansas_prd_sqlserver: Still creating... [36m10s elapsed][0m[0m
[0m[1maws_db_instance.kansas_prd_sqlserver: Still creating... [36m20s elapsed][0m[0m
[0m[1maws_db_instance.kansas_prd_sqlserver: Still creating... [36m30s elapsed][0m[0m
[0m[1maws_db_instance.kansas_prd_sqlserver: Still creating... [36m40s elapsed][0m[0m
[0m[1maws_db_instance.kansas_prd_sqlserver: Still creating... [36m50s elapsed][0m[0m
[0m[1maws_db_instance.kansas_prd_sqlserver: Still creating... [37m0s elapsed][0m[0m
[0m[1maws_db_instance.kansas_prd_sqlserver: Still creating... [37m10s elapsed][0m[0m
[0m[1maws_db_instance.kansas_prd_sqlserver: Still creating... [37m20s elapsed][0m[0m
[0m[1maws_db_instance.kansas_prd_sqlserver: Still creating... [37m30s elapsed][0m[0m
[0m[1maws_db_instance.kansas_prd_sqlserver: Still creating... [37m40s elapsed][0m[0m
[0m[1maws_db_instance.kansas_prd_sqlserver: Still creating... [37m50s elapsed][0m[0m
[0m[1maws_db_instance.kansas_prd_sqlserver: Still creating... [38m0s elapsed][0m[0m
[0m[1maws_db_instance.kansas_prd_sqlserver: Still creating... [38m10s elapsed][0m[0m
[0m[1maws_db_instance.kansas_prd_sqlserver: Still creating... [38m20s elapsed][0m[0m
[0m[1maws_db_instance.kansas_prd_sqlserver: Still creating... [38m30s elapsed][0m[0m
[0m[1maws_db_instance.kansas_prd_sqlserver: Still creating... [38m40s elapsed][0m[0m
[0m[1maws_db_instance.kansas_prd_sqlserver: Still creating... [38m50s elapsed][0m[0m
[0m[1maws_db_instance.kansas_prd_sqlserver: Still creating... [39m0s elapsed][0m[0m
[0m[1maws_db_instance.kansas_prd_sqlserver: Still creating... [39m10s elapsed][0m[0m
[0m[1maws_db_instance.kansas_prd_sqlserver: Still creating... [39m20s elapsed][0m[0m
[0m[1maws_db_instance.kansas_prd_sqlserver: Still creating... [39m30s elapsed][0m[0m
[0m[1maws_db_instance.kansas_prd_sqlserver: Still creating... [39m40s elapsed][0m[0m
[0m[1maws_db_instance.kansas_prd_sqlserver: Still creating... [39m50s elapsed][0m[0m
[0m[1maws_db_instance.kansas_prd_sqlserver: Still creating... [40m0s elapsed][0m[0m
[0m[1maws_db_instance.kansas_prd_sqlserver: Still creating... [40m10s elapsed][0m[0m
[0m[1maws_db_instance.kansas_prd_sqlserver: Still creating... [40m20s elapsed][0m[0m
[0m[1maws_db_instance.kansas_prd_sqlserver: Still creating... [40m30s elapsed][0m[0m
[0m[1maws_db_instance.kansas_prd_sqlserver: Still creating... [40m40s elapsed][0m[0m
[0m[1maws_db_instance.kansas_prd_sqlserver: Still creating... [40m50s elapsed][0m[0m
[0m[1maws_db_instance.kansas_prd_sqlserver: Still creating... [41m0s elapsed][0m[0m
[0m[1maws_db_instance.kansas_prd_sqlserver: Still creating... [41m10s elapsed][0m[0m
[0m[1maws_db_instance.kansas_prd_sqlserver: Still creating... [41m20s elapsed][0m[0m
[0m[1maws_db_instance.kansas_prd_sqlserver: Still creating... [41m30s elapsed][0m[0m
[0m[1maws_db_instance.kansas_prd_sqlserver: Still creating... [41m40s elapsed][0m[0m
[0m[1maws_db_instance.kansas_prd_sqlserver: Still creating... [41m50s elapsed][0m[0m
[0m[1maws_db_instance.kansas_prd_sqlserver: Still creating... [42m0s elapsed][0m[0m
[0m[1maws_db_instance.kansas_prd_sqlserver: Still creating... [42m10s elapsed][0m[0m
[0m[1maws_db_instance.kansas_prd_sqlserver: Still creating... [42m20s elapsed][0m[0m
[0m[1maws_db_instance.kansas_prd_sqlserver: Still creating... [42m30s elapsed][0m[0m
[0m[1maws_db_instance.kansas_prd_sqlserver: Still creating... [42m40s elapsed][0m[0m
[0m[1maws_db_instance.kansas_prd_sqlserver: Still creating... [42m50s elapsed][0m[0m
[0m[1maws_db_instance.kansas_prd_sqlserver: Still creating... [43m0s elapsed][0m[0m
[0m[1maws_db_instance.kansas_prd_sqlserver: Still creating... [43m10s elapsed][0m[0m
[0m[1maws_db_instance.kansas_prd_sqlserver: Still creating... [43m20s elapsed][0m[0m
[0m[1maws_db_instance.kansas_prd_sqlserver: Still creating... [43m30s elapsed][0m[0m
[0m[1maws_db_instance.kansas_prd_sqlserver: Still creating... [43m40s elapsed][0m[0m
[0m[1maws_db_instance.kansas_prd_sqlserver: Still creating... [43m50s elapsed][0m[0m
[0m[1maws_db_instance.kansas_prd_sqlserver: Still creating... [44m0s elapsed][0m[0m
[0m[1maws_db_instance.kansas_prd_sqlserver: Still creating... [44m10s elapsed][0m[0m
[0m[1maws_db_instance.kansas_prd_sqlserver: Still creating... [44m20s elapsed][0m[0m
[0m[1maws_db_instance.kansas_prd_sqlserver: Still creating... [44m30s elapsed][0m[0m
[0m[1maws_db_instance.kansas_prd_sqlserver: Still creating... [44m40s elapsed][0m[0m
[0m[1maws_db_instance.kansas_prd_sqlserver: Still creating... [44m50s elapsed][0m[0m
[0m[1maws_db_instance.kansas_prd_sqlserver: Still creating... [45m0s elapsed][0m[0m
[0m[1maws_db_instance.kansas_prd_sqlserver: Still creating... [45m10s elapsed][0m[0m
[0m[1maws_db_instance.kansas_prd_sqlserver: Still creating... [45m20s elapsed][0m[0m
[0m[1maws_db_instance.kansas_prd_sqlserver: Still creating... [45m30s elapsed][0m[0m
[0m[1maws_db_instance.kansas_prd_sqlserver: Creation complete after 45m36s [id=testsymkanprddb][0m[0m
[33m
[1m[33mWarning: [0m[0m[1mInterpolation-only expressions are deprecated[0m

[0m  on rds-mssql.tf line 53, in resource "aws_db_instance" "kansas_prd_sqlserver":
  53:   db_subnet_group_name      = [4m"${aws_db_subnet_group.kansas_prd_sqlserver.id}"[0m
[0m
Terraform 0.11 and earlier required all non-constant expressions to be
provided via interpolation syntax, but this pattern is now deprecated. To
silence this warning, remove the "${ sequence from the start and the }"
sequence from the end of this expression, leaving just the inner expression.

Template interpolation syntax is still used to construct strings from
expressions when the template includes multiple interpolation sequences or a
mixture of literal strings and interpolations. This deprecation applies only
to templates that consist entirely of a single interpolation sequence.
[0m[0m
[0m[1m[32m
Apply complete! Resources: 5 added, 0 changed, 0 destroyed.[0m
