[0m[1mdata.template_file.linux_ec2: Refreshing state...[0m
[0m[1mdata.template_file.windows_ec2: Refreshing state...[0m
[0m[1mdata.template_cloudinit_config.windows_ec2: Refreshing state...[0m
[0m[1mdata.template_cloudinit_config.linux_ec2: Refreshing state...[0m
[0m[1mdata.aws_ami.amazon-linux-2: Refreshing state...[0m
[0m[1mdata.aws_ami.windows-2016: Refreshing state...[0m
[0m[1maws_instance.eft_linux[0]: Creating...[0m[0m
[0m[1maws_instance.eft_windows[0]: Creating...[0m[0m
[0m[1maws_instance.eft_linux[0]: Still creating... [10s elapsed][0m[0m
[0m[1maws_instance.eft_windows[0]: Still creating... [10s elapsed][0m[0m
[0m[1maws_instance.eft_linux[0]: Still creating... [20s elapsed][0m[0m
[0m[1maws_instance.eft_windows[0]: Still creating... [20s elapsed][0m[0m
[0m[1maws_instance.eft_linux[0]: Creation complete after 22s [id=i-0aa721fe65697ea8b][0m[0m
[0m[1maws_instance.eft_windows[0]: Still creating... [30s elapsed][0m[0m
[0m[1maws_instance.eft_windows[0]: Still creating... [40s elapsed][0m[0m
[0m[1maws_instance.eft_windows[0]: Still creating... [50s elapsed][0m[0m
[0m[1maws_instance.eft_windows[0]: Still creating... [1m0s elapsed][0m[0m
[0m[1maws_instance.eft_windows[0]: Still creating... [1m10s elapsed][0m[0m
[0m[1maws_instance.eft_windows[0]: Still creating... [1m20s elapsed][0m[0m
[0m[1maws_instance.eft_windows[0]: Creation complete after 1m30s [id=i-0fa25ee8ce351b30c][0m[0m
[0m[1m[32m
Apply complete! Resources: 2 added, 0 changed, 0 destroyed.[0m
[0m[1m[32m
Outputs:

linux_ec2_instance_id = [
  "i-0aa721fe65697ea8b",
]
linux_ec2_private_ip = [
  "10.126.64.38",
]
windows_ec2_instance_id = [
  "i-0fa25ee8ce351b30c",
]
windows_ec2_private_ip = [
  "10.126.64.154",
][0m
