[0m[1maws_lb_target_group.app_public_80: Creating...[0m[0m
[0m[1maws_cloudwatch_event_rule.cron_minute: Creating...[0m[0m
[0m[1maws_lb_target_group.app_public_443: Creating...[0m[0m
[0m[1maws_lb.app_public: Creating...[0m[0m
[0m[1maws_s3_bucket.static_lb: Creating...[0m[0m
[0m[1maws_cloudwatch_event_rule.cron_minute: Creation complete after 0s [id=cron-min-Sym-Kan-UAT-WebApp][0m[0m
[0m[1maws_lb_target_group.app_public_443: Creation complete after 0s [id=arn:aws:elasticloadbalancing:us-east-1:660751646273:targetgroup/Sym-Kan-UAT-WebApp-TCP443/1ad7bfa3e842d19c][0m[0m
[0m[1maws_lb_target_group.app_public_80: Creation complete after 0s [id=arn:aws:elasticloadbalancing:us-east-1:660751646273:targetgroup/Sym-Kan-UAT-WebApp-TCP80/d5add9c05a3c9d39][0m[0m
[0m[1maws_s3_bucket.static_lb: Creation complete after 2s [id=sym-kan-uat-webapp-lambda-alb2nlb][0m[0m
[0m[1maws_lambda_function.static_lb_updater_80: Creating...[0m[0m
[0m[1maws_lambda_function.static_lb_updater_443: Creating...[0m[0m
[0m[1maws_lambda_function.static_lb_updater_80: Creation complete after 5s [id=Sym-Kan-UAT-WebApp-Populate-NLB-with-ALB-HTTP][0m[0m
[0m[1maws_lambda_permission.allow_cloudwatch_80: Creating...[0m[0m
[0m[1maws_cloudwatch_event_target.static_lb_updater_80: Creating...[0m[0m
[0m[1maws_lambda_permission.allow_cloudwatch_80: Creation complete after 1s [id=AllowExecutionFromCloudWatch][0m[0m
[0m[1maws_cloudwatch_event_target.static_lb_updater_80: Creation complete after 1s [id=cron-min-Sym-Kan-UAT-WebApp-Sym-Kan-UAT-WebApp-port80][0m[0m
[0m[1maws_lb.app_public: Still creating... [10s elapsed][0m[0m
[0m[1maws_lambda_function.static_lb_updater_443: Still creating... [10s elapsed][0m[0m
[0m[1maws_lambda_function.static_lb_updater_443: Creation complete after 11s [id=Sym-Kan-UAT-WebApp-Populate-NLB-with-ALB-HTTPS][0m[0m
[0m[1maws_lambda_permission.allow_cloudwatch_443: Creating...[0m[0m
[0m[1maws_cloudwatch_event_target.static_lb_updater_443: Creating...[0m[0m
[0m[1maws_lambda_permission.allow_cloudwatch_443: Creation complete after 1s [id=AllowExecutionFromCloudWatch][0m[0m
[0m[1maws_cloudwatch_event_target.static_lb_updater_443: Creation complete after 1s [id=cron-min-Sym-Kan-UAT-WebApp-Sym-Kan-UAT-WebApp-port443][0m[0m
[0m[1maws_lb.app_public: Still creating... [20s elapsed][0m[0m
[0m[1maws_lb.app_public: Still creating... [30s elapsed][0m[0m
[0m[1maws_lb.app_public: Still creating... [40s elapsed][0m[0m
[0m[1maws_lb.app_public: Still creating... [50s elapsed][0m[0m
[0m[1maws_lb.app_public: Still creating... [1m0s elapsed][0m[0m
[0m[1maws_lb.app_public: Still creating... [1m10s elapsed][0m[0m
[0m[1maws_lb.app_public: Still creating... [1m20s elapsed][0m[0m
[0m[1maws_lb.app_public: Still creating... [1m30s elapsed][0m[0m
[0m[1maws_lb.app_public: Still creating... [1m40s elapsed][0m[0m
[0m[1maws_lb.app_public: Still creating... [1m50s elapsed][0m[0m
[0m[1maws_lb.app_public: Still creating... [2m0s elapsed][0m[0m
[0m[1maws_lb.app_public: Still creating... [2m10s elapsed][0m[0m
[0m[1maws_lb.app_public: Still creating... [2m20s elapsed][0m[0m
[0m[1maws_lb.app_public: Still creating... [2m30s elapsed][0m[0m
[0m[1maws_lb.app_public: Still creating... [2m40s elapsed][0m[0m
[0m[1maws_lb.app_public: Creation complete after 2m41s [id=arn:aws:elasticloadbalancing:us-east-1:660751646273:loadbalancer/net/Sym-Kan-UAT-WebApp-NLB/8c72c26343217739][0m[0m
[0m[1maws_lb_listener.app_public_80: Creating...[0m[0m
[0m[1maws_lb_listener.app_public_443: Creating...[0m[0m
[0m[1maws_lb_listener.app_public_443: Creation complete after 1s [id=arn:aws:elasticloadbalancing:us-east-1:660751646273:listener/net/Sym-Kan-UAT-WebApp-NLB/8c72c26343217739/98f575b200ef7b31][0m[0m
[0m[1maws_lb_listener.app_public_80: Creation complete after 1s [id=arn:aws:elasticloadbalancing:us-east-1:660751646273:listener/net/Sym-Kan-UAT-WebApp-NLB/8c72c26343217739/105384620e508021][0m[0m
[0m[1m[32m
Apply complete! Resources: 13 added, 0 changed, 0 destroyed.[0m
