[0m[1mdata.template_file.ecs-tasks[0]: Refreshing state...[0m
[0m[1mdata.template_file.ecs-tasks[2]: Refreshing state...[0m
[0m[1mdata.template_file.ecs-tasks[1]: Refreshing state...[0m
[0m[1mdata.template_file.ecs-tasks[3]: Refreshing state...[0m
[0m[1mdata.template_file.ecs-tasks[4]: Refreshing state...[0m
[0m[1mdata.aws_acm_certificate.clientdomain: Refreshing state...[0m
[0m[1mdata.aws_sns_topic.notification: Refreshing state...[0m
[0m[1mdata.aws_vpc.vpc_id: Refreshing state...[0m
[0m[1mdata.aws_subnet_ids.subnet_ids: Refreshing state...[0m
[0m[1maws_cloudwatch_log_group.ecs_service: Creating...[0m[0m
[0m[1maws_iam_role_policy_attachment.ecs-service-attach: Creating...[0m[0m
[0m[1maws_ecs_cluster.ecs_cluster: Creating...[0m[0m
[0m[1maws_ecs_task_definition.ecs_service[2]: Creating...[0m[0m
[0m[1maws_cloudwatch_metric_alarm.cpu_utilization[0]: Creating...[0m[0m
[0m[1maws_ecs_task_definition.ecs_service[3]: Creating...[0m[0m
[0m[1maws_iam_instance_profile.ecs-ec2-role: Creating...[0m[0m
[0m[1maws_ecs_task_definition.ecs_service[1]: Creating...[0m[0m
[0m[1maws_ecs_task_definition.ecs_service[4]: Creating...[0m[0m
[0m[1maws_ecs_task_definition.ecs_service[0]: Creating...[0m[0m
[0m[1maws_iam_role_policy_attachment.ecs-service-attach: Creation complete after 0s [id=ecs-service-role-20200413033432890100000001][0m[0m
[0m[1maws_security_group.security_group: Creating...[0m[0m
[0m[1maws_ecs_task_definition.ecs_service[2]: Creation complete after 0s [id=Sym-Kan-UAT-Srv-dataaudit][0m[0m
[0m[1maws_ecs_task_definition.ecs_service[0]: Creation complete after 0s [id=Sym-Kan-UAT-Srv-auditevents][0m[0m
[0m[1maws_ecs_task_definition.ecs_service[4]: Creation complete after 0s [id=Sym-Kan-UAT-Srv-jobs][0m[0m
[0m[1maws_ecs_task_definition.ecs_service[1]: Creation complete after 0s [id=Sym-Kan-UAT-Srv-cklscrawler][0m[0m
[0m[1maws_cloudwatch_log_group.ecs_service: Creation complete after 0s [id=/Symphony/Kansas/Sym-Kan-UAT-Srv][0m[0m
[0m[1maws_iam_instance_profile.ecs-ec2-role: Creation complete after 0s [id=Sym-Kan-UAT-Srv-iam-instance-profile][0m[0m
[0m[1maws_cloudwatch_metric_alarm.cpu_utilization[0]: Creation complete after 0s [id=Kansas-CPUmetrix][0m[0m
[0m[1maws_ecs_task_definition.ecs_service[3]: Creation complete after 0s [id=Sym-Kan-UAT-Srv-esindexer][0m[0m
[0m[1maws_security_group.security_group: Creation complete after 2s [id=sg-0aad1299d0b162f0f][0m[0m
[0m[1maws_alb.aws_ecs_alb: Creating...[0m[0m
[0m[1maws_ecs_cluster.ecs_cluster: Still creating... [10s elapsed][0m[0m
[0m[1maws_ecs_cluster.ecs_cluster: Creation complete after 10s [id=arn:aws:ecs:us-east-1:945116902499:cluster/Sym-Kan-UAT-Srv][0m[0m
[0m[1mdata.template_file.ecs-cluster-2: Refreshing state...[0m
[0m[1mdata.template_file.ecs-cluster: Refreshing state...[0m
[0m[1maws_launch_template.ecs-cluster-lt: Creating...[0m[0m
[0m[1maws_launch_template.ecs-cluster-lt-2[0]: Creating...[0m[0m
[0m[1maws_launch_template.ecs-cluster-lt-2[0]: Creation complete after 0s [id=lt-0de7534784e4ef994][0m[0m
[0m[1maws_launch_template.ecs-cluster-lt: Creation complete after 0s [id=lt-0cd4935a14ae5485c][0m[0m
[0m[1maws_autoscaling_group.ecs-cluster: Creating...[0m[0m
[0m[1maws_autoscaling_group.ecs-cluster-2[0]: Creating...[0m[0m
[0m[1maws_alb.aws_ecs_alb: Still creating... [10s elapsed][0m[0m
[0m[1maws_autoscaling_group.ecs-cluster: Still creating... [10s elapsed][0m[0m
[0m[1maws_autoscaling_group.ecs-cluster-2[0]: Still creating... [10s elapsed][0m[0m
[0m[1maws_alb.aws_ecs_alb: Still creating... [20s elapsed][0m[0m
[0m[1maws_autoscaling_group.ecs-cluster: Still creating... [20s elapsed][0m[0m
[0m[1maws_autoscaling_group.ecs-cluster-2[0]: Still creating... [20s elapsed][0m[0m
[0m[1maws_alb.aws_ecs_alb: Still creating... [30s elapsed][0m[0m
[0m[1maws_autoscaling_group.ecs-cluster: Still creating... [30s elapsed][0m[0m
[0m[1maws_autoscaling_group.ecs-cluster-2[0]: Still creating... [30s elapsed][0m[0m
[0m[1maws_alb.aws_ecs_alb: Still creating... [40s elapsed][0m[0m
[0m[1maws_autoscaling_group.ecs-cluster: Creation complete after 39s [id=Sym-Kan-UAT-Srv_ASG_Linux][0m[0m
[0m[1maws_autoscaling_notification.ecs_notification: Creating...[0m[0m
[0m[1maws_autoscaling_policy.ecs-cluster: Creating...[0m[0m
[0m[1maws_autoscaling_notification.ecs_notification: Creation complete after 0s [id=arn:aws:sns:us-east-1:945116902499:usage-notifications-symphony][0m[0m
[0m[1maws_autoscaling_policy.ecs-cluster: Creation complete after 0s [id=Sym-Kan-UAT-Srv_autoscaling_Linux][0m[0m
[0m[1maws_autoscaling_group.ecs-cluster-2[0]: Still creating... [40s elapsed][0m[0m
[0m[1maws_alb.aws_ecs_alb: Still creating... [50s elapsed][0m[0m
[0m[1maws_autoscaling_group.ecs-cluster-2[0]: Creation complete after 49s [id=Sym-Kan-UAT-Srv_ASG_Windows][0m[0m
[0m[1maws_autoscaling_notification.ecs_notification-2[0]: Creating...[0m[0m
[0m[1maws_autoscaling_policy.ecs-cluster-2[0]: Creating...[0m[0m
[0m[1maws_autoscaling_notification.ecs_notification-2[0]: Creation complete after 0s [id=arn:aws:sns:us-east-1:945116902499:usage-notifications-symphony][0m[0m
[0m[1maws_autoscaling_policy.ecs-cluster-2[0]: Creation complete after 1s [id=Sym-Kan-UAT-Srv_autoscaling_Windows][0m[0m
[0m[1maws_alb.aws_ecs_alb: Still creating... [1m0s elapsed][0m[0m
[0m[1maws_alb.aws_ecs_alb: Still creating... [1m10s elapsed][0m[0m
[0m[1maws_alb.aws_ecs_alb: Still creating... [1m20s elapsed][0m[0m
[0m[1maws_alb.aws_ecs_alb: Still creating... [1m30s elapsed][0m[0m
[0m[1maws_alb.aws_ecs_alb: Still creating... [1m40s elapsed][0m[0m
[0m[1maws_alb.aws_ecs_alb: Still creating... [1m50s elapsed][0m[0m
[0m[1maws_alb.aws_ecs_alb: Still creating... [2m0s elapsed][0m[0m
[0m[1maws_alb.aws_ecs_alb: Still creating... [2m10s elapsed][0m[0m
[0m[1maws_alb.aws_ecs_alb: Still creating... [2m20s elapsed][0m[0m
[0m[1maws_alb.aws_ecs_alb: Still creating... [2m30s elapsed][0m[0m
[0m[1maws_alb.aws_ecs_alb: Still creating... [2m40s elapsed][0m[0m
[0m[1maws_alb.aws_ecs_alb: Still creating... [2m50s elapsed][0m[0m
[0m[1maws_alb.aws_ecs_alb: Still creating... [3m0s elapsed][0m[0m
[0m[1maws_alb.aws_ecs_alb: Still creating... [3m10s elapsed][0m[0m
[0m[1maws_alb.aws_ecs_alb: Creation complete after 3m12s [id=arn:aws:elasticloadbalancing:us-east-1:945116902499:loadbalancer/app/Sym-Kan-UAT-Srv-ALB/5ee6ddd3e8520342][0m[0m
[0m[1maws_alb_target_group.ecs-group[3]: Creating...[0m[0m
[0m[1maws_lb_listener.httptohttps: Creating...[0m[0m
[0m[1maws_alb_target_group.ecs-group[1]: Creating...[0m[0m
[0m[1maws_alb_target_group.ecs-group[4]: Creating...[0m[0m
[0m[1maws_alb_target_group.ecs-group[0]: Creating...[0m[0m
[0m[1maws_alb_target_group.ecs-group[2]: Creating...[0m[0m
[0m[1maws_lb_listener.httptohttps: Creation complete after 0s [id=arn:aws:elasticloadbalancing:us-east-1:945116902499:listener/app/Sym-Kan-UAT-Srv-ALB/5ee6ddd3e8520342/eb9812b93127cfdd][0m[0m
[0m[1maws_alb_target_group.ecs-group[2]: Creation complete after 1s [id=arn:aws:elasticloadbalancing:us-east-1:945116902499:targetgroup/Sym-Kan-UAT-Srv-dataaudit/2f3478f0f50c29d0][0m[0m
[0m[1maws_alb_target_group.ecs-group[3]: Creation complete after 1s [id=arn:aws:elasticloadbalancing:us-east-1:945116902499:targetgroup/Sym-Kan-UAT-Srv-esindexer/b1cd4ec79fcc4646][0m[0m
[0m[1maws_alb_target_group.ecs-group[1]: Creation complete after 1s [id=arn:aws:elasticloadbalancing:us-east-1:945116902499:targetgroup/Sym-Kan-UAT-Srv-cklscrawler/048e6b67a8470113][0m[0m
[0m[1maws_alb_target_group.ecs-group[4]: Creation complete after 1s [id=arn:aws:elasticloadbalancing:us-east-1:945116902499:targetgroup/Sym-Kan-UAT-Srv-jobs/15a2e72e1edaf01b][0m[0m
[0m[1maws_alb_target_group.ecs-group[0]: Creation complete after 1s [id=arn:aws:elasticloadbalancing:us-east-1:945116902499:targetgroup/Sym-Kan-UAT-Srv-auditevents/cf63117c37ff3b60][0m[0m
[0m[1maws_alb_listener.front_end: Creating...[0m[0m
[0m[1maws_alb_listener.front_end: Creation complete after 1s [id=arn:aws:elasticloadbalancing:us-east-1:945116902499:listener/app/Sym-Kan-UAT-Srv-ALB/5ee6ddd3e8520342/20a57566c0eb8651][0m[0m
[0m[1maws_alb_listener_rule.listener_rule[1]: Creating...[0m[0m
[0m[1maws_alb_listener_rule.listener_rule[0]: Creating...[0m[0m
[0m[1maws_alb_listener_rule.listener_rule[3]: Creating...[0m[0m
[0m[1maws_alb_listener_rule.listener_rule[2]: Creating...[0m[0m
[0m[1maws_alb_listener_rule.listener_rule[0]: Creation complete after 0s [id=arn:aws:elasticloadbalancing:us-east-1:945116902499:listener-rule/app/Sym-Kan-UAT-Srv-ALB/5ee6ddd3e8520342/20a57566c0eb8651/dcccb7ee91d3a303][0m[0m
[0m[1maws_alb_listener_rule.listener_rule[2]: Creation complete after 1s [id=arn:aws:elasticloadbalancing:us-east-1:945116902499:listener-rule/app/Sym-Kan-UAT-Srv-ALB/5ee6ddd3e8520342/20a57566c0eb8651/589a58ba97f451f2][0m[0m
[0m[1maws_alb_listener_rule.listener_rule[1]: Creation complete after 2s [id=arn:aws:elasticloadbalancing:us-east-1:945116902499:listener-rule/app/Sym-Kan-UAT-Srv-ALB/5ee6ddd3e8520342/20a57566c0eb8651/d62cc5b3c47e6710][0m[0m
[0m[1maws_alb_listener_rule.listener_rule[3]: Creation complete after 4s [id=arn:aws:elasticloadbalancing:us-east-1:945116902499:listener-rule/app/Sym-Kan-UAT-Srv-ALB/5ee6ddd3e8520342/20a57566c0eb8651/623d47f7a482c80a][0m[0m
[0m[1maws_ecs_service.ecs_service[3]: Creating...[0m[0m
[0m[1maws_ecs_service.ecs_service[0]: Creating...[0m[0m
[0m[1maws_ecs_service.ecs_service[2]: Creating...[0m[0m
[0m[1maws_ecs_service.ecs_service[1]: Creating...[0m[0m
[0m[1maws_ecs_service.ecs_service[4]: Creating...[0m[0m
[0m[1maws_ecs_service.ecs_service[4]: Creation complete after 0s [id=arn:aws:ecs:us-east-1:945116902499:service/Sym-Kan-UAT-Srv-jobs][0m[0m
[0m[1maws_ecs_service.ecs_service[0]: Creation complete after 0s [id=arn:aws:ecs:us-east-1:945116902499:service/Sym-Kan-UAT-Srv-auditevents][0m[0m
[0m[1maws_ecs_service.ecs_service[1]: Creation complete after 0s [id=arn:aws:ecs:us-east-1:945116902499:service/Sym-Kan-UAT-Srv-cklscrawler][0m[0m
[0m[1maws_ecs_service.ecs_service[3]: Creation complete after 0s [id=arn:aws:ecs:us-east-1:945116902499:service/Sym-Kan-UAT-Srv-esindexer][0m[0m
[0m[1maws_ecs_service.ecs_service[2]: Creation complete after 0s [id=arn:aws:ecs:us-east-1:945116902499:service/Sym-Kan-UAT-Srv-dataaudit][0m[0m
[33m
[1m[33mWarning: [0m[0m[1mInterpolation-only expressions are deprecated[0m

[0m  on ec2_asg.tf line 73, in resource "aws_autoscaling_group" "ecs-cluster-2":
  73:   count                     = [4m"${var.second_asg ? 1 : 0}"[0m
[0m
Terraform 0.11 and earlier required all non-constant expressions to be
provided via interpolation syntax, but this pattern is now deprecated. To
silence this warning, remove the "${ sequence from the start and the }"
sequence from the end of this expression, leaving just the inner expression.

Template interpolation syntax is still used to construct strings from
expressions when the template includes multiple interpolation sequences or a
mixture of literal strings and interpolations. This deprecation applies only
to templates that consist entirely of a single interpolation sequence.

(and 41 more similar warnings elsewhere)
[0m[0m
[0m[1m[32m
Apply complete! Resources: 36 added, 0 changed, 0 destroyed.[0m
[0m[1m[32m
Outputs:

alb_output = internal-Sym-Kan-UAT-Srv-ALB-1757938862.us-east-1.elb.amazonaws.com[0m
