[0m[1mdata.template_file.ecs-tasks[0]: Refreshing state...[0m
[0m[1mdata.template_file.ecs-tasks-noalb[0]: Refreshing state...[0m
[0m[1mdata.template_file.ecs-tasks[1]: Refreshing state...[0m
[0m[1maws_iam_instance_profile.ecs-ec2-role: Creating...[0m[0m
[0m[1maws_ecs_task_definition.ecs_service[1]: Creating...[0m[0m
[0m[1maws_iam_role_policy_attachment.ecs-service-attach: Creating...[0m[0m
[0m[1maws_alb.aws_ecs_alb: Creating...[0m[0m
[0m[1maws_ecs_task_definition.ecs_service[0]: Creating...[0m[0m
[0m[1maws_ecs_cluster.ecs_cluster: Creating...[0m[0m
[0m[1maws_ecs_task_definition.ecs_service_noalb[0]: Creating...[0m[0m
[0m[1maws_cloudwatch_log_group.ecs_service: Creating...[0m[0m
[0m[1maws_ecs_task_definition.ecs_service[0]: Creation complete after 0s [id=Kan-Sym-PRD-WebApp-trace][0m[0m
[0m[1maws_ecs_task_definition.ecs_service_noalb[0]: Creation complete after 0s [id=Kan-Sym-PRD-WebApp-sqlexecutor][0m[0m
[0m[1maws_ecs_task_definition.ecs_service[1]: Creation complete after 0s [id=Kan-Sym-PRD-WebApp-webapp][0m[0m
[0m[1maws_cloudwatch_log_group.ecs_service: Creation complete after 1s [id=/Kan-Sym-PRD-WebApp/Kan-Sym-PRD-WebApp_logs][0m[0m
[0m[1maws_iam_role_policy_attachment.ecs-service-attach: Creation complete after 1s [id=ecs-service-role-20200228145158411800000001][0m[0m
[0m[1maws_iam_instance_profile.ecs-ec2-role: Creation complete after 1s [id=Kan-Sym-PRD-WebApp-iam-instance-profile][0m[0m
[0m[1maws_ecs_cluster.ecs_cluster: Still creating... [10s elapsed][0m[0m
[0m[1maws_alb.aws_ecs_alb: Still creating... [10s elapsed][0m[0m
[0m[1maws_ecs_cluster.ecs_cluster: Creation complete after 11s [id=arn:aws:ecs:us-east-1:945116902499:cluster/Kan-Sym-PRD-WebApp][0m[0m
[0m[1mdata.template_file.ecs-cluster: Refreshing state...[0m
[0m[1mdata.template_file.ecs-cluster-2: Refreshing state...[0m
[0m[1maws_launch_configuration.ecs-cluster-lc: Creating...[0m[0m
[0m[1maws_launch_configuration.ecs-cluster-lc-2[0]: Creating...[0m[0m
[0m[1maws_launch_configuration.ecs-cluster-lc-2[0]: Creation complete after 0s [id=Kan-Sym-PRD-WebApp-lc-Windows20200228145208676800000003][0m[0m
[0m[1maws_launch_configuration.ecs-cluster-lc: Creation complete after 0s [id=Kan-Sym-PRD-WebApp-lc-Linux20200228145208664800000002][0m[0m
[0m[1maws_autoscaling_group.ecs-cluster: Creating...[0m[0m
[0m[1maws_autoscaling_group.ecs-cluster-2[0]: Creating...[0m[0m
[0m[1maws_alb.aws_ecs_alb: Still creating... [20s elapsed][0m[0m
[0m[1maws_autoscaling_group.ecs-cluster-2[0]: Still creating... [10s elapsed][0m[0m
[0m[1maws_autoscaling_group.ecs-cluster: Still creating... [10s elapsed][0m[0m
[0m[1maws_alb.aws_ecs_alb: Still creating... [30s elapsed][0m[0m
[0m[1maws_autoscaling_group.ecs-cluster: Still creating... [20s elapsed][0m[0m
[0m[1maws_autoscaling_group.ecs-cluster-2[0]: Still creating... [20s elapsed][0m[0m
[0m[1maws_alb.aws_ecs_alb: Still creating... [40s elapsed][0m[0m
[0m[1maws_autoscaling_group.ecs-cluster: Still creating... [30s elapsed][0m[0m
[0m[1maws_autoscaling_group.ecs-cluster-2[0]: Still creating... [30s elapsed][0m[0m
[0m[1maws_autoscaling_group.ecs-cluster-2[0]: Creation complete after 37s [id=Kan-Sym-PRD-WebApp_asg_Windows][0m[0m
[0m[1maws_autoscaling_policy.ecs-cluster-2[0]: Creating...[0m[0m
[0m[1maws_autoscaling_policy.ecs-cluster-2[0]: Creation complete after 1s [id=Kan-Sym-PRD-WebApp_autoscaling_Windows][0m[0m
[0m[1maws_autoscaling_group.ecs-cluster: Creation complete after 38s [id=Kan-Sym-PRD-WebApp_asg_Linux][0m[0m
[0m[1maws_autoscaling_policy.ecs-cluster: Creating...[0m[0m
[0m[1maws_autoscaling_policy.ecs-cluster: Creation complete after 1s [id=Kan-Sym-PRD-WebApp_autoscaling_Linux][0m[0m
[0m[1maws_alb.aws_ecs_alb: Still creating... [50s elapsed][0m[0m
[0m[1maws_alb.aws_ecs_alb: Still creating... [1m0s elapsed][0m[0m
[0m[1maws_alb.aws_ecs_alb: Still creating... [1m10s elapsed][0m[0m
[0m[1maws_alb.aws_ecs_alb: Still creating... [1m20s elapsed][0m[0m
[0m[1maws_alb.aws_ecs_alb: Still creating... [1m30s elapsed][0m[0m
[0m[1maws_alb.aws_ecs_alb: Still creating... [1m40s elapsed][0m[0m
[0m[1maws_alb.aws_ecs_alb: Still creating... [1m50s elapsed][0m[0m
[0m[1maws_alb.aws_ecs_alb: Still creating... [2m0s elapsed][0m[0m
[0m[1maws_alb.aws_ecs_alb: Still creating... [2m10s elapsed][0m[0m
[0m[1maws_alb.aws_ecs_alb: Still creating... [2m20s elapsed][0m[0m
[0m[1maws_alb.aws_ecs_alb: Still creating... [2m30s elapsed][0m[0m
[0m[1maws_alb.aws_ecs_alb: Still creating... [2m40s elapsed][0m[0m
[0m[1maws_alb.aws_ecs_alb: Still creating... [2m50s elapsed][0m[0m
[0m[1maws_alb.aws_ecs_alb: Still creating... [3m0s elapsed][0m[0m
[0m[1maws_alb.aws_ecs_alb: Still creating... [3m10s elapsed][0m[0m
[0m[1maws_alb.aws_ecs_alb: Still creating... [3m20s elapsed][0m[0m
[0m[1maws_alb.aws_ecs_alb: Still creating... [3m30s elapsed][0m[0m
[0m[1maws_alb.aws_ecs_alb: Creation complete after 3m34s [id=arn:aws:elasticloadbalancing:us-east-1:945116902499:loadbalancer/app/Kan-Sym-PRD-WebApp-ELB/267531fe225c79f2][0m[0m
[0m[1maws_alb_target_group.ecs-group[0]: Creating...[0m[0m
[0m[1maws_lb_listener.httptohttps: Creating...[0m[0m
[0m[1maws_alb_target_group.ecs-group[1]: Creating...[0m[0m
[0m[1maws_lb_listener.httptohttps: Creation complete after 0s [id=arn:aws:elasticloadbalancing:us-east-1:945116902499:listener/app/Kan-Sym-PRD-WebApp-ELB/267531fe225c79f2/80d8130ca9c28215][0m[0m
[0m[1maws_alb_target_group.ecs-group[1]: Creation complete after 1s [id=arn:aws:elasticloadbalancing:us-east-1:945116902499:targetgroup/Kan-Sym-PRD-WebApp-webapp/f0900f49a402d10d][0m[0m
[0m[1maws_alb_target_group.ecs-group[0]: Creation complete after 1s [id=arn:aws:elasticloadbalancing:us-east-1:945116902499:targetgroup/Kan-Sym-PRD-WebApp-trace/39d28b7c4aae82a5][0m[0m
[0m[1maws_alb_listener.front_end: Creating...[0m[0m
[0m[1maws_alb_listener.front_end: Creation complete after 0s [id=arn:aws:elasticloadbalancing:us-east-1:945116902499:listener/app/Kan-Sym-PRD-WebApp-ELB/267531fe225c79f2/d66255ad724549b3][0m[0m
[0m[1maws_alb_listener_rule.listener_rule[0]: Creating...[0m[0m
[0m[1maws_alb_listener_rule.listener_rule[0]: Creation complete after 1s [id=arn:aws:elasticloadbalancing:us-east-1:945116902499:listener-rule/app/Kan-Sym-PRD-WebApp-ELB/267531fe225c79f2/d66255ad724549b3/13fc287d4cf42791][0m[0m
[0m[1maws_ecs_service.ecs_service[0]: Creating...[0m[0m
[0m[1maws_ecs_service.ecs_service[1]: Creating...[0m[0m
[0m[1maws_ecs_service.ecs_service[0]: Creation complete after 0s [id=arn:aws:ecs:us-east-1:945116902499:service/Kan-Sym-PRD-WebApp-trace][0m[0m
[0m[1maws_ecs_service.ecs_service[1]: Creation complete after 0s [id=arn:aws:ecs:us-east-1:945116902499:service/Kan-Sym-PRD-WebApp-webapp][0m[0m
[33m
[1m[33mWarning: [0m[0m[1mInterpolation-only expressions are deprecated[0m

[0m  on alb_listener.tf line 2, in resource "aws_lb_listener" "httptohttps":
   2:   load_balancer_arn = [4m"${aws_alb.aws_ecs_alb.id}"[0m
[0m
Terraform 0.11 and earlier required all non-constant expressions to be
provided via interpolation syntax, but this pattern is now deprecated. To
silence this warning, remove the "${ sequence from the start and the }"
sequence from the end of this expression, leaving just the inner expression.

Template interpolation syntax is still used to construct strings from
expressions when the template includes multiple interpolation sequences or a
mixture of literal strings and interpolations. This deprecation applies only
to templates that consist entirely of a single interpolation sequence.

(and 56 more similar warnings elsewhere)
[0m[0m
[33m
[1m[33mWarning: [0m[0m[1mQuoted references are deprecated[0m

[0m  on ecs_alb.tf line 56, in resource "aws_alb_target_group" "ecs-group":
  56:   depends_on = [[4m"aws_alb.aws_ecs_alb"[0m]
[0m
In this context, references are expected literally rather than in quotes.
Terraform 0.11 and earlier required quotes, but quoted references are now
deprecated and will be removed in a future version of Terraform. Remove the
quotes surrounding this reference to silence this warning.
[0m[0m
[0m[1m[32m
Apply complete! Resources: 21 added, 0 changed, 0 destroyed.[0m
[0m[1m[32m
Outputs:

alb_output = internal-Kan-Sym-PRD-WebApp-ELB-113457530.us-east-1.elb.amazonaws.com[0m
